------Start of DE processing------ = [10/19/20 9:30:07:898 PDT]
Exception = javax.servlet.ServletException
Source = com.ibm.ws.webcontainer.filter.FilterInstanceWrapper.doFilter
probeid = 144
Stack Dump = javax.servlet.ServletException: java.io.FileNotFoundException: SRVE0190E: File not found: /hitcount/
	at com.ibm.ws.webcontainer.filter.FilterInstanceWrapper.doFilter(FilterInstanceWrapper.java:251)
	at com.ibm.ws.webcontainer.filter.WebAppFilterChain.doFilter(WebAppFilterChain.java:90)
	at com.ibm.ws.webcontainer.filter.WebAppFilterManager.doFilter(WebAppFilterManager.java:996)
	at com.ibm.ws.webcontainer.filter.WebAppFilterManager.invokeFilters(WebAppFilterManager.java:1134)
	at com.ibm.ws.webcontainer.filter.WebAppFilterManager.invokeFilters(WebAppFilterManager.java:1005)
	at com.ibm.ws.webcontainer.webapp.WebAppRequestDispatcher.dispatch(WebAppRequestDispatcher.java:1410)
	at com.ibm.ws.webcontainer.webapp.WebAppRequestDispatcher.forward(WebAppRequestDispatcher.java:171)
	at Testing.doGet(Testing.java:38)
	at javax.servlet.http.HttpServlet.service(HttpServlet.java:687)
	at javax.servlet.http.HttpServlet.service(HttpServlet.java:790)
	at com.ibm.ws.webcontainer.servlet.ServletWrapper.service(ServletWrapper.java:1255)
	at com.ibm.ws.webcontainer.servlet.ServletWrapper.handleRequest(ServletWrapper.java:743)
	at com.ibm.ws.webcontainer.servlet.ServletWrapper.handleRequest(ServletWrapper.java:440)
	at com.ibm.ws.webcontainer.filter.WebAppFilterChain.invokeTarget(WebAppFilterChain.java:182)
	at com.ibm.ws.webcontainer.filter.WebAppFilterChain.doFilter(WebAppFilterChain.java:93)
	at com.ibm.ws.security.jaspi.JaspiServletFilter.doFilter(JaspiServletFilter.java:56)
	at com.ibm.ws.webcontainer.filter.FilterInstanceWrapper.doFilter(FilterInstanceWrapper.java:201)
	at com.ibm.ws.webcontainer.filter.WebAppFilterChain.doFilter(WebAppFilterChain.java:90)
	at com.ibm.ws.webcontainer.filter.WebAppFilterManager.doFilter(WebAppFilterManager.java:996)
	at com.ibm.ws.webcontainer.filter.WebAppFilterManager.invokeFilters(WebAppFilterManager.java:1134)
	at com.ibm.ws.webcontainer.webapp.WebApp.handleRequest(WebApp.java:4954)
	at com.ibm.ws.webcontainer.osgi.DynamicVirtualHost$2.handleRequest(DynamicVirtualHost.java:314)
	at com.ibm.ws.webcontainer.WebContainer.handleRequest(WebContainer.java:996)
	at com.ibm.ws.webcontainer.osgi.DynamicVirtualHost$2.run(DynamicVirtualHost.java:279)
	at com.ibm.ws.http.dispatcher.internal.channel.HttpDispatcherLink$TaskWrapper.run(HttpDispatcherLink.java:1023)
	at com.ibm.ws.http.dispatcher.internal.channel.HttpDispatcherLink.wrapHandlerAndExecute(HttpDispatcherLink.java:417)
	at com.ibm.ws.http.dispatcher.internal.channel.HttpDispatcherLink.ready(HttpDispatcherLink.java:376)
	at com.ibm.ws.http.channel.internal.inbound.HttpInboundLink.handleDiscrimination(HttpInboundLink.java:532)
	at com.ibm.ws.http.channel.internal.inbound.HttpInboundLink.handleNewRequest(HttpInboundLink.java:466)
	at com.ibm.ws.http.channel.internal.inbound.HttpInboundLink.processRequest(HttpInboundLink.java:331)
	at com.ibm.ws.http.channel.internal.inbound.HttpICLReadCallback.complete(HttpICLReadCallback.java:70)
	at com.ibm.ws.tcpchannel.internal.WorkQueueManager.requestComplete(WorkQueueManager.java:501)
	at com.ibm.ws.tcpchannel.internal.WorkQueueManager.attemptIO(WorkQueueManager.java:571)
	at com.ibm.ws.tcpchannel.internal.WorkQueueManager.workerRun(WorkQueueManager.java:926)
	at com.ibm.ws.tcpchannel.internal.WorkQueueManager$Worker.run(WorkQueueManager.java:1015)
	at com.ibm.ws.threading.internal.ExecutorServiceImpl$RunnableWrapper.run(ExecutorServiceImpl.java:232)
	at java.util.concurrent.ThreadPoolExecutor.runWorker(ThreadPoolExecutor.java:1149)
	at java.util.concurrent.ThreadPoolExecutor$Worker.run(ThreadPoolExecutor.java:624)
	at java.lang.Thread.run(Thread.java:748)
Caused by: java.io.FileNotFoundException: SRVE0190E: File not found: /hitcount/
	at com.ibm.ws.webcontainer.extension.DefaultExtensionProcessor.handleRequest(DefaultExtensionProcessor.java:493)
	at com.ibm.ws.webcontainer.filter.WebAppFilterChain.invokeTarget(WebAppFilterChain.java:182)
	at com.ibm.ws.webcontainer.filter.WebAppFilterChain.doFilter(WebAppFilterChain.java:93)
	at com.ibm.ws.security.jaspi.JaspiServletFilter.doFilter(JaspiServletFilter.java:56)
	at com.ibm.ws.webcontainer.filter.FilterInstanceWrapper.doFilter(FilterInstanceWrapper.java:201)
	... 38 more

Dump of callerThis
Object type = com.ibm.ws.webcontainer.filter.FilterInstanceWrapper
  FILTER_STATE_UNINITIALIZED = 0
  FILTER_STATE_INITIALIZING = 1
  FILTER_STATE_AVAILABLE = 2
  FILTER_STATE_DESTROYING = 3
  FILTER_STATE_DESTROYED = 4
  FILTER_STATE_UNAVAILABLE = 5
  _filterName = "com.ibm.ws.security.jaspi.servlet.filter"
  _filterInstance = class com.ibm.ws.security.jaspi.JaspiServletFilter@2675c590
    serialVersionUID = -1292833612206940252
    $$$tc$$$ = class com.ibm.websphere.ras.TraceComponent@205d159f
      strings[0] = "TraceComponent[com.ibm.ws.security.jaspi.JaspiServletFilter,class com.ibm.ws.security.jaspi.JaspiServletFilter,[security],com.ibm.ws.security.jaspi.internal.resources.JaspiMessages,null]"
  _filterState = 2
  nServicing = class java.util.concurrent.atomic.AtomicInteger@233ec930
    serialVersionUID = 6214790243416807050
    unsafe = class sun.misc.Unsafe@56eaa856
      theUnsafe = class sun.misc.Unsafe@56eaa856
      INVALID_FIELD_OFFSET = -1
      ARRAY_BOOLEAN_BASE_OFFSET = 16
      ARRAY_BYTE_BASE_OFFSET = 16
      ARRAY_SHORT_BASE_OFFSET = 16
      ARRAY_CHAR_BASE_OFFSET = 16
      ARRAY_INT_BASE_OFFSET = 16
      ARRAY_LONG_BASE_OFFSET = 16
      ARRAY_FLOAT_BASE_OFFSET = 16
      ARRAY_DOUBLE_BASE_OFFSET = 16
      ARRAY_OBJECT_BASE_OFFSET = 16
      ARRAY_BOOLEAN_INDEX_SCALE = 1
      ARRAY_BYTE_INDEX_SCALE = 1
      ARRAY_SHORT_INDEX_SCALE = 2
      ARRAY_CHAR_INDEX_SCALE = 2
      ARRAY_INT_INDEX_SCALE = 4
      ARRAY_LONG_INDEX_SCALE = 8
      ARRAY_FLOAT_INDEX_SCALE = 4
      ARRAY_DOUBLE_INDEX_SCALE = 8
      ARRAY_OBJECT_INDEX_SCALE = 4
      ADDRESS_SIZE = 8
    valueOffset = 12
    value = 0
    serialVersionUID = -8742448824652078965
  logger = class com.ibm.ws.logging.internal.WsLogger@98cdb41
    tc = class com.ibm.websphere.ras.TraceComponent@1a5b5c54
      strings[0] = "TraceComponent[com.ibm.ws.logging.internal.WsLogger,class com.ibm.ws.logging.internal.WsLogger,[logging],com.ibm.ws.logging.internal.resources.LoggingMessages,null]"
    ivCachedResourceBundleName = null
    ivCachedResourceBundle = null
    ivComponent = null
    ivOrganization = null
    ivProduct = null
    ivMinimumLocalizationLevelIntValue = 625
    ivTC = class com.ibm.websphere.ras.TraceComponent@787da82a
      strings[0] = "TraceComponent[com.ibm.ws.webcontainer.filter,class com.ibm.wsspi.webcontainer.logging.LoggerFactory$1,[com.ibm.ws.webcontainer.filter],null,null]"
    loggerRegistrationComponent = class java.lang.ThreadLocal@2ac7720b
      threadLocalHashCode = -443779887
      nextHashCode = class java.util.concurrent.atomic.AtomicInteger@296c0324
      HASH_INCREMENT = 1640531527
    emptyHandlers = class java.util.logging.Handler[0]
    offValue = 2147483647
    SYSTEM_LOGGER_RB_NAME = "sun.util.logging.resources.logging"
    SYSTEM_BUNDLE = class java.util.logging.Logger$LoggerBundle@7b5915f4
      resourceBundleName = "sun.util.logging.resources.logging"
      userBundle = null
    NO_RESOURCE_BUNDLE = class java.util.logging.Logger$LoggerBundle@137c4b21
      resourceBundleName = null
      userBundle = null
    manager = class com.ibm.ws.kernel.boot.logging.WsLogManager@9bec1da
      CLASS_NAME = "com.ibm.ws.kernel.boot.logging.WsLogManager"
      CONFIGURE_BY_SERVER_PROPERTY_NAME = "java.util.logging.configureByServer"
      CONFIGURE_BY_LOGGING_PROPERTIES_FILE = "java.util.logging.configureByLoggingPropertiesFile"
      configureByServer = true
      configureByLoggingProperties = false
      wsLogger = class java.lang.reflect.Constructor@5420374d
      resetEnabled = true
      svBinaryLoggingEnable = false
      manager = class com.ibm.ws.kernel.boot.logging.WsLogManager@9bec1da
      props = class java.util.Properties@1e3ef158
      defaultLevel = class java.util.logging.Level@2af37468
      listenerMap = class java.util.HashMap@16264ca5
      systemContext = class java.util.logging.LogManager$SystemLoggerContext@43e98b73
      userContext = class java.util.logging.LogManager$LoggerContext@1b750422
      rootLogger = class java.util.logging.LogManager$RootLogger@72288225
      readPrimordialConfiguration = true
      initializedGlobalHandlers = true
      deathImminent = false
      initializedCalled = true
      initializationDone = true
      contextsMap = null
      loggerRefQueue = class java.lang.ref.ReferenceQueue@564fbba1
      MAX_ITERATIONS = 400
      controlPermission = class java.util.logging.LoggingPermission@59f20008
      loggingMXBean = null
      LOGGING_MXBEAN_NAME = "java.util.logging:type=Logging"
      $assertionsDisabled = true
    name = "com.ibm.ws.webcontainer.filter"
    handlers = class java.util.concurrent.CopyOnWriteArrayList@18f8bdcc
      serialVersionUID = 8673264195747942595
      lock = class java.util.concurrent.locks.ReentrantLock@1e7dbf4a
      array = class java.lang.Object[0]
      UNSAFE = class sun.misc.Unsafe@56eaa856
      lockOffset = 12
    loggerBundle = class java.util.logging.Logger$LoggerBundle@2b3dfd92
      resourceBundleName = "com.ibm.ws.webcontainer.resources.Messages"
      userBundle = null
    useParentHandlers = true
    filter = null
    anonymous = false
    catalog = class com.ibm.ws.webcontainer.resources.Messages@5ae99e97
      resources = class [Ljava.lang.Object;[334]
      lookup = class java.util.HashMap@56c82
      INITIAL_CACHE_SIZE = 32
      NONEXISTENT_BUNDLE = class java.util.ResourceBundle$1@247fec1a
      cacheList = class java.util.concurrent.ConcurrentHashMap@db48138
      referenceQueue = class java.lang.ref.ReferenceQueue@433f0078
      parent = null
      locale = class java.util.Locale@4544d0e2
      name = "com.ibm.ws.webcontainer.resources.Messages"
      expired = false
      cacheKey = class java.util.ResourceBundle$CacheKey@687515e1
      keySet = null
      providers = null
      $assertionsDisabled = true
    catalogName = "com.ibm.ws.webcontainer.resources.Messages"
    catalogLocale = class java.util.Locale@25a62401
      LOCALECACHE = class java.util.Locale$Cache@6a155b00
      ENGLISH = class java.util.Locale@5c9ac5cd
      FRENCH = class java.util.Locale@77a3ff4c
      GERMAN = class java.util.Locale@3e1843f0
      ITALIAN = class java.util.Locale@7e15d268
      JAPANESE = class java.util.Locale@74abd4ca
      KOREAN = class java.util.Locale@1c9a0c8c
      CHINESE = class java.util.Locale@6061db2c
      SIMPLIFIED_CHINESE = class java.util.Locale@30b7c3da
      TRADITIONAL_CHINESE = class java.util.Locale@1a104c82
      FRANCE = class java.util.Locale@56a2cd20
      GERMANY = class java.util.Locale@3874d463
      ITALY = class java.util.Locale@365379a4
      JAPAN = class java.util.Locale@2e3f57b0
      KOREA = class java.util.Locale@6e34549a
      CHINA = class java.util.Locale@30b7c3da
      PRC = class java.util.Locale@30b7c3da
      TAIWAN = class java.util.Locale@1a104c82
      UK = class java.util.Locale@70fd52f3
      US = class java.util.Locale@25a62401
      CANADA = class java.util.Locale@5dce8b11
      CANADA_FRENCH = class java.util.Locale@998d5cf
      ROOT = class java.util.Locale@4544d0e2
      PRIVATE_USE_EXTENSION = x
      UNICODE_LOCALE_EXTENSION = u
      serialVersionUID = 9149081749638150636
      DISPLAY_LANGUAGE = 0
      DISPLAY_COUNTRY = 1
      DISPLAY_VARIANT = 2
      DISPLAY_SCRIPT = 3
      baseLocale = class sun.util.locale.BaseLocale@5f346873
      localeExtensions = null
      hashCodeValue = 96636889
      defaultLocale = class java.util.Locale@25a62401
      defaultDisplayLocale = null
      defaultFormatLocale = class java.util.Locale@25a62401
      languageTag = "en-US"
      serialPersistentFields = class java.io.ObjectStreamField[6]
      isoLanguages = null
      isoCountries = null
      $assertionsDisabled = true
    treeLock = class java.lang.Object@786deba4
    parent = class com.ibm.ws.logging.internal.WsLogger@3c784856
      tc = class com.ibm.websphere.ras.TraceComponent@1a5b5c54
      ivCachedResourceBundleName = "com.ibm.ws.webcontainer.resources.Messages"
      ivCachedResourceBundle = class com.ibm.ws.webcontainer.resources.Messages@4e09bed4
      ivComponent = null
      ivOrganization = null
      ivProduct = null
      ivMinimumLocalizationLevelIntValue = 625
      ivTC = class com.ibm.websphere.ras.TraceComponent@7338604a
      loggerRegistrationComponent = class java.lang.ThreadLocal@2ac7720b
      emptyHandlers = class java.util.logging.Handler[0]
      offValue = 2147483647
      SYSTEM_LOGGER_RB_NAME = "sun.util.logging.resources.logging"
      SYSTEM_BUNDLE = class java.util.logging.Logger$LoggerBundle@7b5915f4
      NO_RESOURCE_BUNDLE = class java.util.logging.Logger$LoggerBundle@137c4b21
      manager = class com.ibm.ws.kernel.boot.logging.WsLogManager@9bec1da
      name = "com.ibm.ws.webcontainer"
      handlers = class java.util.concurrent.CopyOnWriteArrayList@39f26334
      loggerBundle = class java.util.logging.Logger$LoggerBundle@5ad27728
      useParentHandlers = true
      filter = null
      anonymous = false
      catalog = class com.ibm.ws.webcontainer.resources.Messages@4e09bed4
      catalogName = "com.ibm.ws.webcontainer.resources.Messages"
      catalogLocale = class java.util.Locale@25a62401
      treeLock = class java.lang.Object@786deba4
      parent = class java.util.logging.Logger@26d9fbf1
      kids = class java.util.ArrayList@fcf9e73
      levelObject = class java.util.logging.Level@2af37468
      levelValue = 800
      callersClassLoaderRef = class java.lang.ref.WeakReference@250ea77d
      isSystemLogger = false
      GLOBAL_LOGGER_NAME = "global"
      global = class java.util.logging.Logger@66639e92
      $assertionsDisabled = true
    kids = null
    levelObject = class java.util.logging.Level@2af37468
      defaultBundle = "sun.util.logging.resources.logging"
      name = "INFO"
      value = 800
      resourceBundleName = "sun.util.logging.resources.logging"
      localizedLevelName = "INFO"
      cachedLocale = class java.util.Locale@25a62401
      OFF = class java.util.logging.Level@4d875c98
      SEVERE = class java.util.logging.Level@312c8621
      WARNING = class java.util.logging.Level@6ec74516
      INFO = class java.util.logging.Level@2af37468
      CONFIG = class java.util.logging.Level@7eb9fff7
      FINE = class java.util.logging.Level@9ad1f24
      FINER = class java.util.logging.Level@5c659dbe
      FINEST = class java.util.logging.Level@85e8cd1
      ALL = class java.util.logging.Level@39299c6a
      serialVersionUID = -8176160795706313070
    levelValue = 800
    callersClassLoaderRef = class java.lang.ref.WeakReference@3e61cb1b
      referent = class org.eclipse.osgi.internal.loader.EquinoxClassLoader@6bce4356
      queue = class java.lang.ref.ReferenceQueue$Null@456dbd91
      next = null
      discovered = null
      lock = class java.lang.ref.Reference$Lock@67a86ec6
      pending = null
    isSystemLogger = false
    GLOBAL_LOGGER_NAME = "global"
    global = class java.util.logging.Logger@66639e92
      emptyHandlers = class java.util.logging.Handler[0]
      offValue = 2147483647
      SYSTEM_LOGGER_RB_NAME = "sun.util.logging.resources.logging"
      SYSTEM_BUNDLE = class java.util.logging.Logger$LoggerBundle@7b5915f4
      NO_RESOURCE_BUNDLE = class java.util.logging.Logger$LoggerBundle@137c4b21
      manager = class com.ibm.ws.kernel.boot.logging.WsLogManager@9bec1da
      name = "global"
      handlers = class java.util.concurrent.CopyOnWriteArrayList@15e7a1b7
      loggerBundle = class java.util.logging.Logger$LoggerBundle@137c4b21
      useParentHandlers = true
      filter = null
      anonymous = false
      catalog = null
      catalogName = null
      catalogLocale = null
      treeLock = class java.lang.Object@786deba4
      parent = class java.util.logging.LogManager$RootLogger@72288225
      kids = null
      levelObject = null
      levelValue = 800
      callersClassLoaderRef = null
      isSystemLogger = true
      GLOBAL_LOGGER_NAME = "global"
      global = class java.util.logging.Logger@66639e92
      $assertionsDisabled = true
    $assertionsDisabled = true
  CLASS_NAME = "com.ibm.ws.webcontainer.filter.FilterInstanceWrapper"
  _filterEvent = null
  _filterConfig = class com.ibm.ws.webcontainer.filter.FilterConfig@4ebe7f44
    tc = class com.ibm.websphere.ras.TraceComponent@3c9e2f9d
      strings[0] = "TraceComponent[com.ibm.ws.webcontainer.filter.FilterConfig,class com.ibm.ws.webcontainer.filter.FilterConfig,[webcontainer],com.ibm.ws.webcontainer.resources.LShimMessages,null]"
    dispatchMode = null
    filterClassLoader = null
    isInternal = false
    webAppConfig = class com.ibm.ws.webcontainer.osgi.webapp.WebAppConfiguration@26bcfacd
      webModuleMetaData = class com.ibm.ws.webcontainer.osgi.metadata.WebModuleMetaDataImpl@335f8e09
      webComponentMetaData = class com.ibm.ws.webcontainer.osgi.metadata.WebComponentMetaDataImpl@54397d4
      dVirtualHost = class com.ibm.ws.webcontainer.osgi.DynamicVirtualHost@5f1d586a
      orderedLibPaths = class java.util.Collections$UnmodifiableRandomAccessList@768cbd09
      bundleHeaders = null
      cdiEnabled = true
      CLASS_NAME = "com.ibm.ws.webcontainer.webapp.WebAppConfiguration"
      logger = class com.ibm.ws.logging.internal.WsLogger@2db0f813
      tc = class com.ibm.websphere.ras.TraceComponent@78bbd471
      nls = class com.ibm.ejs.ras.TraceNLS@34d42746
      version = 30
      contextRoot = "/DefaultWebApplication"
      isDefaultContextRootUsed = false
      sessionTimeout = 0
      moduleSessionTimeoutSet = false
      moduleSessionTrackingModeSet = false
      sessionCookieConfig = class com.ibm.ws.session.SessionCookieConfigImpl@27a3b020
      hasProgrammaticCookieConfig = false
      sessionDefaultTrackingModeSet = class java.util.RegularEnumSet@4f6d0ba7
      sessionManagerConfig = class com.ibm.ws.session.SessionManagerConfig@65370239
      displayName = "Default Web Application"
      description = "This is the IBM WebSphere Application Server Default Web Application."
      reloadInterval = 3
      distributable = false
      denyUncoveredHttpMethods = false
      reloadingEnabled = true
      serveServletsByClassnameEnabled = false
      defaultErrorPage = null
      additionalClassPath = null
      fileServingEnabled = null
      directoryBrowsingEnabled = false
      autoRequestEncoding = false
      autoResponseEncoding = false
      autoLoadFilters = false
      requestListeners = null
      requestAttributeListeners = null
      sessionListeners = null
      localeMap = null
      moduleName = "DefaultWebApplication-0.0.1-SNAPSHOT"
      j2eeModuleName = "DefaultWebApplication-0.0.1-SNAPSHOT.war"
      moduleId = null
      isSyncToThreadEnabled = false
      encodeDispatchedRequestURI = false
      isSystemApp = false
      ardEnabled = false
      ardDispatchType = null
      listeners = class java.util.ArrayList@704ce7ce
      welcomeFileList = class java.util.ArrayList@4a547b57
      servletMappings = class java.util.HashMap@6dc37189
      lastIndexBeforeDeclaredFilters = 1
      filterMappings = class java.util.ArrayList@30b880c2
      servletInfo = class java.util.concurrent.ConcurrentHashMap@27dd738c
      filterInfo = class java.util.HashMap@4eba2ae3
      mimeMappings = class java.util.HashMap@38035584
      mimeFilters = null
      isMimeFilteringEnabled = false
      theWebGroup = null
      jspAttributes = class java.util.HashMap@4cc96cd6
      fileServingAttributes = class java.util.HashMap@c427d0
      invokerAttributes = class java.util.HashMap@1fb6e819
      contextParams = class java.util.HashMap@3dbb311e
      virtualHost = "default_host"
      exceptionErrorPages = class java.util.HashMap@3a9355a3
      codeErrorPages = class java.util.HashMap@1bc80f86
      tagLibList = null
      precompileJsps = false
      webApp = class com.ibm.ws.webcontainer31.osgi.webapp.WebApp31@31685a66
      virtualHostList = class java.util.Collections$EmptyList@3396cac6
      appStartupWeight = 0
      moduleStartupWeight = 0
      metaDataComplete = false
      classesToScan = class java.util.ArrayList@57c13e6b
      uriFilterMappingInfos = class java.util.ArrayList@775f477d
      servletFilterMappingInfos = null
      dynamicServletRegistrationMap = null
      applicationName = "DefaultWebApplication"
      libBinPathList = class java.util.ArrayList@2c30d22f
      webXmlDefinedListeners = class java.util.HashSet@2975ed95
      allRefs = class java.util.EnumMap@7719acb6
      allRefBindings = class java.util.EnumMap@7a707987
      envEntryValues = class java.util.HashMap@507b6d4c
      resourceRefConfigList = class com.ibm.ws.resource.internal.ResourceRefConfigListImpl@56643b93
      disallowAllFileServingProp = "false"
      disallowServeServletsByClassnameProp = "true"
      disableStaticMappingCache = false
      jspCachedLocations = class java.util.HashMap@6c2251f5
      primedSTSHeader = "NoValue"
      enablemultireadofpostdata = false
      requestEncoding = null
      responseEncoding = null
      NULLSERVLETNAME = "com.ibm.ws.webcontainer.NullServletName"
      _id = "WebAppGeneratedId5"
      _attributes = null
      serialVersionUID = 7511545662945734886
      $$$tc$$$ = class com.ibm.websphere.ras.TraceComponent@7cfd8908
    filter = null
    filterClass = class java.lang.Class@43eb476
      ANNOTATION = 8192
      ENUM = 16384
      SYNTHETIC = 4096
      cachedConstructor = null
      newInstanceCallerCache = null
      name = "com.ibm.ws.security.jaspi.JaspiServletFilter"
      allPermDomain = class java.security.ProtectionDomain@42e16be2
      useCaches = true
      reflectionData = class java.lang.ref.SoftReference@74f0fd1f
      classRedefinedCount = 0
      genericInfo = class sun.reflect.generics.repository.ClassRepository@2bc06056
      serialVersionUID = 3206093459760846163
      serialPersistentFields = class java.io.ObjectStreamField[0]
      reflectionFactory = class sun.reflect.ReflectionFactory@6249691c
      initted = true
      enumConstants = null
      enumConstantDirectory = null
      annotationData = class java.lang.Class$AnnotationData@75c35ad3
      annotationType = null
      classValueMap = null
    urlPatternMappings = class java.util.ArrayList@f6f0ee
      serialVersionUID = 8683452581122892189
      DEFAULT_CAPACITY = 10
      EMPTY_ELEMENTDATA = class java.lang.Object[0]
      DEFAULTCAPACITY_EMPTY_ELEMENTDATA = class java.lang.Object[0]
      elementData = class java.lang.Object[10]
      size = 1
      MAX_ARRAY_SIZE = 2147483639
      modCount = 1
      MAX_ARRAY_SIZE = 2147483639
    servletNameMappings = null
    nls = class com.ibm.ejs.ras.TraceNLS@3339a08c
      resolver = class com.ibm.ws.logging.internal.TraceNLSResolver@1761fe8f
      finder = class com.ibm.ws.logging.internal.StackFinder@3fa31fcd
      ivBundleName = "com.ibm.ws.webcontainer.resources.Messages"
      caller = class java.lang.Class@4c57609c
    logger = class com.ibm.ws.logging.internal.WsLogger@4feb29e9
      tc = class com.ibm.websphere.ras.TraceComponent@1a5b5c54
      ivCachedResourceBundleName = "com.ibm.ws.webcontainer.resources.Messages"
      ivCachedResourceBundle = class com.ibm.ws.webcontainer.resources.Messages@4e09bed4
      ivComponent = null
      ivOrganization = null
      ivProduct = null
      ivMinimumLocalizationLevelIntValue = 625
      ivTC = class com.ibm.websphere.ras.TraceComponent@213d440c
      loggerRegistrationComponent = class java.lang.ThreadLocal@2ac7720b
      emptyHandlers = class java.util.logging.Handler[0]
      offValue = 2147483647
      SYSTEM_LOGGER_RB_NAME = "sun.util.logging.resources.logging"
      SYSTEM_BUNDLE = class java.util.logging.Logger$LoggerBundle@7b5915f4
      NO_RESOURCE_BUNDLE = class java.util.logging.Logger$LoggerBundle@137c4b21
      manager = class com.ibm.ws.kernel.boot.logging.WsLogManager@9bec1da
      name = "com.ibm.ws.webcontainer.servlet"
      handlers = class java.util.concurrent.CopyOnWriteArrayList@eca24ab
      loggerBundle = class java.util.logging.Logger$LoggerBundle@74a7acee
      useParentHandlers = true
      filter = null
      anonymous = false
      catalog = class com.ibm.ws.webcontainer.resources.Messages@4e09bed4
      catalogName = "com.ibm.ws.webcontainer.resources.Messages"
      catalogLocale = class java.util.Locale@25a62401
      treeLock = class java.lang.Object@786deba4
      parent = class com.ibm.ws.logging.internal.WsLogger@3c784856
      kids = null
      levelObject = class java.util.logging.Level@2af37468
      levelValue = 800
      callersClassLoaderRef = class java.lang.ref.WeakReference@770c1234
      isSystemLogger = false
      GLOBAL_LOGGER_NAME = "global"
      global = class java.util.logging.Logger@66639e92
      $assertionsDisabled = true
    CLASS_NAME = "com.ibm.ws.webcontainer.servlet.TargetConfig"
    initParams = null
    fileName = null
    displayName = "com.ibm.ws.security.jaspi.servlet.filter"
    name = "com.ibm.ws.security.jaspi.servlet.filter"
    description = null
    smallIcon = null
    largeIcon = null
    context = class com.ibm.ws.webcontainer31.facade.ServletContextFacade31@782dc17a
      context = class com.ibm.ws.webcontainer31.osgi.webapp.WebApp31@31685a66
    className = null
    asyncSupported = true
    _id = "com.ibm.ws.security.jaspi.servlet.filter"
    _attributes = null
    serialVersionUID = 7511545662945734886
    $$$tc$$$ = class com.ibm.websphere.ras.TraceComponent@7cfd8908
      strings[0] = "TraceComponent[com.ibm.ws.container.BaseConfiguration,class com.ibm.ws.container.BaseConfiguration,[],null,null]"
  _eventSource = class com.ibm.ws.webcontainer.webapp.WebAppEventSource@388dbb4
    _invocationListeners = class com.ibm.ws.webcontainer.util.EventListeners@1897946c
      EMPTY_LISTENERS = interface java.util.EventListener[0]
      logger = class com.ibm.ws.logging.internal.WsLogger@2be220cc
      CLASS_NAME = "com.ibm.ws.webcontainer.util.EventListeners"
      listeners = interface java.util.EventListener[0]
    _servletListeners = class com.ibm.ws.webcontainer.util.EventListeners@ea7b015
      EMPTY_LISTENERS = interface java.util.EventListener[0]
      logger = class com.ibm.ws.logging.internal.WsLogger@2be220cc
      CLASS_NAME = "com.ibm.ws.webcontainer.util.EventListeners"
      listeners = interface java.util.EventListener[0]
    _errorListeners = class com.ibm.ws.webcontainer.util.EventListeners@79277d59
      EMPTY_LISTENERS = interface java.util.EventListener[0]
      logger = class com.ibm.ws.logging.internal.WsLogger@2be220cc
      CLASS_NAME = "com.ibm.ws.webcontainer.util.EventListeners"
      listeners = interface java.util.EventListener[0]
    _applicationListeners = class com.ibm.ws.webcontainer.util.EventListeners@5d27869d
      EMPTY_LISTENERS = interface java.util.EventListener[0]
      logger = class com.ibm.ws.logging.internal.WsLogger@2be220cc
      CLASS_NAME = "com.ibm.ws.webcontainer.util.EventListeners"
      listeners = interface java.util.EventListener[0]
    _filterInvocationListeners = class com.ibm.ws.webcontainer.util.EventListeners@79374da1
      EMPTY_LISTENERS = interface java.util.EventListener[0]
      logger = class com.ibm.ws.logging.internal.WsLogger@2be220cc
      CLASS_NAME = "com.ibm.ws.webcontainer.util.EventListeners"
      listeners = interface java.util.EventListener[0]
    _filterListeners = class com.ibm.ws.webcontainer.util.EventListeners@4aa37d8a
      EMPTY_LISTENERS = interface java.util.EventListener[0]
      logger = class com.ibm.ws.logging.internal.WsLogger@2be220cc
      CLASS_NAME = "com.ibm.ws.webcontainer.util.EventListeners"
      listeners = interface java.util.EventListener[0]
    _filterErrorListeners = class com.ibm.ws.webcontainer.util.EventListeners@82c1c32
      EMPTY_LISTENERS = interface java.util.EventListener[0]
      logger = class com.ibm.ws.logging.internal.WsLogger@2be220cc
      CLASS_NAME = "com.ibm.ws.webcontainer.util.EventListeners"
      listeners = interface java.util.EventListener[0]
  _managedObject = class com.ibm.ws.cdi.impl.managedobject.CDIManagedObject@562af5bc
    tc = class com.ibm.websphere.ras.TraceComponent@12b49b7c
      strings[0] = "TraceComponent[com.ibm.ws.cdi.impl.managedobject.CDIManagedObject,class com.ibm.ws.cdi.impl.managedobject.CDIManagedObject,[JCDI],com.ibm.ws.cdi.impl.resources.CDI,null]"
    managedObject = class com.ibm.ws.security.jaspi.JaspiServletFilter@2675c590
    creationalContext = class org.jboss.weld.context.CreationalContextImpl@417a5880
      serialVersionUID = 7375854583908262422
      SERIALIZATION_PROXY = class org.jboss.weld.context.CreationalContextImpl$SerializationProxy@78f781e8
      incompleteInstances = null
      contextual = null
      dependentInstances = class java.util.Collections$SynchronizedRandomAccessList@6b0d7ec3
      parentDependentInstances = class java.util.Collections$SynchronizedRandomAccessList@822dbf7
      parentCreationalContext = null
      resourceReferences = null
      constructorInterceptionSuppressed = false
      aroundConstructCallbacks = null
      aroundConstructInterceptionContext = null
    injectionTarget = class org.jboss.weld.injection.producer.BeanInjectionTarget@40fcc206
      bean = null
      beanManager = class org.jboss.weld.manager.BeanManagerImpl@59bb8ed5
      type = class org.jboss.weld.annotated.slim.backed.BackedAnnotatedType@47581b76
      injectionPoints = class java.util.Collections$UnmodifiableSet@3b4eab01
      instantiator = class org.jboss.weld.injection.producer.DefaultInstantiator@6295e6e8
      injector = class org.jboss.weld.injection.producer.ResourceInjector@67dd1149
      invoker = class org.jboss.weld.injection.producer.DefaultLifecycleCallbackInvoker@60d9356f
    lifecycleManaged = true
    beanScope = null
    identity = "com.ibm.ws.security.jaspi.JaspiServletFilter@2675c590"
    websphereInjectionServices = class com.ibm.ws.cdi.impl.weld.injection.WebSphereInjectionServicesImpl@629a2cd0
      tc = class com.ibm.websphere.ras.TraceComponent@2adc5b40
      ANNOTATIONS_KNOWN_TO_WELD = class java.util.HashSet@2e424b32
      referenceContextMap = class java.util.HashMap@7ead66f
      referenceContexts = class java.util.HashSet@68100183
      injectionTargetListeners = class java.util.concurrent.ConcurrentHashMap@2cb72e21
      deployment = class com.ibm.ws.cdi.impl.weld.WebSphereCDIDeploymentImpl@1010fb5e
      serialVersionUID = 2515575801175940133
    currentInjectionTargets = null
    currentInjectionContext = null
    serialVersionUID = 642874158156701263

