------Start of DE processing------ = [10/19/20 10:52:23:570 PDT]
Exception = java.lang.NullPointerException
Source = com.ibm.ws.container.service.state.internal.ApplicationStateManager
probeid = 72
Stack Dump = java.lang.NullPointerException
	at com.ibm.ws.cdi.liberty.CDIRuntimeImpl.applicationStopped(CDIRuntimeImpl.java:468)
	at com.ibm.ws.container.service.state.internal.ApplicationStateManager.fireStopped(ApplicationStateManager.java:71)
	at com.ibm.ws.container.service.state.internal.StateChangeServiceImpl.fireApplicationStopped(StateChangeServiceImpl.java:65)
	at com.ibm.ws.app.manager.module.internal.SimpleDeployedAppInfoBase.uninstallApp(SimpleDeployedAppInfoBase.java:501)
	at com.ibm.ws.app.manager.module.internal.DeployedAppInfoBase.deployModules(DeployedAppInfoBase.java:431)
	at com.ibm.ws.app.manager.module.internal.DeployedAppInfoBase.deployApp(DeployedAppInfoBase.java:415)
	at com.ibm.ws.app.manager.ear.internal.EARApplicationHandlerImpl.install(EARApplicationHandlerImpl.java:76)
	at com.ibm.ws.app.manager.internal.statemachine.StartAction.execute(StartAction.java:140)
	at com.ibm.ws.app.manager.internal.statemachine.ApplicationStateMachineImpl.enterState(ApplicationStateMachineImpl.java:1258)
	at com.ibm.ws.app.manager.internal.statemachine.ApplicationStateMachineImpl.run(ApplicationStateMachineImpl.java:873)
	at com.ibm.ws.threading.internal.ExecutorServiceImpl$RunnableWrapper.run(ExecutorServiceImpl.java:232)
	at java.util.concurrent.ThreadPoolExecutor.runWorker(ThreadPoolExecutor.java:1149)
	at java.util.concurrent.ThreadPoolExecutor$Worker.run(ThreadPoolExecutor.java:624)
	at java.lang.Thread.run(Thread.java:748)

Dump of callerThis
Object type = com.ibm.ws.container.service.state.internal.ApplicationStateManager
  serialVersionUID = -6685368059484454124
  $$$tc$$$ = class com.ibm.websphere.ras.TraceComponent@7dd5b3ce
    strings[0] = "TraceComponent[com.ibm.ws.container.service.state.internal.ApplicationStateManager,class com.ibm.ws.container.service.state.internal.ApplicationStateManager,[Runtime],,null]"
  listeners = class com.ibm.wsspi.kernel.service.utils.ConcurrentServiceReferenceSet@56b455ff
    referenceName = "applicationStateListeners"
    contextRef = class java.util.concurrent.atomic.AtomicReference@60143227
      serialVersionUID = -1848883965231344442
      unsafe = class sun.misc.Unsafe@7cb29289
      valueOffset = 12
      value = class org.apache.felix.scr.impl.manager.ComponentContextImpl@2adbd685
    elementMap = class java.util.LinkedHashMap@147b8877
      serialVersionUID = 3801124242820219131
      head = class java.util.LinkedHashMap$Entry@42d0bd06
      tail = class java.util.LinkedHashMap$Entry@fb5f1a
      accessOrder = false
      serialVersionUID = 362498820763181265
      DEFAULT_INITIAL_CAPACITY = 16
      MAXIMUM_CAPACITY = 1073741824
      DEFAULT_LOAD_FACTOR = 0.75
      TREEIFY_THRESHOLD = 8
      UNTREEIFY_THRESHOLD = 6
      MIN_TREEIFY_CAPACITY = 64
      table = class java.util.HashMap$Node[16]
      entrySet = null
      size = 10
      modCount = 12
      threshold = 12
      loadFactor = 0.75
      keySet = null
      values = null
    elementSet = class java.util.concurrent.ConcurrentSkipListSet@6eaf7795
      serialVersionUID = -2479143111061671589
      m = class java.util.concurrent.ConcurrentSkipListMap@64cd8635
      UNSAFE = class sun.misc.Unsafe@7cb29289
      mapOffset = 12
      MAX_ARRAY_SIZE = 2147483639
    elementSetUnsorted = false
    serialVersionUID = 756240983881166148
    $$$tc$$$ = class com.ibm.websphere.ras.TraceComponent@64bdcc02
      strings[0] = "TraceComponent[com.ibm.wsspi.kernel.service.utils.ConcurrentServiceReferenceSet,class com.ibm.wsspi.kernel.service.utils.ConcurrentServiceReferenceSet,[kernelUtils],com.ibm.ws.kernel.service.utils.resources.ServiceMessages,null]"
  serialVersionUID = 2284273176985484160
  $$$tc$$$ = class com.ibm.websphere.ras.TraceComponent@25e0e64b
    strings[0] = "TraceComponent[com.ibm.ws.container.service.state.internal.StateChangeManager,class com.ibm.ws.container.service.state.internal.StateChangeManager,[Runtime],,null]"

Dump of objectArray[0]
Object type = com.ibm.ws.container.service.app.deploy.internal.EARApplicationInfoImpl
  libDirContainer = null
  appClassLoaderFactory = class com.ibm.ws.app.manager.ear.internal.EARDeployedAppInfo@3a1ff524
    _tc = class com.ibm.websphere.ras.TraceComponent@69241d76
      strings[0] = "TraceComponent[com.ibm.ws.app.manager.ear.internal.EARDeployedAppInfo,class com.ibm.ws.app.manager.ear.internal.EARDeployedAppInfo,[webcontainer, applications, app.manager],com.ibm.ws.app.manager.war.internal.resources.Messages,null]"
    webModuleHandler = class com.ibm.ws.app.manager.web.internal.WebModuleHandlerImpl@65cd471d
      serialVersionUID = 4795602325763828210
      $$$tc$$$ = class com.ibm.websphere.ras.TraceComponent@2fba6b7e
      futureMonitor = class com.ibm.ws.threading.internal.FutureMonitorImpl@2e60d162
      metaDataService = class com.ibm.ws.container.service.metadata.internal.MetaDataServiceImpl@22a53633
      stateChangeService = class com.ibm.ws.container.service.state.internal.StateChangeServiceImpl@793e873d
      moduleRuntimeContainer = class com.ibm.ws.webcontainer.osgi.WebContainer@5193bf8a
      firstFailure = null
      serialVersionUID = -4563697739413190872
      $$$tc$$$ = class com.ibm.websphere.ras.TraceComponent@5819b46b
    ejbModuleHandler = class com.ibm.ws.app.manager.ejb.internal.EJBModuleHandlerImpl@472b4e36
      serialVersionUID = -7565480556967880274
      $$$tc$$$ = class com.ibm.websphere.ras.TraceComponent@19294cec
      futureMonitor = class com.ibm.ws.threading.internal.FutureMonitorImpl@2e60d162
      metaDataService = class com.ibm.ws.container.service.metadata.internal.MetaDataServiceImpl@22a53633
      stateChangeService = class com.ibm.ws.container.service.state.internal.StateChangeServiceImpl@793e873d
      moduleRuntimeContainer = class com.ibm.ws.ejbcontainer.osgi.internal.EJBModuleRuntimeContainerImpl@21316a66
      firstFailure = null
      serialVersionUID = -4563697739413190872
      $$$tc$$$ = class com.ibm.websphere.ras.TraceComponent@5819b46b
    clientModuleHandler = class com.ibm.ws.app.manager.client.internal.ClientModuleHandlerImpl@701c1d95
      serialVersionUID = 3866350234674502396
      $$$tc$$$ = class com.ibm.websphere.ras.TraceComponent@8de0603
      futureMonitor = class com.ibm.ws.threading.internal.FutureMonitorImpl@2e60d162
      metaDataService = class com.ibm.ws.container.service.metadata.internal.MetaDataServiceImpl@22a53633
      stateChangeService = class com.ibm.ws.container.service.state.internal.StateChangeServiceImpl@793e873d
      moduleRuntimeContainer = class com.ibm.ws.clientcontainer.internal.ClientModuleRuntimeContainer@7f1ebfdf
      firstFailure = null
      serialVersionUID = -4563697739413190872
      $$$tc$$$ = class com.ibm.websphere.ras.TraceComponent@5819b46b
    connectorModuleHandler = class com.ibm.ws.app.manager.connector.internal.ConnectorModuleHandlerImpl@47c89678
      tc = class com.ibm.websphere.ras.TraceComponent@4d31206d
      serialVersionUID = -6753591388573849049
      futureMonitor = class com.ibm.ws.threading.internal.FutureMonitorImpl@2e60d162
      metaDataService = class com.ibm.ws.container.service.metadata.internal.MetaDataServiceImpl@22a53633
      stateChangeService = class com.ibm.ws.container.service.state.internal.StateChangeServiceImpl@793e873d
      moduleRuntimeContainer = class com.ibm.ws.jca.internal.ConnectorModuleRuntimeContainer@583284bc
      firstFailure = null
      serialVersionUID = -4563697739413190872
      $$$tc$$$ = class com.ibm.websphere.ras.TraceComponent@5819b46b
    moduleMetaDataExtenders = class java.util.concurrent.ConcurrentHashMap@4832c433
      serialVersionUID = 7249069246763182397
      MAXIMUM_CAPACITY = 1073741824
      DEFAULT_CAPACITY = 16
      MAX_ARRAY_SIZE = 2147483639
      DEFAULT_CONCURRENCY_LEVEL = 16
      LOAD_FACTOR = 0.75
      TREEIFY_THRESHOLD = 8
      UNTREEIFY_THRESHOLD = 6
      MIN_TREEIFY_CAPACITY = 64
      MIN_TRANSFER_STRIDE = 16
      RESIZE_STAMP_BITS = 16
      MAX_RESIZERS = 65535
      RESIZE_STAMP_SHIFT = 16
      MOVED = -1
      TREEBIN = -2
      RESERVED = -3
      HASH_BITS = 2147483647
      NCPU = 4
      serialPersistentFields = class java.io.ObjectStreamField[3]
      table = class java.util.concurrent.ConcurrentHashMap$Node[16]
      nextTable = null
      baseCount = 4
      sizeCtl = 12
      transferIndex = 0
      cellsBusy = 0
      counterCells = null
      keySet = null
      values = null
      entrySet = null
      U = class sun.misc.Unsafe@7cb29289
      SIZECTL = 20
      TRANSFERINDEX = 32
      BASECOUNT = 24
      CELLSBUSY = 36
      CELLVALUE = 144
      ABASE = 16
      ASHIFT = 2
      keySet = null
      values = null
    nestedModuleMetaDataFactories = class java.util.concurrent.ConcurrentHashMap@557569fd
      serialVersionUID = 7249069246763182397
      MAXIMUM_CAPACITY = 1073741824
      DEFAULT_CAPACITY = 16
      MAX_ARRAY_SIZE = 2147483639
      DEFAULT_CONCURRENCY_LEVEL = 16
      LOAD_FACTOR = 0.75
      TREEIFY_THRESHOLD = 8
      UNTREEIFY_THRESHOLD = 6
      MIN_TREEIFY_CAPACITY = 64
      MIN_TRANSFER_STRIDE = 16
      RESIZE_STAMP_BITS = 16
      MAX_RESIZERS = 65535
      RESIZE_STAMP_SHIFT = 16
      MOVED = -1
      TREEBIN = -2
      RESERVED = -3
      HASH_BITS = 2147483647
      NCPU = 4
      serialPersistentFields = class java.io.ObjectStreamField[3]
      table = class java.util.concurrent.ConcurrentHashMap$Node[16]
      nextTable = null
      baseCount = 4
      sizeCtl = 12
      transferIndex = 0
      cellsBusy = 0
      counterCells = null
      keySet = null
      values = null
      entrySet = null
      U = class sun.misc.Unsafe@7cb29289
      SIZECTL = 20
      TRANSFERINDEX = 32
      BASECOUNT = 24
      CELLSBUSY = 36
      CELLVALUE = 144
      ABASE = 16
      ASHIFT = 2
      keySet = null
      values = null
    appMBeanRuntime = class com.ibm.ws.app.management.j2ee.internal.DeployedAppMBeanRuntimeImpl@45152673
      context = class org.eclipse.osgi.internal.framework.BundleContextImpl@356f5d76
      locationAdmin = class com.ibm.ws.kernel.service.location.internal.WsLocationAdminImpl@7e15a9f8
      serialVersionUID = 2277502546895782308
      $$$tc$$$ = class com.ibm.websphere.ras.TraceComponent@314251cd
    applicationDD = class com.ibm.ws.javaee.ddmodel.app.ApplicationType@466d13ff
      version = class com.ibm.ws.javaee.ddmodel.TokenType@353fa8ce
      application_name = null
      description = class com.ibm.ws.javaee.ddmodel.common.DescriptionType$ListType@2c12b101
      display_name = class com.ibm.ws.javaee.ddmodel.common.DisplayNameType$ListType@2678131b
      icon = null
      initialize_in_order = null
      module = class com.ibm.ws.javaee.ddmodel.app.ApplicationType$ModuleType$ListType@5ddd17a
      security_role = class com.ibm.ws.javaee.ddmodel.common.SecurityRoleType$ListType@4dec60d7
      library_directory = null
      message_destination = null
      contextRootToWebMap = null
      roleNameToSecurityRoleMap = null
      path = "META-INF/application.xml"
      idMap = class com.ibm.ws.javaee.ddmodel.DDParser$ComponentIDMap@74cf5ad2
      serialVersionUID = -3971088979249128444
      $$$tc$$$ = class com.ibm.websphere.ras.TraceComponent@7255d078
      env_entry = null
      ejb_ref = null
      ejb_local_ref = null
      resource_ref = null
      resource_env_ref = null
      message_destination_ref = null
      persistence_context_ref = null
      persistence_unit_ref = null
      data_source = null
      jms_connection_factory = null
      jms_destination = null
      mail_session = null
      connection_factory = null
      administered_object = null
      serialVersionUID = 8931982405528922228
      $$$tc$$$ = class com.ibm.websphere.ras.TraceComponent@3048f636
      service_ref = null
      serialVersionUID = -6199862059825607270
      $$$tc$$$ = class com.ibm.websphere.ras.TraceComponent@57a2afa8
      nilled = false
      serialVersionUID = -2826386306561723362
      $$$tc$$$ = class com.ibm.websphere.ras.TraceComponent@7f82cf3c
    preferredName = "DefaultApplication"
    earLibDeploymentInfo = null
    appClassLoaderId = class com.ibm.ws.classloading.serializable.ClassLoaderIdentityImpl@18a0445d
      serialVersionUID = 1
      DOMAIN = "D"
      ID = "I"
      serialPersistentFields = class java.io.ObjectStreamField[2]
      SEPARATOR = ":"
      domain = "EARApplication"
      id = "DefaultApplication"
      $$$tc$$$ = class com.ibm.websphere.ras.TraceComponent@44bff895
    altDDSupportEnabled = true
    preExpansionEarContainer = null
    classpathContainerInfos = class java.util.ArrayList@6664fc35
      serialVersionUID = 8683452581122892189
      DEFAULT_CAPACITY = 10
      EMPTY_ELEMENTDATA = class java.lang.Object[0]
      DEFAULTCAPACITY_EMPTY_ELEMENTDATA = class java.lang.Object[0]
      elementData = class java.lang.Object[0]
      size = 0
      MAX_ARRAY_SIZE = 2147483639
      modCount = 0
      MAX_ARRAY_SIZE = 2147483639
    appClassLoader = class com.ibm.ws.classloading.internal.AppClassLoader@f0b0d81
    protectionDomain = class java.security.ProtectionDomain@a2e7834
      codesource = class java.security.CodeSource@53a3513e
      classloader = null
      principals = interface java.security.Principal[0]
      permissions = class java.security.Permissions@bb84d01
      hasAllPerm = true
      staticPermissions = true
      key = class java.security.ProtectionDomain$Key@3460cb81
      debug = null
    mbeanServiceReg = null
    CONTEXT_ROOT = "context-root"
    DEFAULT_CLIENT_MODULE = "defaultClientModule"
    initializeInOrder = false
    connectorModuleCount = 0
    ejbModuleCount = 0
    defaultClientModule = null
    EJB_ANNOTATIONS = class java.util.ArrayList@24727065
      serialVersionUID = 8683452581122892189
      DEFAULT_CAPACITY = 10
      EMPTY_ELEMENTDATA = class java.lang.Object[0]
      DEFAULTCAPACITY_EMPTY_ELEMENTDATA = class java.lang.Object[0]
      elementData = class java.lang.Object[10]
      size = 4
      MAX_ARRAY_SIZE = 2147483639
      modCount = 4
      MAX_ARRAY_SIZE = 2147483639
    DYNAMIC_IMPORT_PACKAGE_LIST = class java.util.Collections$UnmodifiableRandomAccessList@3eea5a1a
      serialVersionUID = -2542308836966382001
      serialVersionUID = -283967356065247728
      list = class java.util.Arrays$ArrayList@565bd504
      serialVersionUID = 1820017752578914078
      c = class java.util.Arrays$ArrayList@565bd504
    serialVersionUID = 8207829731839157626
    _tc = class com.ibm.websphere.ras.TraceComponent@23c06e88
      strings[0] = "TraceComponent[com.ibm.ws.app.manager.module.internal.DeployedAppInfoBase,class com.ibm.ws.app.manager.module.internal.DeployedAppInfoBase,[app.manager],com.ibm.ws.app.manager.module.internal.resources.Messages,null]"
    PERMISSION_XML = "permissions.xml"
    applicationInformation = class com.ibm.ws.app.manager.internal.ApplicationInstallInfo@7e70487e
    location = "/home/ibmdemo/DefaultApplication/sample.DefaultApplication/modernized/DefaultApplication-ear/target/liberty/wlp/usr/servers/DefaultApplicationServer/apps/DefaultApplication.ear"
    classLoadingService = class com.ibm.ws.classloading.internal.ClassLoadingServiceImpl@5013f81d
      tc = class com.ibm.websphere.ras.TraceComponent@3c997aeb
      leakDetectionMap = class java.util.HashMap@6caba74d
      TCCL_LOCK_WAIT = 15000
      REFERENCE_GENERATORS = "generators"
      bundleContext = class org.eclipse.osgi.internal.framework.BundleContextImpl@1b17dfc3
      aclStore = class com.ibm.ws.classloading.internal.util.CanonicalStore@5455f172
      tcclStore = class com.ibm.ws.classloading.internal.util.CanonicalStore@7c592b9e
      tcclStoreLock = class java.util.concurrent.locks.ReentrantLock@38e2728b
      digraph = class org.eclipse.equinox.internal.region.StandardRegionDigraph@9c23b15
      redefiner = class com.ibm.ws.classloading.internal.util.ClassRedefiner@63f4572d
      listener = class com.ibm.ws.classloading.internal.ClassLoadingServiceImpl$1@72e7853e
      classloaders = class java.util.Collections$SynchronizedMap@47574527
      resourceProviders = class com.ibm.ws.classloading.internal.CompositeResourceProvider@6c8a116c
      rememberedBundles = class java.util.concurrent.ConcurrentHashMap@7488857b
      collectedBundles = class java.lang.ref.ReferenceQueue@3a8820a1
      generatorRefs = class com.ibm.wsspi.kernel.service.utils.ConcurrentServiceReferenceSet@470b24aa
      generatorManager = class com.ibm.ws.classloading.internal.ClassGeneratorManager@1e7c06f5
      appExtLibs = class java.util.concurrent.CopyOnWriteArrayList@7bb64c56
      metaInfServicesProviders = class java.util.concurrent.ConcurrentHashMap@4ba5bd06
      metaInfServicesRefs = class com.ibm.wsspi.kernel.service.utils.ConcurrentServiceReferenceMap@305301fb
      protectionDomainMap = class java.util.HashMap@2ee34d2f
      metadataIdentifierService = class com.ibm.ws.container.service.metadata.internal.MetaDataServiceImpl@22a53633
      globalSharedLibrary = class java.util.concurrent.atomic.AtomicReference@67fe6059
      serialVersionUID = -1838778944052667322
    globalSharedLibrary = class com.ibm.ws.library.internal.SharedLibraryImpl@6b8a4bf
      tc = class com.ibm.websphere.ras.TraceComponent@7de102b9
      EMPTY_LIBRARY_LISTENERS = interface com.ibm.wsspi.library.LibraryChangeListener[0]
      deleted = false
      libraryListenersTracker = class org.osgi.util.tracker.ServiceTracker@7eae13d3
      libraryReg = class org.eclipse.osgi.internal.serviceregistry.ServiceRegistrationImpl@52bc3ccc
      ctx = class org.eclipse.osgi.internal.framework.BundleContextImpl@1b17dfc3
      classLoadingService = class com.ibm.ws.classloading.internal.ClassLoadingServiceImpl@5013f81d
      configAdmin = class com.ibm.ws.config.admin.internal.ConfigurationAdminImpl@7f05c532
      resolvedBasePath = "/home/ibmdemo/DefaultApplication/sample.DefaultApplication/modernized/DefaultApplication-ear/target/liberty/wlp/usr/servers/DefaultApplicationServer/"
      generationLock = class com.ibm.ws.library.internal.SharedLibraryImpl$1@41a41733
      currentGeneration = class com.ibm.ws.library.internal.LibraryGeneration@1dff60d3
      nextGeneration = class com.ibm.ws.library.internal.LibraryGeneration@1dff60d3
      artifactContainerFactory = class com.ibm.ws.library.internal.SharedLibraryFactory$1@1341c834
      packageExporter = class com.ibm.ws.library.internal.LibraryPackageExporter@423cb33b
      serialVersionUID = 6288237618632180389
    sharedLibDeploymentInfo = class com.ibm.ws.app.manager.module.internal.DeployedAppInfoBase$SharedLibDeploymentInfo@31fe0d55
      bundleContext = class org.eclipse.osgi.internal.framework.BundleContextImpl@55333450
      locAdmin = class com.ibm.ws.kernel.service.location.internal.WsLocationAdminImpl@7e15a9f8
      artifactFactory = class com.ibm.ws.artifact.internal.ArtifactContainerFactoryService@4e620df1
      moduleFactory = class com.ibm.ws.adaptable.module.internal.AdaptableModuleFactoryImpl@2681038f
      classesContainerInfo = class java.util.ArrayList@2df69c7a
      serialVersionUID = -9033256786848720484
      $$$tc$$$ = class com.ibm.websphere.ras.TraceComponent@5e6e2b3a
    futureMonitor = class com.ibm.ws.threading.internal.FutureMonitorImpl@2e60d162
      _monitor = class java.util.concurrent.ConcurrentLinkedQueue@79b79436
      _executor = class com.ibm.ws.threading.internal.ScheduledExecutorImpl@1171b941
      _threadRunning = class java.util.concurrent.atomic.AtomicBoolean@662bf365
      _thread = class com.ibm.ws.threading.internal.FutureMonitorImpl$1@1d4249b5
      serialVersionUID = 2765238413969174390
      $$$tc$$$ = class com.ibm.websphere.ras.TraceComponent@58c53da
    configAdmin = class com.ibm.ws.config.admin.internal.ConfigurationAdminImpl@5da8abfa
      tc = class com.ibm.websphere.ras.TraceComponent@546dec0d
      bundle = class org.eclipse.osgi.internal.framework.EquinoxBundle@775fb692
      caFactory = class com.ibm.ws.config.admin.internal.ConfigAdminServiceFactory@4bc8a857
      serialVersionUID = 3160799878770679122
    libraryConfigHelper = class com.ibm.ws.classloading.ClassLoaderConfigHelper@56e8c755
      tc = class com.ibm.websphere.ras.TraceComponent@19584e3c
      DEFAULT_API_TYPES = class java.util.RegularEnumSet@36742552
      sharedLibraries = class java.util.Collections$EmptyList@777a33d
      commonLibraries = class java.util.Collections$EmptyList@777a33d
      classProviders = class java.util.Collections$EmptyList@777a33d
      sharedLibrariesPids = null
      commonLibrariesPids = null
      isDelegateLast = false
      apiTypes = class java.util.RegularEnumSet@36742552
      classLoaderConfigProps = null
      serialVersionUID = 7643888529935916418
    isDelegateLast = false
    permissionManager = class com.ibm.ws.classloading.java2sec.PermissionManager@15b60c6b
      tc = class com.ibm.websphere.ras.TraceComponent@51d8d27d
      classLoadingService = class com.ibm.ws.classloading.internal.ClassLoadingServiceImpl@5013f81d
      DEFAULT_SERVER_RESTRICTABLE_PERMISSIONS = class java.security.Permission[4]
      DEFAULT_CLIENT_RESTRICTABLE_PERMISSIONS = class java.security.Permission[3]
      isServer = true
      wsjarUrlStreamHandlerAvailable = true
      restrictablePermissions = class java.util.ArrayList@6d93727f
      grantedPermissions = class java.util.ArrayList@24e6dc7c
      KEY_PERMISSION = "permission"
      INCORRECT_PERMISSION_CONFIGURATION = "INCORRECT_PERMISSION_CONFIGURATION"
      PERMISSION_CLASSNOTFOUND = "PERMISSION_CLASSNOTFOUND"
      SERVER_XML = "server.xml"
      CLIENT_XML = "client.xml"
      originationFile = "server.xml"
      permissions = class com.ibm.wsspi.kernel.service.utils.ConcurrentServiceReferenceSet@6e49011d
      codeBasePermissionMap = class java.util.HashMap@7d29776
      permissionXMLPermissionMap = class java.util.HashMap@71a41d79
      serialVersionUID = -5043611968709568417
    permissionsConfig = null
    serialVersionUID = 5168023053972273360
    appInfo = class com.ibm.ws.container.service.app.deploy.internal.EARApplicationInfoImpl@290dce22
    modulesDeployed = class java.util.ArrayList@4c0cb920
      serialVersionUID = 8683452581122892189
      DEFAULT_CAPACITY = 10
      EMPTY_ELEMENTDATA = class java.lang.Object[0]
      DEFAULTCAPACITY_EMPTY_ELEMENTDATA = class java.lang.Object[0]
      elementData = class java.lang.Object[10]
      size = 1
      MAX_ARRAY_SIZE = 2147483639
      modCount = 1
      MAX_ARRAY_SIZE = 2147483639
    starting = true
    started = false
    appInfoFactory = class com.ibm.ws.container.service.app.deploy.internal.ApplicationInfoFactoryImpl@5cce0d9b
      j2eeNameFactory = class com.ibm.wsspi.kernel.service.utils.AtomicServiceReference@32825fec
      names = class java.util.HashSet@7517b2cd
      serialVersionUID = 7443990212682384945
      $$$tc$$$ = class com.ibm.websphere.ras.TraceComponent@72168104
    metaDataService = class com.ibm.ws.container.service.metadata.internal.MetaDataServiceImpl@22a53633
      applicationMetaDataManager = class com.ibm.ws.container.service.metadata.internal.ApplicationMetaDataManager@19f41577
      moduleMetaDataManager = class com.ibm.ws.container.service.metadata.internal.ModuleMetaDataManager@2caeef8e
      componentMetaDataManager = class com.ibm.ws.container.service.metadata.internal.ComponentMetaDataManager@4cdd3992
      methodMetaDataManager = class com.ibm.ws.container.service.metadata.internal.MethodMetaDataManager@5dd9b441
      appModuleNameToModuleContainer = class java.util.concurrent.ConcurrentHashMap@64bf4d20
      jeeNameToComponentMetaData = class java.util.concurrent.ConcurrentHashMap@3f360ca6
      deferredMetaDataFactories = class com.ibm.wsspi.kernel.service.utils.ConcurrentServiceReferenceSet@1a82b37b
      deferredMetaDataInitializers = class com.ibm.wsspi.kernel.service.utils.ConcurrentServiceReferenceMap@a6967d6
      serialVersionUID = -2494605732980966097
      $$$tc$$$ = class com.ibm.websphere.ras.TraceComponent@2d183c3a
    stateChangeService = class com.ibm.ws.container.service.state.internal.StateChangeServiceImpl@793e873d
      applicationStateManager = class com.ibm.ws.container.service.state.internal.ApplicationStateManager@12724fc1
      moduleStateManager = class com.ibm.ws.container.service.state.internal.ModuleStateManager@4bdfb0af
      serialVersionUID = -537917915330350560
      $$$tc$$$ = class com.ibm.websphere.ras.TraceComponent@264de986
    moduleClassesInfo = class com.ibm.ws.app.manager.module.internal.SimpleDeployedAppInfoBase$ModuleClassesInfoProvider@34e9d570
      entryContainerInfosMap = class java.util.HashMap@cbd76e
      serialVersionUID = -70332790531324534
      $$$tc$$$ = class com.ibm.websphere.ras.TraceComponent@3b0b8561
    moduleContainerInfos = class java.util.ArrayList@1d05bf74
      serialVersionUID = 8683452581122892189
      DEFAULT_CAPACITY = 10
      EMPTY_ELEMENTDATA = class java.lang.Object[0]
      DEFAULTCAPACITY_EMPTY_ELEMENTDATA = class java.lang.Object[0]
      elementData = class java.lang.Object[10]
      size = 1
      MAX_ARRAY_SIZE = 2147483639
      modCount = 1
      MAX_ARRAY_SIZE = 2147483639
    activeModuleHandlers = class java.util.IdentityHashMap@318bdb9a
      DEFAULT_CAPACITY = 32
      MINIMUM_CAPACITY = 4
      MAXIMUM_CAPACITY = 536870912
      table = class java.lang.Object[16]
      size = 0
      modCount = 2
      NULL_KEY = class java.lang.Object@977d459
      entrySet = null
      serialVersionUID = 8188218128353913216
      keySet = null
      values = null
    serialVersionUID = 7078125893012250887
    $$$tc$$$ = class com.ibm.websphere.ras.TraceComponent@4e851133
      strings[0] = "TraceComponent[com.ibm.ws.app.manager.module.internal.SimpleDeployedAppInfoBase,class com.ibm.ws.app.manager.module.internal.SimpleDeployedAppInfoBase,[applications, app.manager],,null]"
  appClassLoader = class com.ibm.ws.classloading.internal.AppClassLoader@f0b0d81
    tc = class com.ibm.websphere.ras.TraceComponent@240f8895
      strings[0] = "TraceComponent[com.ibm.ws.classloading.internal.AppClassLoader,class com.ibm.ws.classloading.internal.AppClassLoader,[ClassLoadingService],com.ibm.ws.classloading.internal.resources.ClassLoadingServiceMessages,null]"
    PARENT_FIRST_SEARCH_ORDER = class java.util.Collections$UnmodifiableRandomAccessList@204f5012
      serialVersionUID = -2542308836966382001
      serialVersionUID = -283967356065247728
      list = class java.util.Arrays$ArrayList@26104597
      serialVersionUID = 1820017752578914078
      c = class java.util.Arrays$ArrayList@26104597
    CLASS_LOADING_TRACE_PREFIX = "com.ibm.ws.class.load."
    DEFAULT_PACKAGE = "default.package"
    perPackageClassLoadingTraceComponents = class java.util.concurrent.ConcurrentHashMap@1a0a4981
      serialVersionUID = 7249069246763182397
      MAXIMUM_CAPACITY = 1073741824
      DEFAULT_CAPACITY = 16
      MAX_ARRAY_SIZE = 2147483639
      DEFAULT_CONCURRENCY_LEVEL = 16
      LOAD_FACTOR = 0.75
      TREEIFY_THRESHOLD = 8
      UNTREEIFY_THRESHOLD = 6
      MIN_TREEIFY_CAPACITY = 64
      MIN_TRANSFER_STRIDE = 16
      RESIZE_STAMP_BITS = 16
      MAX_RESIZERS = 65535
      RESIZE_STAMP_SHIFT = 16
      MOVED = -1
      TREEBIN = -2
      RESERVED = -3
      HASH_BITS = 2147483647
      NCPU = 4
      serialPersistentFields = class java.io.ObjectStreamField[3]
      table = null
      nextTable = null
      baseCount = 0
      sizeCtl = 0
      transferIndex = 0
      cellsBusy = 0
      counterCells = null
      keySet = null
      values = null
      entrySet = null
      U = class sun.misc.Unsafe@7cb29289
      SIZECTL = 20
      TRANSFERINDEX = 32
      BASECOUNT = 24
      CELLSBUSY = 36
      CELLVALUE = 144
      ABASE = 16
      ASHIFT = 2
      keySet = null
      values = null
    config = class com.ibm.ws.classloading.internal.ClassLoaderConfigurationImpl@1192e25a
      DEFAULT_PROTECTION_DOMAIN = class java.security.ProtectionDomain@21ef2547
      delegateLast = false
      includeAppExtensions = false
      id = class com.ibm.ws.classloading.serializable.ClassLoaderIdentityImpl@18a0445d
      parentId = null
      sharedLibraries = class java.util.ArrayList@3523a08d
      commonLibraries = class java.util.Collections$EmptyList@777a33d
      providers = class java.util.Collections$EmptyList@777a33d
      nativeLibraryContainers = class java.util.ArrayList@6160d902
      protectionDomain = class java.security.ProtectionDomain@a2e7834
      serialVersionUID = 9091690180200375339
      $$$tc$$$ = class com.ibm.websphere.ras.TraceComponent@655d22d0
    privateLibraries = null
    delegateLoaders = class com.ibm.ws.classloading.internal.util.CompositeIterable@35ed8c3a
      iterables = class java.util.Arrays$ArrayList@2e7b1d90
      serialVersionUID = -1227195994638150837
      $$$tc$$$ = class com.ibm.websphere.ras.TraceComponent@8d7b2b9
    nativeLibraryFiles = class java.util.ArrayList@73084f94
      serialVersionUID = 8683452581122892189
      DEFAULT_CAPACITY = 10
      EMPTY_ELEMENTDATA = class java.lang.Object[0]
      DEFAULTCAPACITY_EMPTY_ELEMENTDATA = class java.lang.Object[0]
      elementData = class java.lang.Object[0]
      size = 0
      MAX_ARRAY_SIZE = 2147483639
      modCount = 0
      MAX_ARRAY_SIZE = 2147483639
    transformers = class java.util.ArrayList@3b865635
      serialVersionUID = 8683452581122892189
      DEFAULT_CAPACITY = 10
      EMPTY_ELEMENTDATA = class java.lang.Object[0]
      DEFAULTCAPACITY_EMPTY_ELEMENTDATA = class java.lang.Object[0]
      elementData = class java.lang.Object[10]
      size = 0
      MAX_ARRAY_SIZE = 2147483639
      modCount = 2
      MAX_ARRAY_SIZE = 2147483639
    apiAccess = class com.ibm.ws.classloading.internal.GatewayClassLoader@16985797
      config = class com.ibm.ws.classloading.internal.GatewayConfigurationImpl@70aa9cc3
      wiringMonitor = class com.ibm.ws.classloading.internal.GatewayClassLoader$1@35731ccb
      bundle = class org.eclipse.osgi.internal.framework.EquinoxBundle@6a502d2e
      wiring = class org.eclipse.osgi.container.ModuleWiring@1438a638
      bundleLoader = class org.eclipse.osgi.internal.loader.EquinoxClassLoader@cb947ff
      resourceProviders = class com.ibm.ws.classloading.internal.CompositeResourceProvider@6c8a116c
      serialVersionUID = -4256474098847905153
      $$$tc$$$ = class com.ibm.websphere.ras.TraceComponent@26098c17
      parent = class sun.misc.Launcher$AppClassLoader@18b4aac2
      parallelLockMap = null
      package2certs = class java.util.Hashtable@28519e2f
      nocerts = class java.security.cert.Certificate[0]
      classes = class java.util.Vector@5694aaa
      defaultDomain = class java.security.ProtectionDomain@54b13559
      domains = class java.util.HashSet@1271068f
      packages = class java.util.HashMap@36754208
      scl = class sun.misc.Launcher$AppClassLoader@18b4aac2
      sclSet = true
      loadedLibraryNames = class java.util.Vector@402bf287
      systemNativeLibraries = class java.util.Vector@5cbae56f
      nativeLibraries = class java.util.Vector@79867276
      nativeLibraryContext = class java.util.Stack@76d2307d
      usr_paths = class java.lang.String[7]
      sys_paths = class java.lang.String[1]
      assertionLock = class com.ibm.ws.classloading.internal.GatewayClassLoader@16985797
      defaultAssertionStatus = false
      packageAssertionStatus = null
      classAssertionStatus = null
    generator = class com.ibm.ws.classloading.internal.ClassGeneratorManager@1e7c06f5
      tc = class com.ibm.websphere.ras.TraceComponent@66c3c7eb
      generatorRefs = class com.ibm.wsspi.kernel.service.utils.ConcurrentServiceReferenceSet@470b24aa
      serialVersionUID = 4152663586056483310
    protectionDomains = class java.util.concurrent.ConcurrentHashMap@3d00e32d
      serialVersionUID = 7249069246763182397
      MAXIMUM_CAPACITY = 1073741824
      DEFAULT_CAPACITY = 16
      MAX_ARRAY_SIZE = 2147483639
      DEFAULT_CONCURRENCY_LEVEL = 16
      LOAD_FACTOR = 0.75
      TREEIFY_THRESHOLD = 8
      UNTREEIFY_THRESHOLD = 6
      MIN_TREEIFY_CAPACITY = 64
      MIN_TRANSFER_STRIDE = 16
      RESIZE_STAMP_BITS = 16
      MAX_RESIZERS = 65535
      RESIZE_STAMP_SHIFT = 16
      MOVED = -1
      TREEBIN = -2
      RESERVED = -3
      HASH_BITS = 2147483647
      NCPU = 4
      serialPersistentFields = class java.io.ObjectStreamField[3]
      table = null
      nextTable = null
      baseCount = 0
      sizeCtl = 0
      transferIndex = 0
      cellsBusy = 0
      counterCells = null
      keySet = null
      values = null
      entrySet = null
      U = class sun.misc.Unsafe@7cb29289
      SIZECTL = 20
      TRANSFERINDEX = 32
      BASECOUNT = 24
      CELLSBUSY = 36
      CELLVALUE = 144
      ABASE = 16
      ASHIFT = 2
      keySet = null
      values = null
    parent = class com.ibm.ws.classloading.internal.GatewayClassLoader@16985797
    serialVersionUID = -1542993300419972783
    tc = class com.ibm.websphere.ras.TraceComponent@51b756f0
      strings[0] = "TraceComponent[com.ibm.ws.classloading.internal.ContainerClassLoader,class com.ibm.ws.classloading.internal.ContainerClassLoader,[ClassLoadingService],com.ibm.ws.classloading.internal.resources.ClassLoadingServiceMessages,null]"
    smartClassPath = class com.ibm.ws.classloading.internal.ContainerClassLoader$SmartClassPathImpl@645534eb
      rwLock = class java.util.concurrent.locks.ReentrantReadWriteLock@2d44f7ba
      outstandingContainers = class java.util.concurrent.atomic.AtomicInteger@7d06e909
      hook = null
      usePackageMap = true
      maxLastNotFound = 250
      maxLastFound = 900
      maxLastReallyNotFound = 900
      propsInUse = false
      classPath = class java.util.concurrent.CopyOnWriteArrayList@74578b4e
      MAX_LASTNOTFOUND = 250
      lastNotFound = class java.util.concurrent.CopyOnWriteArrayList@11912001
      MAX_LASTFOUND = 900
      lastFoundURL = class java.util.Collections$SynchronizedMap@1be2fcae
      MAX_LASTREALLYNOTFOUND = 900
      lastReallyNotFoundURL = class java.util.Collections$SynchronizedMap@51e6007a
      packageMap = class java.util.HashMap@1923ecf3
      containers = class java.util.Collections$SetFromMap@12a56fe
      serialVersionUID = 7627500284802083121
      $$$tc$$$ = class com.ibm.websphere.ras.TraceComponent@5373692a
    nativeLibraryContainers = class java.util.ArrayList@5590b31a
      serialVersionUID = 8683452581122892189
      DEFAULT_CAPACITY = 10
      EMPTY_ELEMENTDATA = class java.lang.Object[0]
      DEFAULTCAPACITY_EMPTY_ELEMENTDATA = class java.lang.Object[0]
      elementData = class java.lang.Object[0]
      size = 0
      MAX_ARRAY_SIZE = 2147483639
      modCount = 0
      MAX_ARRAY_SIZE = 2147483639
    redefiner = class com.ibm.ws.classloading.internal.util.ClassRedefiner@63f4572d
      tc = class com.ibm.websphere.ras.TraceComponent@677c295c
      LS = "
"
      inst = class com.ibm.ws.kernel.launch.internal.TraceInstrumentation@174b2d49
      serialVersionUID = 2420101865139508526
    hook = null
    mapCreationQueue = class java.util.concurrent.Executors$FinalizableDelegatedExecutorService@137925e2
      e = class java.util.concurrent.ThreadPoolExecutor@7530059a
      $assertionsDisabled = true
    serialVersionUID = -5001410721240711
    serialVersionUID = -7411549862368381758
    $$$tc$$$ = class com.ibm.websphere.ras.TraceComponent@5c79d30
      strings[0] = "TraceComponent[com.ibm.ws.classloading.internal.IdentifiedLoader,class com.ibm.ws.classloading.internal.IdentifiedLoader,[ClassLoadingService],com.ibm.ws.classloading.internal.resources.ClassLoadingServiceMessages,null]"
    serialVersionUID = -4868702105808481416
    $$$tc$$$ = class com.ibm.websphere.ras.TraceComponent@1827f288
      strings[0] = "TraceComponent[com.ibm.ws.classloading.internal.LibertyLoader,class com.ibm.ws.classloading.internal.LibertyLoader,[ClassLoadingService],com.ibm.ws.classloading.internal.resources.ClassLoadingServiceMessages,null]"
    serialVersionUID = 2596921220292114344
    $$$tc$$$ = class com.ibm.websphere.ras.TraceComponent@3969b24a
      strings[0] = "TraceComponent[com.ibm.ws.classloading.LibertyClassLoader,class com.ibm.ws.classloading.LibertyClassLoader,[ClassLoadingService],com.ibm.ws.classloading.internal.resources.ClassLoadingServiceMessages,null]"
    initialized = true
    pdcache = class java.util.HashMap@5cae7063
      serialVersionUID = 362498820763181265
      DEFAULT_INITIAL_CAPACITY = 16
      MAXIMUM_CAPACITY = 1073741824
      DEFAULT_LOAD_FACTOR = 0.75
      TREEIFY_THRESHOLD = 8
      UNTREEIFY_THRESHOLD = 6
      MIN_TREEIFY_CAPACITY = 64
      table = null
      entrySet = null
      size = 0
      modCount = 0
      threshold = 16
      loadFactor = 0.75
      keySet = null
      values = null
    debug = null
    parent = class com.ibm.ws.classloading.internal.GatewayClassLoader@16985797
    parallelLockMap = null
    package2certs = class java.util.Hashtable@668de950
      table = class java.util.Hashtable$Entry[11]
      count = 0
      threshold = 8
      loadFactor = 0.75
      modCount = 0
      serialVersionUID = 1421746759512286392
      MAX_ARRAY_SIZE = 2147483639
      keySet = null
      entrySet = null
      values = null
      KEYS = 0
      VALUES = 1
      ENTRIES = 2
    nocerts = class java.security.cert.Certificate[0]
    classes = class java.util.Vector@2b327b06
      elementData = class java.lang.Object[10]
      elementCount = 0
      capacityIncrement = 0
      serialVersionUID = -2767605614048989439
      MAX_ARRAY_SIZE = 2147483639
      modCount = 0
      MAX_ARRAY_SIZE = 2147483639
    defaultDomain = class java.security.ProtectionDomain@7bea1519
      codesource = class java.security.CodeSource@4b3b9f26
      classloader = class com.ibm.ws.classloading.internal.AppClassLoader@f0b0d81
      principals = interface java.security.Principal[0]
      permissions = null
      hasAllPerm = false
      staticPermissions = false
      key = class java.security.ProtectionDomain$Key@6859cad8
      debug = null
    domains = class java.util.HashSet@54e84f6f
      serialVersionUID = -5024744406713321676
      map = class java.util.HashMap@21be797c
      PRESENT = class java.lang.Object@68b16b6e
      MAX_ARRAY_SIZE = 2147483639
    packages = class java.util.HashMap@5d26fbcb
      serialVersionUID = 362498820763181265
      DEFAULT_INITIAL_CAPACITY = 16
      MAXIMUM_CAPACITY = 1073741824
      DEFAULT_LOAD_FACTOR = 0.75
      TREEIFY_THRESHOLD = 8
      UNTREEIFY_THRESHOLD = 6
      MIN_TREEIFY_CAPACITY = 64
      table = null
      entrySet = null
      size = 0
      modCount = 0
      threshold = 0
      loadFactor = 0.75
      keySet = null
      values = null
    scl = class sun.misc.Launcher$AppClassLoader@18b4aac2
      ucp = class sun.misc.URLClassPath@2a2c3001
      $assertionsDisabled = true
      ucp = class sun.misc.URLClassPath@2a2c3001
      acc = class java.security.AccessControlContext@1dd736d2
      closeables = class java.util.WeakHashMap@23ff94a1
      initialized = true
      pdcache = class java.util.HashMap@48f4daca
      debug = null
      parent = class sun.misc.Launcher$ExtClassLoader@40df0d12
      parallelLockMap = class java.util.concurrent.ConcurrentHashMap@39357ed
      package2certs = class java.util.concurrent.ConcurrentHashMap@275690eb
      nocerts = class java.security.cert.Certificate[0]
      classes = class java.util.Vector@78d3423c
      defaultDomain = class java.security.ProtectionDomain@169fe566
      domains = class java.util.Collections$SynchronizedSet@f2af467
      packages = class java.util.HashMap@1ce8fca1
      scl = class sun.misc.Launcher$AppClassLoader@18b4aac2
      sclSet = true
      loadedLibraryNames = class java.util.Vector@402bf287
      systemNativeLibraries = class java.util.Vector@5cbae56f
      nativeLibraries = class java.util.Vector@7ec88fa2
      nativeLibraryContext = class java.util.Stack@76d2307d
      usr_paths = class java.lang.String[7]
      sys_paths = class java.lang.String[1]
      assertionLock = class java.lang.Object@1795e1c8
      defaultAssertionStatus = false
      packageAssertionStatus = null
      classAssertionStatus = null
    sclSet = true
    loadedLibraryNames = class java.util.Vector@402bf287
      elementData = class java.lang.Object[10]
      elementCount = 8
      capacityIncrement = 0
      serialVersionUID = -2767605614048989439
      MAX_ARRAY_SIZE = 2147483639
      modCount = 8
      MAX_ARRAY_SIZE = 2147483639
    systemNativeLibraries = class java.util.Vector@5cbae56f
      elementData = class java.lang.Object[10]
      elementCount = 7
      capacityIncrement = 0
      serialVersionUID = -2767605614048989439
      MAX_ARRAY_SIZE = 2147483639
      modCount = 7
      MAX_ARRAY_SIZE = 2147483639
    nativeLibraries = class java.util.Vector@65744122
      elementData = class java.lang.Object[10]
      elementCount = 0
      capacityIncrement = 0
      serialVersionUID = -2767605614048989439
      MAX_ARRAY_SIZE = 2147483639
      modCount = 0
      MAX_ARRAY_SIZE = 2147483639
    nativeLibraryContext = class java.util.Stack@76d2307d
      serialVersionUID = 1224463164541339165
      elementData = class java.lang.Object[10]
      elementCount = 0
      capacityIncrement = 0
      serialVersionUID = -2767605614048989439
      MAX_ARRAY_SIZE = 2147483639
      modCount = 16
      MAX_ARRAY_SIZE = 2147483639
    usr_paths = class java.lang.String[7]
      String[0] = "/usr/java/packages/lib/amd64"
      String[1] = "/usr/lib/x86_64-linux-gnu/jni"
      String[2] = "/lib/x86_64-linux-gnu"
      String[3] = "/usr/lib/x86_64-linux-gnu"
      String[4] = "/usr/lib/jni"
      String[5] = "/lib"
      String[6] = "/usr/lib"
    sys_paths = class java.lang.String[1]
      String[0] = "/usr/lib/jvm/java-8-openjdk-amd64/jre/lib/amd64"
    assertionLock = class com.ibm.ws.classloading.internal.AppClassLoader@f0b0d81
    defaultAssertionStatus = false
    packageAssertionStatus = null
    classAssertionStatus = null
  serialVersionUID = -4019132629006900492
  $$$tc$$$ = class com.ibm.websphere.ras.TraceComponent@24d5f9b
    strings[0] = "TraceComponent[com.ibm.ws.container.service.app.deploy.internal.EARApplicationInfoImpl,class com.ibm.ws.container.service.app.deploy.internal.EARApplicationInfoImpl,[container.service],com.ibm.ws.container.service.resources.Messages,null]"
  appName = "DefaultApplication_2"
  appMetaData = class com.ibm.ws.container.service.app.deploy.internal.ApplicationMetaDataImpl@146df740
    j2eeName = class com.ibm.ws.container.service.metadata.internal.J2EENameImpl@4b473624
      serialVersionUID = 7488184044073147667
      application = "DefaultApplication"
      module = null
      component = null
      string = "DefaultApplication"
      j2eeNameBytes = null
      $$$tc$$$ = class com.ibm.websphere.ras.TraceComponent@68e748a1
    serialVersionUID = -7906531148367236579
    $$$tc$$$ = class com.ibm.websphere.ras.TraceComponent@65e3c840
      strings[0] = "TraceComponent[com.ibm.ws.container.service.app.deploy.internal.ApplicationMetaDataImpl,class com.ibm.ws.container.service.app.deploy.internal.ApplicationMetaDataImpl,[container.service],com.ibm.ws.container.service.resources.Messages,null]"
    tc = class com.ibm.websphere.ras.TraceComponent@1a64a370
      strings[0] = "TraceComponent[com.ibm.ws.runtime.metadata.MetaDataImpl,class com.ibm.ws.runtime.metadata.MetaDataImpl,[Runtime],null,null]"
    NUM_STATIC_SLOTS = 4
    ID_UNINITIALIZED = -1
    id = 0
    metaDataInterface = class java.lang.Class@fd6dd28
      ANNOTATION = 8192
      ENUM = 16384
      SYNTHETIC = 4096
      cachedConstructor = null
      newInstanceCallerCache = null
      name = null
      allPermDomain = class java.security.ProtectionDomain@738ae659
      useCaches = true
      reflectionData = null
      classRedefinedCount = 0
      genericInfo = null
      serialVersionUID = 3206093459760846163
      serialPersistentFields = class java.io.ObjectStreamField[0]
      reflectionFactory = class sun.reflect.ReflectionFactory@1f5f5bc7
      initted = true
      enumConstants = null
      enumConstantDirectory = null
      annotationData = null
      annotationType = null
      classValueMap = null
    staticSlots = class java.lang.Object[4]
      Object[0] = class com.ibm.ws.injectionengine.osgi.internal.OSGiInjectionScopeData@1c498714
      Object[1] = class com.ibm.ws.ejbcontainer.osgi.internal.metadata.OSGiEJBApplicationMetaData@5ee586a5
      Object[2] = class com.ibm.ws.container.service.naming.JavaColonNamespaceBindings@10b6742f
      Object[3] = null
    dynamicSlots = class java.lang.Object[4]
      Object[0] = null
      Object[1] = null
      Object[2] = "DefaultApplication_2"
      Object[3] = null
  appContainer = class com.ibm.ws.adaptable.module.internal.InterpretedContainerImpl@b89f78d
    structureHelper = class com.ibm.ws.app.manager.ear.internal.EARStructureHelper@25a9345
      unknownRootInstance = class com.ibm.ws.app.manager.ear.internal.EARStructureHelper@4cd0b0b4
      rootPathTree = class java.util.HashMap@39afaf53
      serialVersionUID = 3683467489970445625
      $$$tc$$$ = class com.ibm.websphere.ras.TraceComponent@26e967be
    structureHelperSaysWeAreRoot = false
    structureHelperLocalRootDelegate = null
    serialVersionUID = -4533432718946765504
    $$$tc$$$ = class com.ibm.websphere.ras.TraceComponent@205e9a5f
      strings[0] = "TraceComponent[com.ibm.ws.adaptable.module.internal.InterpretedContainerImpl,class com.ibm.ws.adaptable.module.internal.InterpretedContainerImpl,[archive.adaptable],,null]"
    root = class com.ibm.ws.adaptable.module.internal.InterpretedContainerImpl@b89f78d
    rootOverlay = class com.ibm.ws.artifact.overlay.internal.DirectoryBasedOverlayContainerImpl@23f45bd7
      base = class com.ibm.ws.artifact.zip.internal.ZipFileContainer@3878fea5
      maskSet = class java.util.HashSet@31b88aa1
      cfHolder = class com.ibm.ws.artifact.overlay.internal.OverlayContainerFactoryImpl@7c0f0a30
      fileOverlayContainer = class com.ibm.ws.artifact.file.internal.FileContainer@5659e480
      overlayDirectory = class java.io.File@4d46c62b
      cacheDirForOverlay = class java.io.File@32b484f0
      overlayNotifier = class com.ibm.ws.artifact.overlay.internal.DirectoryBasedOverlayNotifier@47acfd85
      enclosingContainer = null
      entryInEnclosingContainer = null
      nestedOverlays = class java.util.concurrent.ConcurrentHashMap@5e486c14
      cacheStore = class com.ibm.ws.artifact.overlay.internal.OverlayCache@25c49e68
      parentOverlay = null
      isPassThroughMode = true
      serialVersionUID = -1690795617118238166
      $$$tc$$$ = class com.ibm.websphere.ras.TraceComponent@22e724ff
    factoryHolder = class com.ibm.ws.adaptable.module.internal.AdaptableModuleFactoryImpl@2681038f
      adapterFactoryService = class com.ibm.ws.adaptable.module.internal.AdapterFactoryServiceImpl@7e3257c2
      containerFactory = class com.ibm.ws.artifact.internal.ArtifactContainerFactoryService@4e620df1
      overlayContainerFactory = class com.ibm.ws.artifact.overlay.internal.OverlayContainerFactoryImpl@7c0f0a30
      serialVersionUID = 4200251809856292987
      $$$tc$$$ = class com.ibm.websphere.ras.TraceComponent@242a0e3c
    delegate = class com.ibm.ws.artifact.overlay.internal.DirectoryBasedOverlayContainerImpl@23f45bd7
    notifier = class com.ibm.ws.adaptable.module.internal.InterpretedNotifier@48ceda23
      isNotifierForFakeRoot = false
      delegateNotifier = class com.ibm.ws.adaptable.module.internal.NotifierImpl@31987cf8
      pathInRealRoot = null
      listeners = class java.util.HashMap@295a0c5c
      rootContainer = class com.ibm.ws.adaptable.module.internal.InterpretedContainerImpl@b89f78d
      structureHelper = class com.ibm.ws.app.manager.ear.internal.EARStructureHelper@25a9345
      rootArtifactContainer = class com.ibm.ws.artifact.overlay.internal.DirectoryBasedOverlayContainerImpl@23f45bd7
      serialVersionUID = 5670773220470153517
      $$$tc$$$ = class com.ibm.websphere.ras.TraceComponent@2cdcc9be
    serialVersionUID = -5621513278641113667
    $$$tc$$$ = class com.ibm.websphere.ras.TraceComponent@588081e4
      strings[0] = "TraceComponent[com.ibm.ws.adaptable.module.internal.AdaptableContainerImpl,class com.ibm.ws.adaptable.module.internal.AdaptableContainerImpl,[archive.adaptable],,null]"
  configHelper = class com.ibm.ws.app.manager.module.ApplicationNestedConfigHelper@22500c9b
    appInfo = class com.ibm.ws.app.manager.internal.ApplicationInstallInfo@7e70487e
    serialVersionUID = -3174031738676705046
    $$$tc$$$ = class com.ibm.websphere.ras.TraceComponent@784dd704
      strings[0] = "TraceComponent[com.ibm.ws.app.manager.module.ApplicationNestedConfigHelper,class com.ibm.ws.app.manager.module.ApplicationNestedConfigHelper,[applications, app.manager],,null]"
  applicationInformation = class com.ibm.ws.app.manager.internal.ApplicationInstallInfo@7e70487e
    _config = class com.ibm.ws.app.manager.internal.ApplicationConfig@455f3c93
      tc = class com.ibm.websphere.ras.TraceComponent@49fcec1d
      _configPid = "com.ibm.ws.app.manager_93"
      _config = class com.ibm.ws.config.admin.ConfigurationDictionary@2687e3d9
      _applicationManager = class com.ibm.ws.app.manager.ApplicationManager@e88084c
      _location = "DefaultApplication.ear"
      _type = "ear"
      _name = "DefaultApplication"
      _notificationBroadcasterSupport = class javax.management.NotificationBroadcasterSupport@69c76856
      ONE_TIME_JANDEX_MSGS_DISPLAYED = true
    _handlerInfo = class java.util.concurrent.atomic.AtomicReference@58424c64
      serialVersionUID = -1848883965231344442
      unsafe = class sun.misc.Unsafe@7cb29289
      valueOffset = 12
      value = class com.ibm.ws.app.manager.ear.internal.EARDeployedAppInfo@3a1ff524
    _container = class java.util.concurrent.atomic.AtomicReference@7f40993c
      serialVersionUID = -1848883965231344442
      unsafe = class sun.misc.Unsafe@7cb29289
      valueOffset = 12
      value = class com.ibm.ws.adaptable.module.internal.InterpretedContainerImpl@b89f78d
    _resolvedLocation = class java.util.concurrent.atomic.AtomicReference@5d6c313d
      serialVersionUID = -1848883965231344442
      unsafe = class sun.misc.Unsafe@7cb29289
      valueOffset = 12
      value = class com.ibm.ws.kernel.service.location.internal.LocalFileResource@26bdc4fe
    _handler = class com.ibm.ws.app.manager.ear.internal.EARApplicationHandlerImpl@61eb35a7
      _tc = class com.ibm.websphere.ras.TraceComponent@16610324
      _monitor = class com.ibm.ws.threading.internal.FutureMonitorImpl@2e60d162
      deployedAppFactory = class com.ibm.ws.app.manager.ear.internal.EARDeployedAppInfoFactoryImpl@3d1e03dc
      isClient = false
      serialVersionUID = 7352189122923858117
    _ami = class java.util.concurrent.atomic.AtomicReference@2b006492
      serialVersionUID = -1848883965231344442
      unsafe = class sun.misc.Unsafe@7cb29289
      valueOffset = 12
      value = class com.ibm.wsspi.application.handler.DefaultApplicationMonitoringInformation@f4a8f19
    _updateHandler = class com.ibm.ws.app.manager.internal.statemachine.ApplicationStateMachineImpl@50f291b7
      _tc = class com.ibm.websphere.ras.TraceComponent@4a8f5bfe
      EMPTY_FUTURE_ARRAY = interface java.util.concurrent.Future[0]
      asmSequenceNumber = class java.util.concurrent.atomic.AtomicLong@52b5b93
      _qscaCounter = class java.util.concurrent.atomic.AtomicInteger@4c28b7a7
      _failedThrowable = null
      _interruptibleLock = class com.ibm.ws.app.manager.internal.statemachine.ApplicationStateMachineImpl$2@44cfed51
      _interruptible = false
      _performingQueuedActions = true
      _queuedActions = class java.util.concurrent.ConcurrentLinkedQueue@438ab3e7
      _callbackState = class java.util.concurrent.atomic.AtomicReference@1c228fc6
      blockAppStartingFutures = class java.util.Collections$SetFromMap@153e966a
      waitingForAppHandlerFuture = class java.util.concurrent.atomic.AtomicReference@2e2044f9
      waitingForExplicitStartFuture = class java.util.concurrent.atomic.AtomicReference@3823df51
      completionListener = class java.util.concurrent.atomic.AtomicReference@30773b2c
      _notifyAppStopped = class java.util.concurrent.ConcurrentLinkedQueue@519b768e
      _notifyAppStarting = class java.util.concurrent.ConcurrentLinkedQueue@7db0f7c8
      _notifyAppInstallCalled = class java.util.concurrent.ConcurrentLinkedQueue@5b4f7678
      _notifyAppStarted = class java.util.concurrent.ConcurrentLinkedQueue@52688866
      _notifyAppRemoved = class java.util.concurrent.ConcurrentLinkedQueue@58cdbba3
      _stateLock = class com.ibm.ws.app.manager.internal.statemachine.ApplicationStateMachineImpl$3@223909c5
      _internalState = class java.util.concurrent.atomic.AtomicReference@2e5574c
      _currentAction = class java.util.concurrent.atomic.AtomicReference@1458d4ce
      _rfa = class java.util.concurrent.atomic.AtomicReference@217d6545
      _appInstallInfo = class java.util.concurrent.atomic.AtomicReference@4b60378e
      _update = class java.util.concurrent.atomic.AtomicBoolean@63975699
      _appConfig = class java.util.concurrent.atomic.AtomicReference@31bb1081
      _nextAppConfig = class java.util.concurrent.atomic.AtomicReference@7b260cbe
      _appContainer = class java.util.concurrent.atomic.AtomicReference@31b08813
      _resolvedLocation = class java.util.concurrent.atomic.AtomicReference@68ca2322
      _handler = class java.util.concurrent.atomic.AtomicReference@11c19a2
      _asmSeqNo = 1
      _ctx = class org.eclipse.osgi.internal.framework.BundleContextImpl@4102ee5a
      _locAdmin = class com.ibm.ws.kernel.service.location.internal.WsLocationAdminImpl@7e15a9f8
      _futureMonitor = class com.ibm.ws.threading.internal.FutureMonitorImpl@2e60d162
      _artifactFactory = class com.ibm.ws.artifact.internal.ArtifactContainerFactoryService@4e620df1
      _moduleFactory = class com.ibm.ws.adaptable.module.internal.AdaptableModuleFactoryImpl@2681038f
      _executorService = class com.ibm.ws.threading.internal.ExecutorServiceImpl@24c58111
      _scheduledExecutorService = class com.ibm.ws.threading.internal.ScheduledExecutorImpl@1171b941
      _asmHelper = class com.ibm.ws.app.manager.internal.ApplicationConfigurator$NamedApplication@4a94a6c3
      _appMonitor = class com.ibm.ws.app.manager.internal.monitor.ApplicationMonitor@7f515f92
      enterStateCalled = class java.util.concurrent.atomic.AtomicBoolean@463ba069
      serialVersionUID = -1399093980790866556
      serialVersionUID = 5501066335104962649
      $$$tc$$$ = class com.ibm.websphere.ras.TraceComponent@265c7be9
    serialVersionUID = 2630639237123415755
    $$$tc$$$ = class com.ibm.websphere.ras.TraceComponent@29002a35
      strings[0] = "TraceComponent[com.ibm.ws.app.manager.internal.ApplicationInstallInfo,class com.ibm.ws.app.manager.internal.ApplicationInstallInfo,[applications, app.manager],com.ibm.ws.app.manager.internal.resources.AppManagerMessages,null]"
  serialVersionUID = -505303337196743781
  $$$tc$$$ = class com.ibm.websphere.ras.TraceComponent@5f1348ea
    strings[0] = "TraceComponent[com.ibm.ws.container.service.app.deploy.internal.ApplicationInfoImpl,class com.ibm.ws.container.service.app.deploy.internal.ApplicationInfoImpl,[container.service],com.ibm.ws.container.service.resources.Messages,null]"

