------Start of DE processing------ = [10/19/20 10:52:22:960 PDT]
Exception = com.ibm.ws.webcontainer.exception.WebAppNotLoadedException
Source = com.ibm.ws.webcontainer.Webcontainer
probeid = 732
Stack Dump = com.ibm.ws.webcontainer.exception.WebAppNotLoadedException: Failed to load webapp: Context root /* mapping unable to be bound. Application Default Web Application unavailable.
	at com.ibm.ws.webcontainer.osgi.DynamicVirtualHost.addWebApplication(DynamicVirtualHost.java:184)
	at com.ibm.ws.webcontainer.WebContainer.addWebApp(WebContainer.java:542)
	at com.ibm.ws.webcontainer.WebContainer.addWebApplication(WebContainer.java:497)
	at com.ibm.ws.webcontainer.osgi.WebContainer.startModule(WebContainer.java:931)
	at com.ibm.ws.app.manager.module.internal.ModuleHandlerBase.deployModule(ModuleHandlerBase.java:99)
	at com.ibm.ws.app.manager.module.internal.DeployedModuleInfoImpl.installModule(DeployedModuleInfoImpl.java:49)
	at com.ibm.ws.app.manager.module.internal.DeployedAppInfoBase.deployModules(DeployedAppInfoBase.java:429)
	at com.ibm.ws.app.manager.module.internal.DeployedAppInfoBase.deployApp(DeployedAppInfoBase.java:415)
	at com.ibm.ws.app.manager.ear.internal.EARApplicationHandlerImpl.install(EARApplicationHandlerImpl.java:76)
	at com.ibm.ws.app.manager.internal.statemachine.StartAction.execute(StartAction.java:140)
	at com.ibm.ws.app.manager.internal.statemachine.ApplicationStateMachineImpl.enterState(ApplicationStateMachineImpl.java:1258)
	at com.ibm.ws.app.manager.internal.statemachine.ApplicationStateMachineImpl.run(ApplicationStateMachineImpl.java:873)
	at com.ibm.ws.threading.internal.ExecutorServiceImpl$RunnableWrapper.run(ExecutorServiceImpl.java:232)
	at java.util.concurrent.ThreadPoolExecutor.runWorker(ThreadPoolExecutor.java:1149)
	at java.util.concurrent.ThreadPoolExecutor$Worker.run(ThreadPoolExecutor.java:624)
	at java.lang.Thread.run(Thread.java:748)
Caused by: java.lang.Exception: Mapping clash for null: Target com.ibm.ws.webcontainer.osgi.webapp.WebGroup@19d13d91 already exists at node /
	at com.ibm.ws.webcontainer.util.URIMatcher.put(URIMatcher.java:131)
	at com.ibm.ws.webcontainer.util.URIMapper.addMapping(URIMapper.java:58)
	at com.ibm.ws.webcontainer.VirtualHost.addMapping(VirtualHost.java:284)
	at com.ibm.ws.webcontainer.osgi.DynamicVirtualHost.addMapping(DynamicVirtualHost.java:351)
	at com.ibm.ws.webcontainer.osgi.DynamicVirtualHost.addWebApplication(DynamicVirtualHost.java:174)
	... 15 more

Dump of callerThis
Object type = com.ibm.ws.webcontainer.osgi.WebContainer
  tc = class com.ibm.websphere.ras.TraceComponent@5bdc412a
    strings[0] = "TraceComponent[com.ibm.ws.webcontainer.osgi.WebContainer,class com.ibm.ws.webcontainer.osgi.WebContainer,[webcontainer],com.ibm.ws.webcontainer.resources.LShimMessages,null]"
  CLASS_NAME = "com.ibm.ws.webcontainer.osgi.WebContainer"
  initialized = true
  eventService = class com.ibm.ws.event.internal.EventEngineImpl@6c8baf8c
    tc = class com.ibm.websphere.ras.TraceComponent@7f648ba5
      strings[0] = "TraceComponent[com.ibm.ws.event.internal.EventEngineImpl,class com.ibm.ws.event.internal.EventEngineImpl,[EventEngine],,null]"
    OSGI_EVENT_HANDLER_REFERENCE_NAME = "OsgiEventHandler"
    WS_EVENT_HANDLER_REFERENCE_NAME = "WsEventHandler"
    CFG_KEY_REENTRANT_HANDLER_DEFAULT = "reentrant.handler.default"
    CFG_KEY_STAGE_PREFIX = "stage.topics."
    topicCache = class com.ibm.ws.event.internal.TopicBasedCache@72bfeb36
      serialVersionUID = -1668099068630434622
      DEFAULT_STAGE_NAME = "Events"
      serviceReferenceMap = class java.util.HashMap@1e1d5d7a
      discreteEventHandlers = class java.util.HashMap@18f98cf1
      wildcardEventHandlers = class java.util.HashMap@57780dd1
      discreteStageTopics = class java.util.HashMap@703714d2
      wildcardStageTopics = class java.util.HashMap@4b56123
      topicDataCache = class java.util.concurrent.ConcurrentHashMap@507ffb40
      eventEngine = class com.ibm.ws.event.internal.EventEngineImpl@6c8baf8c
      $$$tc$$$ = class com.ibm.websphere.ras.TraceComponent@150cca74
    componentContext = class org.apache.felix.scr.impl.manager.ComponentContextImpl@21bd247e
      m_componentManager = class org.apache.felix.scr.impl.manager.SingleComponentManager@4dd784da
      edgeInfos = class org.apache.felix.scr.impl.manager.EdgeInfo[4]
      m_componentInstance = class org.apache.felix.scr.impl.manager.ComponentContextImpl$ComponentInstanceImpl@4a1646ea
      m_usingBundle = class org.eclipse.osgi.internal.framework.EquinoxBundle@6e796cd8
      m_serviceRegistration = class org.eclipse.osgi.internal.serviceregistry.ServiceRegistrationImpl@395e15fb
      m_implementationObject = class com.ibm.ws.event.internal.EventEngineImpl@6c8baf8c
      m_implementationAccessible = true
      accessibleLatch = class java.util.concurrent.CountDownLatch@365d30f
      serviceObjectsHelper = class org.apache.felix.scr.impl.helper.ComponentServiceObjectsHelper@72e576ed
      boundValues = null
    bundleContext = class org.eclipse.osgi.internal.framework.BundleContextImpl@30202225
      findHookName = "org.osgi.framework.hooks.bundle.FindHook"
      valid = true
      bundle = class org.eclipse.osgi.internal.framework.EquinoxBundle@6e796cd8
      container = class org.eclipse.osgi.internal.framework.EquinoxContainer@54b0a704
      debug = class org.eclipse.osgi.internal.debug.Debug@4b64da87
      servicesInUse = class java.util.HashMap@37ff0130
      activator = null
      contextLock = class java.lang.Object@70ad9f0d
    logService = class com.ibm.ws.logging.internal.osgi.TrLogServiceImpl@5633c8a5
      LOG_EVENT = -5
      COULD_NOT_OBTAIN_LOCK_EXCEPTION = "Could not obtain lock"
      publishEvents = false
      publishDebugEvents = false
      logImpl = class com.ibm.ws.logging.internal.osgi.TrLogImpl@3be434e7
      bundle = class org.eclipse.osgi.internal.framework.EquinoxBundle@6e796cd8
      ffdcMe = "com.ibm.ws.event-1.0.23.cl180420181121-0300"
      tc = class com.ibm.ws.logging.internal.osgi.TrLogServiceImpl$OSGiTraceComponent@1b19a90
    frameworkEventAdapter = class com.ibm.ws.event.internal.adapter.FrameworkEventAdapter@53df0994
      FRAMEWORK_EVENT_TOPIC_PREFIX = "org/osgi/framework/FrameworkEvent/"
      eventAdmin = class com.ibm.ws.event.internal.EventEngineImpl@6c8baf8c
      serialVersionUID = -1092610607214715909
      $$$tc$$$ = class com.ibm.websphere.ras.TraceComponent@3dc056c4
    bundleEventAdapter = class com.ibm.ws.event.internal.adapter.BundleEventAdapter@5eb4ae82
      BUNDLE_EVENT_TOPIC_PREFIX = "org/osgi/framework/BundleEvent/"
      eventAdmin = class com.ibm.ws.event.internal.EventEngineImpl@6c8baf8c
      serialVersionUID = -818773777250172927
      $$$tc$$$ = class com.ibm.websphere.ras.TraceComponent@40eab3a2
    serviceEventAdapter = class com.ibm.ws.event.internal.adapter.ServiceEventAdapter@1662effe
      SERVICE_EVENT_TOPIC_PREFIX = "org/osgi/framework/ServiceEvent/"
      eventAdmin = class com.ibm.ws.event.internal.EventEngineImpl@6c8baf8c
      serialVersionUID = 408387796793790680
      $$$tc$$$ = class com.ibm.websphere.ras.TraceComponent@1d4b8ef7
    executorServiceFactory = class com.ibm.ws.event.internal.WorkStageExecutorServiceFactory@5e5c7b77
      executorService = class com.ibm.ws.threading.internal.ExecutorServiceImpl@24c58111
      serialVersionUID = -89348135483836177
      $$$tc$$$ = class com.ibm.websphere.ras.TraceComponent@41db36eb
    defaultReentrancy = true
    skipSchedule = false
    serialVersionUID = -3714378010555321089
  futureMonitor = class com.ibm.ws.threading.internal.FutureMonitorImpl@2e60d162
    _monitor = class java.util.concurrent.ConcurrentLinkedQueue@79b79436
      serialVersionUID = 196745693267521676
      head = class java.util.concurrent.ConcurrentLinkedQueue$Node@14190bc3
      tail = class java.util.concurrent.ConcurrentLinkedQueue$Node@14190bc3
      UNSAFE = class sun.misc.Unsafe@7cb29289
      headOffset = 12
      tailOffset = 16
      MAX_ARRAY_SIZE = 2147483639
    _executor = class com.ibm.ws.threading.internal.ScheduledExecutorImpl@1171b941
      threadGroupName = "Scheduled Executor Thread Group"
      executor = class com.ibm.ws.threading.internal.ExecutorServiceImpl@24c58111
      serialVersionUID = -9110693807503469597
      $$$tc$$$ = class com.ibm.websphere.ras.TraceComponent@365e04b4
      continueExistingPeriodicTasksAfterShutdown = false
      executeExistingDelayedTasksAfterShutdown = true
      removeOnCancel = false
      sequencer = class java.util.concurrent.atomic.AtomicLong@779b05df
      ctl = class java.util.concurrent.atomic.AtomicInteger@7d9eca6d
      COUNT_BITS = 29
      CAPACITY = 536870911
      RUNNING = -536870912
      SHUTDOWN = 0
      STOP = 536870912
      TIDYING = 1073741824
      TERMINATED = 1610612736
      workQueue = class java.util.concurrent.ScheduledThreadPoolExecutor$DelayedWorkQueue@294a941c
      mainLock = class java.util.concurrent.locks.ReentrantLock@7accf219
      workers = class java.util.HashSet@55d6b562
      termination = class java.util.concurrent.locks.AbstractQueuedSynchronizer$ConditionObject@5e90c017
      largestPoolSize = 1
      completedTaskCount = 0
      threadFactory = class com.ibm.ws.threading.internal.ThreadFactoryImpl@238755ad
      handler = class java.util.concurrent.ThreadPoolExecutor$AbortPolicy@3ec627fe
      keepAliveTime = 0
      allowCoreThreadTimeOut = false
      corePoolSize = 1
      maximumPoolSize = 2147483647
      defaultHandler = class java.util.concurrent.ThreadPoolExecutor$AbortPolicy@3ec627fe
      shutdownPerm = class java.lang.RuntimePermission@5edbe8e1
      acc = null
      ONLY_ONE = true
      $assertionsDisabled = true
    _threadRunning = class java.util.concurrent.atomic.AtomicBoolean@662bf365
      serialVersionUID = 4654671469794556979
      unsafe = class sun.misc.Unsafe@7cb29289
      valueOffset = 12
      value = 0
    _thread = class com.ibm.ws.threading.internal.FutureMonitorImpl$1@1d4249b5
      this$0 = class com.ibm.ws.threading.internal.FutureMonitorImpl@2e60d162
      serialVersionUID = 2422512430832938099
      $$$tc$$$ = class com.ibm.websphere.ras.TraceComponent@78a65e6f
    serialVersionUID = 2765238413969174390
    $$$tc$$$ = class com.ibm.websphere.ras.TraceComponent@58c53da
      strings[0] = "TraceComponent[com.ibm.ws.threading.internal.FutureMonitorImpl,class com.ibm.ws.threading.internal.FutureMonitorImpl,[Threading],com.ibm.ws.threading.internal.resources.ThreadingMessages,null]"
  classLoadingSRRef = class com.ibm.wsspi.kernel.service.utils.AtomicServiceReference@30bd7a2f
    referenceName = "classLoadingService"
    tuple = class java.util.concurrent.atomic.AtomicReference@6c518849
      serialVersionUID = -1848883965231344442
      unsafe = class sun.misc.Unsafe@7cb29289
      valueOffset = 12
      value = class com.ibm.wsspi.kernel.service.utils.AtomicServiceReference$ReferenceTuple@105dc167
    serialVersionUID = 2226592364007985000
    $$$tc$$$ = class com.ibm.websphere.ras.TraceComponent@4fdd3b1f
      strings[0] = "TraceComponent[com.ibm.wsspi.kernel.service.utils.AtomicServiceReference,class com.ibm.wsspi.kernel.service.utils.AtomicServiceReference,[kernelUtils],com.ibm.ws.kernel.service.utils.resources.ServiceMessages,null]"
  sessionHelperSRRef = class com.ibm.wsspi.kernel.service.utils.AtomicServiceReference@6cc90d4
    referenceName = "sessionHelper"
    tuple = class java.util.concurrent.atomic.AtomicReference@1bfd80e8
      serialVersionUID = -1848883965231344442
      unsafe = class sun.misc.Unsafe@7cb29289
      valueOffset = 12
      value = class com.ibm.wsspi.kernel.service.utils.AtomicServiceReference$ReferenceTuple@49bddaa7
    serialVersionUID = 2226592364007985000
    $$$tc$$$ = class com.ibm.websphere.ras.TraceComponent@4fdd3b1f
  cacheManagerSRRef = class com.ibm.wsspi.kernel.service.utils.AtomicServiceReference@378ab84e
    referenceName = "cacheManager"
    tuple = class java.util.concurrent.atomic.AtomicReference@706b367e
      serialVersionUID = -1848883965231344442
      unsafe = class sun.misc.Unsafe@7cb29289
      valueOffset = 12
      value = class com.ibm.wsspi.kernel.service.utils.AtomicServiceReference$ReferenceTuple@351784db
    serialVersionUID = 2226592364007985000
    $$$tc$$$ = class com.ibm.websphere.ras.TraceComponent@4fdd3b1f
  injectionEngineSRRef = class com.ibm.wsspi.kernel.service.utils.AtomicServiceReference@1f49941c
    referenceName = "injectionEngine"
    tuple = class java.util.concurrent.atomic.AtomicReference@72e7175c
      serialVersionUID = -1848883965231344442
      unsafe = class sun.misc.Unsafe@7cb29289
      valueOffset = 12
      value = class com.ibm.wsspi.kernel.service.utils.AtomicServiceReference$ReferenceTuple@57cc8b33
    serialVersionUID = 2226592364007985000
    $$$tc$$$ = class com.ibm.websphere.ras.TraceComponent@4fdd3b1f
  managedObjectServiceSRRef = class com.ibm.wsspi.kernel.service.utils.AtomicServiceReference@44fef9d8
    referenceName = "managedObjectService"
    tuple = class java.util.concurrent.atomic.AtomicReference@5132c614
      serialVersionUID = -1848883965231344442
      unsafe = class sun.misc.Unsafe@7cb29289
      valueOffset = 12
      value = class com.ibm.wsspi.kernel.service.utils.AtomicServiceReference$ReferenceTuple@78e5760a
    serialVersionUID = 2226592364007985000
    $$$tc$$$ = class com.ibm.websphere.ras.TraceComponent@4fdd3b1f
  backgroundWebAppStartFutures = class com.ibm.ws.webcontainer.util.OneTimeUseArrayList@26569ba3
    enabled = true
    runnables = class java.util.ArrayList@4a4530a
      serialVersionUID = 8683452581122892189
      DEFAULT_CAPACITY = 10
      EMPTY_ELEMENTDATA = class java.lang.Object[0]
      DEFAULTCAPACITY_EMPTY_ELEMENTDATA = class java.lang.Object[0]
      elementData = class java.lang.Object[10]
      size = 1
      MAX_ARRAY_SIZE = 2147483639
      modCount = 1
      MAX_ARRAY_SIZE = 2147483639
  REFERENCE_WEB_MBEAN_RUNTIME = "webMBeanRuntime"
  webMBeanRuntimeServiceRef = class com.ibm.wsspi.kernel.service.utils.AtomicServiceReference@447c1fef
    referenceName = "webMBeanRuntime"
    tuple = class java.util.concurrent.atomic.AtomicReference@4bdb59d9
      serialVersionUID = -1848883965231344442
      unsafe = class sun.misc.Unsafe@7cb29289
      valueOffset = 12
      value = class com.ibm.wsspi.kernel.service.utils.AtomicServiceReference$ReferenceTuple@1a4cc56e
    serialVersionUID = 2226592364007985000
    $$$tc$$$ = class com.ibm.websphere.ras.TraceComponent@4fdd3b1f
  servletContainerInitializers = class com.ibm.wsspi.kernel.service.utils.ConcurrentServiceReferenceSet@17c68a08
    referenceName = "servletContainerInitializers"
    contextRef = class java.util.concurrent.atomic.AtomicReference@3733f40a
      serialVersionUID = -1848883965231344442
      unsafe = class sun.misc.Unsafe@7cb29289
      valueOffset = 12
      value = class org.apache.felix.scr.impl.manager.ComponentContextImpl@457a048
    elementMap = class java.util.LinkedHashMap@75645e91
      serialVersionUID = 3801124242820219131
      head = class java.util.LinkedHashMap$Entry@4dce7dd1
      tail = class java.util.LinkedHashMap$Entry@6dd73724
      accessOrder = false
      serialVersionUID = 362498820763181265
      DEFAULT_INITIAL_CAPACITY = 16
      MAXIMUM_CAPACITY = 1073741824
      DEFAULT_LOAD_FACTOR = 0.75
      TREEIFY_THRESHOLD = 8
      UNTREEIFY_THRESHOLD = 6
      MIN_TREEIFY_CAPACITY = 64
      table = class java.util.HashMap$Node[16]
      entrySet = null
      size = 8
      modCount = 8
      threshold = 12
      loadFactor = 0.75
      keySet = null
      values = null
    elementSet = class java.util.concurrent.ConcurrentSkipListSet@52f550cd
      serialVersionUID = -2479143111061671589
      m = class java.util.concurrent.ConcurrentSkipListMap@1f200c17
      UNSAFE = class sun.misc.Unsafe@7cb29289
      mapOffset = 12
      MAX_ARRAY_SIZE = 2147483639
    elementSetUnsorted = false
    serialVersionUID = 756240983881166148
    $$$tc$$$ = class com.ibm.websphere.ras.TraceComponent@64bdcc02
  es = class com.ibm.ws.threading.internal.ExecutorServiceImpl@24c58111
    threadPool = class java.util.concurrent.ThreadPoolExecutor@46311bf
      ctl = class java.util.concurrent.atomic.AtomicInteger@890e91c
      COUNT_BITS = 29
      CAPACITY = 536870911
      RUNNING = -536870912
      SHUTDOWN = 0
      STOP = 536870912
      TIDYING = 1073741824
      TERMINATED = 1610612736
      workQueue = class com.ibm.ws.threading.internal.BoundedBuffer@186d422c
      mainLock = class java.util.concurrent.locks.ReentrantLock@34d84656
      workers = class java.util.HashSet@2dbf3699
      termination = class java.util.concurrent.locks.AbstractQueuedSynchronizer$ConditionObject@2268e23b
      largestPoolSize = 12
      completedTaskCount = 256
      threadFactory = class com.ibm.ws.threading.internal.ThreadFactoryImpl@50e6b878
      handler = class com.ibm.ws.threading.internal.ExecutorServiceImpl$ExpandPolicy@26fabec4
      keepAliveTime = 60000000000
      allowCoreThreadTimeOut = false
      corePoolSize = 12
      maximumPoolSize = 12
      defaultHandler = class java.util.concurrent.ThreadPoolExecutor$AbortPolicy@3ec627fe
      shutdownPerm = class java.lang.RuntimePermission@5edbe8e1
      acc = null
      ONLY_ONE = true
      $assertionsDisabled = true
    threadPoolController = class com.ibm.ws.threading.internal.ThreadPoolController@2cd8269d
      tc = class com.ibm.websphere.ras.TraceComponent@3d349afb
      interval = 1500
      hangInterval = 250
      hangResolutionCountdown = 0
      hangResolutionCycles = 3
      hangBufferPoolSize = 0
      controllerCyclesWithoutHang = 0
      noHangCyclesThreshold = 8
      compareRange = 4
      NUMBER_CPUS = 4
      controllerCycle = 42
      distributionReset = true
      poolIncrement = 4
      poolDecrement = 4
      maxThreadsPoolDecrement = 1
      poolChangeBasis = 4
      poolIncrementBoundLow = 64
      poolIncrementBoundMedium = 256
      poolIncrementMax = 16
      poolIncrementMin = 1
      POOL_INCREMENT_MIN_DEFAULT = 1
      POOL_INCREMENT_MAX_DEFAULT = 16
      minimumDesiredPoolSizeAdjustments = 10
      targetPoolSize = 12
      consecutiveTargetPoolSizeWrong = 0
      MAX_CONSECUTIVE_TARGET_POOLSIZE_WRONG = 3
      highCpu = 90
      lowTputThreadsRatio = 1.0
      dataAgePruneLevel = 5.0
      compareSpanPruneMultiplier = 2
      tputRatioPruneLevel = 5.0
      poolTputRatioHigh = 5.0
      poolTputRatioLow = 3.0
      compareSpanRatioMultiplier = 2
      growScoreFilterLevel = 0.5
      shrinkScoreFilterLevel = 0.5
      growShrinkDiffFilter = 0.25
      resetDistroStdDevEwmaRatio = 0.1
      resetDistroNewTputEwmaRatio = 0.5
      resetDistroConsecutiveOutliers = 5.0
      processCpuUtil = 46.46902065289807
      systemCpuUtil = 99.32773109243698
      cpuUtil = 99.32773109243698
      MAX_INTERVALS_WITHOUT_CHANGE = 5
      EMPTY_QUEUE_SHRINK_MAGIC_PER_INTERVAL = 0.04
      IDLE_INTERVALS_BEFORE_PAUSE = 3
      MAX_OUTLIER_AFTER_CHANGE_BEFORE_RESET = 10
      MAX_THREADS_TO_BREAK_HANG = 1000
      executorService = class com.ibm.ws.threading.internal.ExecutorServiceImpl@24c58111
      lastAction = class com.ibm.ws.threading.internal.ThreadPoolController$LastAction@1d7004bf
      timer = class java.util.Timer@25af725b
      activeTask = class com.ibm.ws.threading.internal.IntervalTask@409afa86
      paused = false
      lastTimerPop = 1603129942687
      previousCompleted = 1033
      previousThroughput = 357.76149233844103
      consecutiveQueueEmptyCount = 40
      consecutiveNoAdjustment = 0
      consecutiveOutlierAfterAdjustment = 1
      consecutiveIdleCount = 0
      maxThreads = 2147483647
      coreThreads = 8
      threadRange = 2147483639
      threadPool = class java.util.concurrent.ThreadPoolExecutor@46311bf
      threadStats = class java.util.TreeMap@3932d6b7
      poolSizeWhenHangDetected = -1
      hangIntervalCounter = 0
      hangMaxThreadsMessageEmitted = false
      serialVersionUID = 6509656087705674651
    poolName = "Default Executor"
    componentConfig = class org.apache.felix.scr.impl.helper.ReadOnlyDictionary@7b9f6541
      m_delegate = class java.util.Hashtable@4a7f9702
      m_serviceReference = null
    interceptorsActive = false
    interceptors = class java.util.concurrent.CopyOnWriteArraySet@31431c7
      serialVersionUID = 5457747651344034263
      al = class java.util.concurrent.CopyOnWriteArrayList@601ce79d
      MAX_ARRAY_SIZE = 2147483639
    threadFactory = null
    serverStopping = false
    phaser = class java.util.concurrent.Phaser@1fe636f3
      state = 327685
      MAX_PARTIES = 65535
      MAX_PHASE = 2147483647
      PARTIES_SHIFT = 16
      PHASE_SHIFT = 32
      UNARRIVED_MASK = 65535
      PARTIES_MASK = 4294901760
      COUNTS_MASK = 4294967295
      TERMINATION_BIT = -9223372036854775808
      ONE_ARRIVAL = 1
      ONE_PARTY = 65536
      ONE_DEREGISTER = 65537
      EMPTY = 1
      parent = null
      root = class java.util.concurrent.Phaser@1fe636f3
      evenQ = class java.util.concurrent.atomic.AtomicReference@229926cd
      oddQ = class java.util.concurrent.atomic.AtomicReference@3eaa224c
      NCPU = 4
      SPINS_PER_ARRIVAL = 256
      UNSAFE = class sun.misc.Unsafe@7cb29289
      stateOffset = 16
    serialVersionUID = 2662528932208584803
    $$$tc$$$ = class com.ibm.websphere.ras.TraceComponent@68c31672
      strings[0] = "TraceComponent[com.ibm.ws.threading.internal.ExecutorServiceImpl,class com.ibm.ws.threading.internal.ExecutorServiceImpl,[Threading],com.ibm.ws.threading.internal.resources.ThreadingMessages,null]"
  locationServiceRef = class java.util.concurrent.atomic.AtomicReference@36dc8da9
    serialVersionUID = -1848883965231344442
    unsafe = class sun.misc.Unsafe@7cb29289
    valueOffset = 12
    value = class com.ibm.ws.kernel.service.location.internal.WsLocationAdminImpl@7e15a9f8
  transferContextServiceRef = class com.ibm.wsspi.kernel.service.utils.ConcurrentServiceReferenceSet@12fb7ffa
    referenceName = "transferService"
    contextRef = class java.util.concurrent.atomic.AtomicReference@2f88e4cd
      serialVersionUID = -1848883965231344442
      unsafe = class sun.misc.Unsafe@7cb29289
      valueOffset = 12
      value = class org.apache.felix.scr.impl.manager.ComponentContextImpl@457a048
    elementMap = class java.util.LinkedHashMap@47c61d6f
      serialVersionUID = 3801124242820219131
      head = class java.util.LinkedHashMap$Entry@7d8aa89e
      tail = class java.util.LinkedHashMap$Entry@7d8aa89e
      accessOrder = false
      serialVersionUID = 362498820763181265
      DEFAULT_INITIAL_CAPACITY = 16
      MAXIMUM_CAPACITY = 1073741824
      DEFAULT_LOAD_FACTOR = 0.75
      TREEIFY_THRESHOLD = 8
      UNTREEIFY_THRESHOLD = 6
      MIN_TREEIFY_CAPACITY = 64
      table = class java.util.HashMap$Node[16]
      entrySet = null
      size = 1
      modCount = 1
      threshold = 12
      loadFactor = 0.75
      keySet = null
      values = null
    elementSet = class java.util.concurrent.ConcurrentSkipListSet@66f3ac31
      serialVersionUID = -2479143111061671589
      m = class java.util.concurrent.ConcurrentSkipListMap@62349805
      UNSAFE = class sun.misc.Unsafe@7cb29289
      mapOffset = 12
      MAX_ARRAY_SIZE = 2147483639
    elementSetUnsorted = false
    serialVersionUID = 756240983881166148
    $$$tc$$$ = class com.ibm.websphere.ras.TraceComponent@64bdcc02
      strings[0] = "TraceComponent[com.ibm.wsspi.kernel.service.utils.ConcurrentServiceReferenceSet,class com.ibm.wsspi.kernel.service.utils.ConcurrentServiceReferenceSet,[kernelUtils],com.ibm.ws.kernel.service.utils.resources.ServiceMessages,null]"
  encodingServiceRef = class java.util.concurrent.atomic.AtomicReference@314e2167
    serialVersionUID = -1848883965231344442
    unsafe = class sun.misc.Unsafe@7cb29289
    valueOffset = 12
    value = class com.ibm.ws.http.internal.EncodingUtilsImpl@740e5ad3
      tc = class com.ibm.websphere.ras.TraceComponent@8995c0
      DEFAULT_ENCODING = "ISO-8859-1"
      TEST_CHAR = {97} /* array length = 1 */
      localeMap = class java.util.HashMap@49f4f91a
      converterMap = class java.util.HashMap@417bc311
      supportedEncodingsCache = class java.util.HashMap@e2d55ab
      localesCache = class java.util.HashMap@6a2701fb
      cachedLocale = null
      cachedEncoding = null
      serialVersionUID = -1198395850126550961
  instance = class java.util.concurrent.atomic.AtomicReference@398be356
    serialVersionUID = -1848883965231344442
    unsafe = class sun.misc.Unsafe@7cb29289
    valueOffset = 12
    value = class com.ibm.ws.webcontainer.osgi.WebContainer@5193bf8a
  vhostManager = class com.ibm.ws.webcontainer.osgi.DynamicVirtualHostManager@6b68900b
    tc = class com.ibm.websphere.ras.TraceComponent@68c57725
      strings[0] = "TraceComponent[com.ibm.ws.webcontainer.osgi.DynamicVirtualHostManager,class com.ibm.ws.webcontainer.osgi.DynamicVirtualHostManager,[webcontainer],com.ibm.ws.webcontainer.resources.LShimMessages,null]"
    hostMap = class java.util.concurrent.ConcurrentHashMap@7252d12c
      serialVersionUID = 7249069246763182397
      MAXIMUM_CAPACITY = 1073741824
      DEFAULT_CAPACITY = 16
      MAX_ARRAY_SIZE = 2147483639
      DEFAULT_CONCURRENCY_LEVEL = 16
      LOAD_FACTOR = 0.75
      TREEIFY_THRESHOLD = 8
      UNTREEIFY_THRESHOLD = 6
      MIN_TREEIFY_CAPACITY = 64
      MIN_TRANSFER_STRIDE = 16
      RESIZE_STAMP_BITS = 16
      MAX_RESIZERS = 65535
      RESIZE_STAMP_SHIFT = 16
      MOVED = -1
      TREEBIN = -2
      RESERVED = -3
      HASH_BITS = 2147483647
      NCPU = 4
      serialPersistentFields = class java.io.ObjectStreamField[3]
      table = class java.util.concurrent.ConcurrentHashMap$Node[16]
      nextTable = null
      baseCount = 1
      sizeCtl = 12
      transferIndex = 0
      cellsBusy = 0
      counterCells = null
      keySet = null
      values = class java.util.concurrent.ConcurrentHashMap$ValuesView@cd7d5d
      entrySet = null
      U = class sun.misc.Unsafe@7cb29289
      SIZECTL = 20
      TRANSFERINDEX = 32
      BASECOUNT = 24
      CELLSBUSY = 36
      CELLVALUE = 144
      ABASE = 16
      ASHIFT = 2
      keySet = null
      values = null
    transportMap = class java.util.concurrent.ConcurrentHashMap@506a5ca8
      serialVersionUID = 7249069246763182397
      MAXIMUM_CAPACITY = 1073741824
      DEFAULT_CAPACITY = 16
      MAX_ARRAY_SIZE = 2147483639
      DEFAULT_CONCURRENCY_LEVEL = 16
      LOAD_FACTOR = 0.75
      TREEIFY_THRESHOLD = 8
      UNTREEIFY_THRESHOLD = 6
      MIN_TREEIFY_CAPACITY = 64
      MIN_TRANSFER_STRIDE = 16
      RESIZE_STAMP_BITS = 16
      MAX_RESIZERS = 65535
      RESIZE_STAMP_SHIFT = 16
      MOVED = -1
      TREEBIN = -2
      RESERVED = -3
      HASH_BITS = 2147483647
      NCPU = 4
      serialPersistentFields = class java.io.ObjectStreamField[3]
      table = class java.util.concurrent.ConcurrentHashMap$Node[16]
      nextTable = null
      baseCount = 1
      sizeCtl = 12
      transferIndex = 0
      cellsBusy = 0
      counterCells = null
      keySet = null
      values = null
      entrySet = null
      U = class sun.misc.Unsafe@7cb29289
      SIZECTL = 20
      TRANSFERINDEX = 32
      BASECOUNT = 24
      CELLSBUSY = 36
      CELLVALUE = 144
      ABASE = 16
      ASHIFT = 2
      keySet = null
      values = null
    locationService = class com.ibm.ws.kernel.service.location.internal.WsLocationAdminImpl@7e15a9f8
      tc = class com.ibm.websphere.ras.TraceComponent@5bc383e6
      LOC_INTERNAL_LIB_DIR = "wlp.lib.dir"
      LOC_AREA_NAME_APPS = "shared/apps/"
      LOC_AREA_NAME_CONFIG = "shared/config/"
      LOC_AREA_NAME_RESC = "shared/resources/"
      LOC_AREA_NAME_STATE = "logs/state/"
      LOC_AREA_NAME_SERVERS = "servers/"
      LOC_AREA_NAME_CLIENTS = "clients/"
      LOC_AREA_NAME_WORKING = "workarea/"
      LOC_AREA_NAME_EXTENSION = "extension/"
      instance = class com.ibm.ws.staticvalue.StaticValue$FinalSingleton@7fcba99
      installRoot = class com.ibm.ws.kernel.service.location.internal.SymbolicRootResource@23b53156
      installParentRoot = class com.ibm.ws.kernel.service.location.internal.SymbolicRootResource@15c475a5
      userRoot = class com.ibm.ws.kernel.service.location.internal.SymbolicRootResource@2c06d289
      usrExtensionRoot = class com.ibm.ws.kernel.service.location.internal.SymbolicRootResource@4e4c8de2
      serverConfigDir = class com.ibm.ws.kernel.service.location.internal.SymbolicRootResource@44f93afc
      serverOutputDir = class com.ibm.ws.kernel.service.location.internal.SymbolicRootResource@44f93afc
      bootstrapLib = class com.ibm.ws.kernel.service.location.internal.LocalFileResource@7226169b
      serverWorkarea = class com.ibm.ws.kernel.service.location.internal.LocalFileResource@68ae10cc
      serverState = class com.ibm.ws.kernel.service.location.internal.LocalFileResource@42a7a3a6
      sharedAppsRoot = class com.ibm.ws.kernel.service.location.internal.SymbolicRootResource@4f845fd4
      sharedConfigRoot = class com.ibm.ws.kernel.service.location.internal.SymbolicRootResource@d540a71
      sharedResourceRoot = class com.ibm.ws.kernel.service.location.internal.SymbolicRootResource@15645367
      tmpRoot = class com.ibm.ws.kernel.service.location.internal.SymbolicRootResource@6aa178fe
      serverName = "DefaultApplicationServer"
      resourcePaths = class java.util.ArrayList@7b6f081
      resourceGroups = class java.util.HashMap@2a1c7584
      commonRoot = class com.ibm.ws.kernel.service.location.internal.VirtualRootResource@1dd4f4cb
      serialVersionUID = 7766352982799267432
    schedExecutor = class com.ibm.ws.threading.internal.ScheduledExecutorImpl@1171b941
    pluginCfgVhostUris = class java.util.HashMap@34820c91
      serialVersionUID = 362498820763181265
      DEFAULT_INITIAL_CAPACITY = 16
      MAXIMUM_CAPACITY = 1073741824
      DEFAULT_LOAD_FACTOR = 0.75
      TREEIFY_THRESHOLD = 8
      UNTREEIFY_THRESHOLD = 6
      MIN_TREEIFY_CAPACITY = 64
      table = null
      entrySet = null
      size = 0
      modCount = 0
      threshold = 4
      loadFactor = 0.75
      keySet = null
      values = null
    PLUGIN_CFG = "plugin-cfg.xml"
  metaDataService = class com.ibm.ws.container.service.metadata.internal.MetaDataServiceImpl@22a53633
    applicationMetaDataManager = class com.ibm.ws.container.service.metadata.internal.ApplicationMetaDataManager@19f41577
      serialVersionUID = 1843747281024490904
      $$$tc$$$ = class com.ibm.websphere.ras.TraceComponent@312a5d73
      listeners = class com.ibm.wsspi.kernel.service.utils.ConcurrentServiceReferenceSet@5019b444
      metaDataIDs = class com.ibm.ws.container.service.metadata.internal.IndexList@74b467ce
      metaDatas = class java.util.ArrayList@12f61ced
      slotIDs = class com.ibm.ws.container.service.metadata.internal.IndexList@65a9b1b6
      serialVersionUID = 5464421863354792977
      $$$tc$$$ = class com.ibm.websphere.ras.TraceComponent@74ab914f
    moduleMetaDataManager = class com.ibm.ws.container.service.metadata.internal.ModuleMetaDataManager@2caeef8e
      serialVersionUID = 2513574389899327209
      $$$tc$$$ = class com.ibm.websphere.ras.TraceComponent@74117527
      listeners = class com.ibm.wsspi.kernel.service.utils.ConcurrentServiceReferenceSet@352a171c
      metaDataIDs = class com.ibm.ws.container.service.metadata.internal.IndexList@76379a9a
      metaDatas = class java.util.ArrayList@561b3d54
      slotIDs = class com.ibm.ws.container.service.metadata.internal.IndexList@57bbb68f
      serialVersionUID = 5464421863354792977
      $$$tc$$$ = class com.ibm.websphere.ras.TraceComponent@74ab914f
    componentMetaDataManager = class com.ibm.ws.container.service.metadata.internal.ComponentMetaDataManager@4cdd3992
      serialVersionUID = 8629793739641703882
      $$$tc$$$ = class com.ibm.websphere.ras.TraceComponent@5a8c533b
      listeners = class com.ibm.wsspi.kernel.service.utils.ConcurrentServiceReferenceSet@6dc060b3
      metaDataIDs = class com.ibm.ws.container.service.metadata.internal.IndexList@426884d2
      metaDatas = class java.util.ArrayList@352348b5
      slotIDs = class com.ibm.ws.container.service.metadata.internal.IndexList@520136
      serialVersionUID = 5464421863354792977
      $$$tc$$$ = class com.ibm.websphere.ras.TraceComponent@74ab914f
    methodMetaDataManager = class com.ibm.ws.container.service.metadata.internal.MethodMetaDataManager@5dd9b441
      serialVersionUID = -3308748211841563417
      $$$tc$$$ = class com.ibm.websphere.ras.TraceComponent@303d9fd0
      listeners = class com.ibm.wsspi.kernel.service.utils.ConcurrentServiceReferenceSet@a63b0f0
      metaDataIDs = class com.ibm.ws.container.service.metadata.internal.IndexList@72a8fbe4
      metaDatas = class java.util.ArrayList@68f1ba5a
      slotIDs = class com.ibm.ws.container.service.metadata.internal.IndexList@33923924
      serialVersionUID = 5464421863354792977
      $$$tc$$$ = class com.ibm.websphere.ras.TraceComponent@74ab914f
    appModuleNameToModuleContainer = class java.util.concurrent.ConcurrentHashMap@64bf4d20
      serialVersionUID = 7249069246763182397
      MAXIMUM_CAPACITY = 1073741824
      DEFAULT_CAPACITY = 16
      MAX_ARRAY_SIZE = 2147483639
      DEFAULT_CONCURRENCY_LEVEL = 16
      LOAD_FACTOR = 0.75
      TREEIFY_THRESHOLD = 8
      UNTREEIFY_THRESHOLD = 6
      MIN_TREEIFY_CAPACITY = 64
      MIN_TRANSFER_STRIDE = 16
      RESIZE_STAMP_BITS = 16
      MAX_RESIZERS = 65535
      RESIZE_STAMP_SHIFT = 16
      MOVED = -1
      TREEBIN = -2
      RESERVED = -3
      HASH_BITS = 2147483647
      NCPU = 4
      serialPersistentFields = class java.io.ObjectStreamField[3]
      table = class java.util.concurrent.ConcurrentHashMap$Node[16]
      nextTable = null
      baseCount = 2
      sizeCtl = 12
      transferIndex = 0
      cellsBusy = 0
      counterCells = null
      keySet = null
      values = null
      entrySet = null
      U = class sun.misc.Unsafe@7cb29289
      SIZECTL = 20
      TRANSFERINDEX = 32
      BASECOUNT = 24
      CELLSBUSY = 36
      CELLVALUE = 144
      ABASE = 16
      ASHIFT = 2
      keySet = null
      values = null
    jeeNameToComponentMetaData = class java.util.concurrent.ConcurrentHashMap@3f360ca6
      serialVersionUID = 7249069246763182397
      MAXIMUM_CAPACITY = 1073741824
      DEFAULT_CAPACITY = 16
      MAX_ARRAY_SIZE = 2147483639
      DEFAULT_CONCURRENCY_LEVEL = 16
      LOAD_FACTOR = 0.75
      TREEIFY_THRESHOLD = 8
      UNTREEIFY_THRESHOLD = 6
      MIN_TREEIFY_CAPACITY = 64
      MIN_TRANSFER_STRIDE = 16
      RESIZE_STAMP_BITS = 16
      MAX_RESIZERS = 65535
      RESIZE_STAMP_SHIFT = 16
      MOVED = -1
      TREEBIN = -2
      RESERVED = -3
      HASH_BITS = 2147483647
      NCPU = 4
      serialPersistentFields = class java.io.ObjectStreamField[3]
      table = class java.util.concurrent.ConcurrentHashMap$Node[16]
      nextTable = null
      baseCount = 8
      sizeCtl = 12
      transferIndex = 0
      cellsBusy = 0
      counterCells = null
      keySet = null
      values = null
      entrySet = null
      U = class sun.misc.Unsafe@7cb29289
      SIZECTL = 20
      TRANSFERINDEX = 32
      BASECOUNT = 24
      CELLSBUSY = 36
      CELLVALUE = 144
      ABASE = 16
      ASHIFT = 2
      keySet = null
      values = null
    deferredMetaDataFactories = class com.ibm.wsspi.kernel.service.utils.ConcurrentServiceReferenceSet@1a82b37b
      referenceName = "deferredMetaDataFactory"
      contextRef = class java.util.concurrent.atomic.AtomicReference@b05839
      elementMap = class java.util.LinkedHashMap@548a211c
      elementSet = class java.util.concurrent.ConcurrentSkipListSet@5729e24f
      elementSetUnsorted = false
      serialVersionUID = 756240983881166148
      $$$tc$$$ = class com.ibm.websphere.ras.TraceComponent@64bdcc02
    deferredMetaDataInitializers = class com.ibm.wsspi.kernel.service.utils.ConcurrentServiceReferenceMap@a6967d6
      referenceName = "deferredMetaDataFactory"
      context = class org.apache.felix.scr.impl.manager.ComponentContextImpl@7600fd07
      elementMap = class java.util.concurrent.ConcurrentHashMap@51921417
      serialVersionUID = 6980924785166233786
      $$$tc$$$ = class com.ibm.websphere.ras.TraceComponent@34170fb0
    serialVersionUID = -2494605732980966097
    $$$tc$$$ = class com.ibm.websphere.ras.TraceComponent@2d183c3a
      strings[0] = "TraceComponent[com.ibm.ws.container.service.metadata.internal.MetaDataServiceImpl,class com.ibm.ws.container.service.metadata.internal.MetaDataServiceImpl,[Runtime],,null]"
  j2eeNameFactory = class com.ibm.ws.container.service.metadata.internal.J2EENameFactoryImpl@62a07e19
    serialVersionUID = 3486344295038028821
    $$$tc$$$ = class com.ibm.websphere.ras.TraceComponent@74e6252d
      strings[0] = "TraceComponent[com.ibm.ws.container.service.metadata.internal.J2EENameFactoryImpl,class com.ibm.ws.container.service.metadata.internal.J2EENameFactoryImpl,[Runtime],,null]"
  context = class org.apache.felix.scr.impl.manager.ComponentContextImpl@457a048
    m_componentManager = class org.apache.felix.scr.impl.manager.SingleComponentManager@45a3537e
      m_useCount = class java.util.concurrent.atomic.AtomicInteger@17391239
      m_componentContext = class org.apache.felix.scr.impl.manager.ComponentContextImpl@457a048
      m_configurationProperties = class java.util.HashMap@72f95dde
      m_factoryProperties = null
      m_properties = class java.util.HashMap@106c1db
      m_serviceProperties = null
      REASONS = class java.lang.String[7]
      m_container = class org.apache.felix.scr.impl.ComponentRegistry$DefaultConfigurableComponentHolder@3ed8e346
      m_factoryInstance = false
      m_componentId = 319
      m_componentMethods = class org.apache.felix.scr.impl.inject.ComponentMethodsImpl@967e55f
      m_dependencyManagers = class java.util.ArrayList@51be053b
      m_dependencyManagersInitialized = true
      m_trackingCount = class java.util.concurrent.atomic.AtomicInteger@6dba3676
      m_stateLock = class java.util.concurrent.locks.ReentrantLock@14013a54
      m_enabledLatchRef = class java.util.concurrent.atomic.AtomicReference@227a7896
      state = class java.util.concurrent.atomic.AtomicReference@34c263f
      m_floor = 49
      m_ceiling = 49
      m_missingLock = class java.util.concurrent.locks.ReentrantLock@3f79a9a6
      m_missingCondition = class java.util.concurrent.locks.AbstractQueuedSynchronizer$ConditionObject@2237e787
      m_missing = class java.util.TreeSet@53f8859f
      m_activationLock = class java.util.concurrent.locks.ReentrantReadWriteLock@31e73c01
      taskCounter = class java.util.concurrent.atomic.AtomicLong@43218702
      registrationManager = class org.apache.felix.scr.impl.manager.AbstractComponentManager$3@5e375b3e
    edgeInfos = class org.apache.felix.scr.impl.manager.EdgeInfo[27]
      EdgeInfo[0] = class org.apache.felix.scr.impl.manager.EdgeInfo@105631da
      EdgeInfo[1] = class org.apache.felix.scr.impl.manager.EdgeInfo@11cb4fd1
      EdgeInfo[2] = class org.apache.felix.scr.impl.manager.EdgeInfo@f1cb70e
      EdgeInfo[3] = class org.apache.felix.scr.impl.manager.EdgeInfo@10c3524e
      EdgeInfo[4] = class org.apache.felix.scr.impl.manager.EdgeInfo@31ba696d
      EdgeInfo[5] = class org.apache.felix.scr.impl.manager.EdgeInfo@7a440d4c
      EdgeInfo[6] = class org.apache.felix.scr.impl.manager.EdgeInfo@108a71cd
      EdgeInfo[7] = class org.apache.felix.scr.impl.manager.EdgeInfo@1ad110b0
      EdgeInfo[8] = class org.apache.felix.scr.impl.manager.EdgeInfo@7842f386
      EdgeInfo[9] = class org.apache.felix.scr.impl.manager.EdgeInfo@22b6afaf
      EdgeInfo[10] = class org.apache.felix.scr.impl.manager.EdgeInfo@6171b62d
      EdgeInfo[11] = class org.apache.felix.scr.impl.manager.EdgeInfo@73376e23
      EdgeInfo[12] = class org.apache.felix.scr.impl.manager.EdgeInfo@1c066d00
      EdgeInfo[13] = class org.apache.felix.scr.impl.manager.EdgeInfo@b5a72f8
      EdgeInfo[14] = class org.apache.felix.scr.impl.manager.EdgeInfo@67f67d60
      EdgeInfo[15] = class org.apache.felix.scr.impl.manager.EdgeInfo@2ff851cb
      EdgeInfo[16] = class org.apache.felix.scr.impl.manager.EdgeInfo@b94759
      EdgeInfo[17] = class org.apache.felix.scr.impl.manager.EdgeInfo@582c2804
      EdgeInfo[18] = class org.apache.felix.scr.impl.manager.EdgeInfo@c65531c
      EdgeInfo[19] = class org.apache.felix.scr.impl.manager.EdgeInfo@617e3d52
      EdgeInfo[20] = class org.apache.felix.scr.impl.manager.EdgeInfo@2bb72dab
      EdgeInfo[21] = class org.apache.felix.scr.impl.manager.EdgeInfo@12625cd1
      EdgeInfo[22] = class org.apache.felix.scr.impl.manager.EdgeInfo@34391032
      EdgeInfo[23] = class org.apache.felix.scr.impl.manager.EdgeInfo@24bd3f4a
      EdgeInfo[24] = class org.apache.felix.scr.impl.manager.EdgeInfo@36758403
      EdgeInfo[25] = class org.apache.felix.scr.impl.manager.EdgeInfo@36f1c2c8
      EdgeInfo[26] = class org.apache.felix.scr.impl.manager.EdgeInfo@4a35eca4
    m_componentInstance = class org.apache.felix.scr.impl.manager.ComponentContextImpl$ComponentInstanceImpl@6feecf82
      m_componentContext = class org.apache.felix.scr.impl.manager.ComponentContextImpl@457a048
    m_usingBundle = class org.eclipse.osgi.internal.framework.EquinoxBundle@69817359
      equinoxContainer = class org.eclipse.osgi.internal.framework.EquinoxContainer@54b0a704
      module = class org.eclipse.osgi.internal.framework.EquinoxBundle$EquinoxModule@7f845ca2
      monitor = class java.lang.Object@45c83b43
      context = class org.eclipse.osgi.internal.framework.BundleContextImpl@238ab3fc
      signerInfos = null
      $SWITCH_TABLE$org$eclipse$osgi$container$Module$State = {1,2,3,4,5,6,7} /* array length = 7 */
    m_serviceRegistration = class org.eclipse.osgi.internal.serviceregistry.ServiceRegistrationImpl@33c0b912
      registry = class org.eclipse.osgi.internal.serviceregistry.ServiceRegistry@4c29d8c0
      context = class org.eclipse.osgi.internal.framework.BundleContextImpl@238ab3fc
      bundle = class org.eclipse.osgi.internal.framework.EquinoxBundle@69817359
      clazzes = class java.lang.String[2]
      service = class org.apache.felix.scr.impl.manager.SingleComponentManager@45a3537e
      reference = class org.eclipse.osgi.internal.serviceregistry.ServiceReferenceImpl@b7af7e2
      contextsUsing = class java.util.ArrayList@5271ba7e
      properties = class java.util.Collections$UnmodifiableMap@108d9f90
      serviceid = 780
      serviceranking = 0
      registrationLock = class java.lang.Object@6378362f
      state = 0
      REGISTERED = 0
      UNREGISTERING = 1
      UNREGISTERED = 2
      FRAMEWORK_SET_SERVICE_PROPERTIES_COUNT = 4
      $assertionsDisabled = true
    m_implementationObject = class com.ibm.ws.webcontainer.osgi.WebContainer@5193bf8a
    m_implementationAccessible = true
    accessibleLatch = class java.util.concurrent.CountDownLatch@36626f7e
      sync = class java.util.concurrent.CountDownLatch$Sync@14ced792
    serviceObjectsHelper = class org.apache.felix.scr.impl.helper.ComponentServiceObjectsHelper@6905f26f
      bundleContext = class org.eclipse.osgi.internal.framework.BundleContextImpl@238ab3fc
      services = class java.util.concurrent.ConcurrentHashMap@736ad739
      closedServices = class java.util.ArrayList@448037c0
      prototypeInstances = class java.util.concurrent.ConcurrentHashMap@174d501c
    boundValues = null
  contextRoots = class java.util.Collections$SynchronizedSet@2b909001
    serialVersionUID = 487447009682186044
    serialVersionUID = 3053995032091335093
    c = class java.util.HashSet@7d990ec1
      serialVersionUID = -5024744406713321676
      map = class java.util.HashMap@6ef92c77
      PRESENT = class java.lang.Object@68b16b6e
      MAX_ARRAY_SIZE = 2147483639
    mutex = class java.util.Collections$SynchronizedSet@2b909001
  pendingContextRoots = class java.util.HashMap@200f3fee
    serialVersionUID = 362498820763181265
    DEFAULT_INITIAL_CAPACITY = 16
    MAXIMUM_CAPACITY = 1073741824
    DEFAULT_LOAD_FACTOR = 0.75
    TREEIFY_THRESHOLD = 8
    UNTREEIFY_THRESHOLD = 6
    MIN_TREEIFY_CAPACITY = 64
    table = null
    entrySet = null
    size = 0
    modCount = 0
    threshold = 0
    loadFactor = 0.75
    keySet = null
    values = null
  deployedModuleMap = class java.util.concurrent.ConcurrentHashMap@41bedd40
    serialVersionUID = 7249069246763182397
    MAXIMUM_CAPACITY = 1073741824
    DEFAULT_CAPACITY = 16
    MAX_ARRAY_SIZE = 2147483639
    DEFAULT_CONCURRENCY_LEVEL = 16
    LOAD_FACTOR = 0.75
    TREEIFY_THRESHOLD = 8
    UNTREEIFY_THRESHOLD = 6
    MIN_TREEIFY_CAPACITY = 64
    MIN_TRANSFER_STRIDE = 16
    RESIZE_STAMP_BITS = 16
    MAX_RESIZERS = 65535
    RESIZE_STAMP_SHIFT = 16
    MOVED = -1
    TREEBIN = -2
    RESERVED = -3
    HASH_BITS = 2147483647
    NCPU = 4
    serialPersistentFields = class java.io.ObjectStreamField[3]
    table = class java.util.concurrent.ConcurrentHashMap$Node[16]
      Node[0] = null
      Node[1] = null
      Node[2] = null
      Node[3] = null
      Node[4] = null
      Node[5] = null
      Node[6] = null
      Node[7] = null
      Node[8] = null
      Node[9] = null
      Node[10] = null
      Node[11] = null
      Node[12] = null
      Node[13] = null
      Node[14] = null
      Node[15] = class java.util.concurrent.ConcurrentHashMap$Node@19e5bfdc
    nextTable = null
    baseCount = 1
    sizeCtl = 12
    transferIndex = 0
    cellsBusy = 0
    counterCells = null
    keySet = null
    values = null
    entrySet = null
    U = class sun.misc.Unsafe@7cb29289
    SIZECTL = 20
    TRANSFERINDEX = 32
    BASECOUNT = 24
    CELLSBUSY = 36
    CELLVALUE = 144
    ABASE = 16
    ASHIFT = 2
    keySet = null
    values = null
  connContextPool = class com.ibm.ws.webcontainer31.osgi.srt.factory.SRTConnectionContextPool31Impl@78d270df
    head = class java.lang.ThreadLocal@47ac0fd
      threadLocalHashCode = 606991681
      nextHashCode = class java.util.concurrent.atomic.AtomicInteger@4e28fa1f
      HASH_INCREMENT = 1640531527
  DEFAULT_PORT = "*"
  DEFAULT_VHOST_NAME = "default_host"
  cachedServerInfo = "IBM WebSphere Liberty/18.0.0.4"
  lock = class com.ibm.ws.webcontainer.osgi.WebContainer$1@57ede75c
    this$0 = class com.ibm.ws.webcontainer.osgi.WebContainer@5193bf8a
  webAppFactory = class com.ibm.ws.webcontainer31.osgi.webapp.factory.WebAppFactoryImpl31@e444200
  requestFactory = class com.ibm.ws.webcontainer31.osgi.response.factory.IRequestResponseFactory@3927da55
  responseFactory = class com.ibm.ws.webcontainer31.osgi.response.factory.IRequestResponseFactory@3927da55
  asyncContextFactory = class com.ibm.ws.webcontainer31.async.factory.AsyncContextFactory31Impl@52181126
  DEFAULT_MAX_VERSION = 30
  versionRef = class org.eclipse.osgi.internal.serviceregistry.ServiceReferenceImpl@6a77db3e
    registration = class org.eclipse.osgi.internal.serviceregistry.ServiceRegistrationImpl@19645161
      registry = class org.eclipse.osgi.internal.serviceregistry.ServiceRegistry@4c29d8c0
      context = class org.eclipse.osgi.internal.framework.BundleContextImpl@3369c43d
      bundle = class org.eclipse.osgi.internal.framework.EquinoxBundle@4c68950d
      clazzes = class java.lang.String[1]
      service = class org.apache.felix.scr.impl.manager.SingleComponentManager@1f59047c
      reference = class org.eclipse.osgi.internal.serviceregistry.ServiceReferenceImpl@6a77db3e
      contextsUsing = class java.util.ArrayList@1a5cc15a
      properties = class java.util.Collections$UnmodifiableMap@18b1f509
      serviceid = 426
      serviceranking = 0
      registrationLock = class java.lang.Object@1e9057ed
      state = 0
      REGISTERED = 0
      UNREGISTERING = 1
      UNREGISTERED = 2
      FRAMEWORK_SET_SERVICE_PROPERTIES_COUNT = 4
      $assertionsDisabled = true
  serverStopping = class com.ibm.ws.staticvalue.StaticValue$FinalSingleton@468fc032
    singleton = class java.util.concurrent.atomic.AtomicBoolean@d40cec0
      serialVersionUID = 4654671469794556979
      unsafe = class sun.misc.Unsafe@7cb29289
      valueOffset = 12
      value = 0
    multiplex = false
  modulesStarting = 1
  uriMatcherFactory = class com.ibm.wsspi.webcontainer31.util.factory.URIMatcherFactory31Impl@41fd5fc4
  SPEC_LEVEL_UNLOADED = -1
  SPEC_LEVEL_30 = 30
  SPEC_LEVEL_31 = 31
  SPEC_LEVEL_40 = 40
  DEFAULT_SPEC_LEVEL = 30
  loadedContainerSpecLevel = 31
  ISO = "ISO-8859-1"
  encoding = "UTF-8"
  decode = true
  wcconfig = class com.ibm.ws.webcontainer.osgi.WebContainerConfiguration@7046886
    properties = class org.apache.felix.scr.impl.helper.ReadOnlyDictionary@44b669ed
      m_delegate = class java.util.Hashtable@57b30255
      m_serviceReference = null
    CFG_KEY_ENFORCE_SEC = "enforce.security"
    logger = class com.ibm.ws.logging.internal.WsLogger@23d6b068
    CLASS_NAME = "com.ibm.ws.webcontainer.WebContainerConfiguration"
    _localeProps = null
    _jvmProps = null
    enableServletCaching = false
    defaultVirtualHostName = "default_host"
    ardEnabled = false
    ardIncludeTimeout = 0
    poolingDisabled = false
    maximumExpiredEntries = 0
    maximumResponseStoreSize = 0
    useAsyncRunnableWorkManager = false
    asyncRunnableWorkManagerName = null
    numAsyncTimerThreads = 2
    defaultAsyncServletTimeout = 30000
  applicationListeners = class java.util.ArrayList@3f32a604
    serialVersionUID = 8683452581122892189
    DEFAULT_CAPACITY = 10
    EMPTY_ELEMENTDATA = class java.lang.Object[0]
    DEFAULTCAPACITY_EMPTY_ELEMENTDATA = class java.lang.Object[0]
    elementData = class java.lang.Object[0]
    size = 0
    MAX_ARRAY_SIZE = 2147483639
    modCount = 0
    MAX_ARRAY_SIZE = 2147483639
  servletListeners = class java.util.ArrayList@149add59
    serialVersionUID = 8683452581122892189
    DEFAULT_CAPACITY = 10
    EMPTY_ELEMENTDATA = class java.lang.Object[0]
    DEFAULTCAPACITY_EMPTY_ELEMENTDATA = class java.lang.Object[0]
    elementData = class java.lang.Object[0]
    size = 0
    MAX_ARRAY_SIZE = 2147483639
    modCount = 0
    MAX_ARRAY_SIZE = 2147483639
  servletErrorListeners = class java.util.ArrayList@307f8931
    serialVersionUID = 8683452581122892189
    DEFAULT_CAPACITY = 10
    EMPTY_ELEMENTDATA = class java.lang.Object[0]
    DEFAULTCAPACITY_EMPTY_ELEMENTDATA = class java.lang.Object[0]
    elementData = class java.lang.Object[0]
    size = 0
    MAX_ARRAY_SIZE = 2147483639
    modCount = 0
    MAX_ARRAY_SIZE = 2147483639
  servletInvocationListeners = class java.util.ArrayList@149b97e0
    serialVersionUID = 8683452581122892189
    DEFAULT_CAPACITY = 10
    EMPTY_ELEMENTDATA = class java.lang.Object[0]
    DEFAULTCAPACITY_EMPTY_ELEMENTDATA = class java.lang.Object[0]
    elementData = class java.lang.Object[0]
    size = 0
    MAX_ARRAY_SIZE = 2147483639
    modCount = 0
    MAX_ARRAY_SIZE = 2147483639
  filterInvocationListeners = class java.util.ArrayList@3e3301f1
    serialVersionUID = 8683452581122892189
    DEFAULT_CAPACITY = 10
    EMPTY_ELEMENTDATA = class java.lang.Object[0]
    DEFAULTCAPACITY_EMPTY_ELEMENTDATA = class java.lang.Object[0]
    elementData = class java.lang.Object[0]
    size = 0
    MAX_ARRAY_SIZE = 2147483639
    modCount = 0
    MAX_ARRAY_SIZE = 2147483639
  filterErrorListeners = class java.util.ArrayList@7c01637b
    serialVersionUID = 8683452581122892189
    DEFAULT_CAPACITY = 10
    EMPTY_ELEMENTDATA = class java.lang.Object[0]
    DEFAULTCAPACITY_EMPTY_ELEMENTDATA = class java.lang.Object[0]
    elementData = class java.lang.Object[0]
    size = 0
    MAX_ARRAY_SIZE = 2147483639
    modCount = 0
    MAX_ARRAY_SIZE = 2147483639
  filterListeners = class java.util.ArrayList@30fb5bcb
    serialVersionUID = 8683452581122892189
    DEFAULT_CAPACITY = 10
    EMPTY_ELEMENTDATA = class java.lang.Object[0]
    DEFAULTCAPACITY_EMPTY_ELEMENTDATA = class java.lang.Object[0]
    elementData = class java.lang.Object[0]
    size = 0
    MAX_ARRAY_SIZE = 2147483639
    modCount = 0
    MAX_ARRAY_SIZE = 2147483639
  servletRequestListeners = class java.util.ArrayList@7897fea3
    serialVersionUID = 8683452581122892189
    DEFAULT_CAPACITY = 10
    EMPTY_ELEMENTDATA = class java.lang.Object[0]
    DEFAULTCAPACITY_EMPTY_ELEMENTDATA = class java.lang.Object[0]
    elementData = class java.lang.Object[0]
    size = 0
    MAX_ARRAY_SIZE = 2147483639
    modCount = 0
    MAX_ARRAY_SIZE = 2147483639
  servletRequestAttributeListeners = class java.util.ArrayList@5e0d54c9
    serialVersionUID = 8683452581122892189
    DEFAULT_CAPACITY = 10
    EMPTY_ELEMENTDATA = class java.lang.Object[0]
    DEFAULTCAPACITY_EMPTY_ELEMENTDATA = class java.lang.Object[0]
    elementData = class java.lang.Object[0]
    size = 0
    MAX_ARRAY_SIZE = 2147483639
    modCount = 0
    MAX_ARRAY_SIZE = 2147483639
  servletContextListeners = class java.util.ArrayList@2960fec8
    serialVersionUID = 8683452581122892189
    DEFAULT_CAPACITY = 10
    EMPTY_ELEMENTDATA = class java.lang.Object[0]
    DEFAULTCAPACITY_EMPTY_ELEMENTDATA = class java.lang.Object[0]
    elementData = class java.lang.Object[0]
    size = 0
    MAX_ARRAY_SIZE = 2147483639
    modCount = 0
    MAX_ARRAY_SIZE = 2147483639
  servletContextAttributeListeners = class java.util.ArrayList@432fdd2c
    serialVersionUID = 8683452581122892189
    DEFAULT_CAPACITY = 10
    EMPTY_ELEMENTDATA = class java.lang.Object[0]
    DEFAULTCAPACITY_EMPTY_ELEMENTDATA = class java.lang.Object[0]
    elementData = class java.lang.Object[0]
    size = 0
    MAX_ARRAY_SIZE = 2147483639
    modCount = 0
    MAX_ARRAY_SIZE = 2147483639
  sessionListeners = class java.util.ArrayList@40a510c
    serialVersionUID = 8683452581122892189
    DEFAULT_CAPACITY = 10
    EMPTY_ELEMENTDATA = class java.lang.Object[0]
    DEFAULTCAPACITY_EMPTY_ELEMENTDATA = class java.lang.Object[0]
    elementData = class java.lang.Object[0]
    size = 0
    MAX_ARRAY_SIZE = 2147483639
    modCount = 0
    MAX_ARRAY_SIZE = 2147483639
  sessionIdListeners = class java.util.ArrayList@3095e658
    serialVersionUID = 8683452581122892189
    DEFAULT_CAPACITY = 10
    EMPTY_ELEMENTDATA = class java.lang.Object[0]
    DEFAULTCAPACITY_EMPTY_ELEMENTDATA = class java.lang.Object[0]
    elementData = class java.lang.Object[0]
    size = 0
    MAX_ARRAY_SIZE = 2147483639
    modCount = 0
    MAX_ARRAY_SIZE = 2147483639
  sessionAttributeListeners = class java.util.ArrayList@1e2dc83c
    serialVersionUID = 8683452581122892189
    DEFAULT_CAPACITY = 10
    EMPTY_ELEMENTDATA = class java.lang.Object[0]
    DEFAULTCAPACITY_EMPTY_ELEMENTDATA = class java.lang.Object[0]
    elementData = class java.lang.Object[0]
    size = 0
    MAX_ARRAY_SIZE = 2147483639
    modCount = 0
    MAX_ARRAY_SIZE = 2147483639
  DEFAULT_HOST = "default_host"
  _initialized = true
  logger = class com.ibm.ws.logging.internal.WsLogger@23d6b068
    tc = class com.ibm.websphere.ras.TraceComponent@1a5b5c54
      strings[0] = "TraceComponent[com.ibm.ws.logging.internal.WsLogger,class com.ibm.ws.logging.internal.WsLogger,[logging],com.ibm.ws.logging.internal.resources.LoggingMessages,null]"
    ivCachedResourceBundleName = "com.ibm.ws.webcontainer.resources.Messages"
    ivCachedResourceBundle = class com.ibm.ws.webcontainer.resources.Messages@44e49686
      resources = class [Ljava.lang.Object;[334]
      lookup = class java.util.HashMap@13fe0af1
      INITIAL_CACHE_SIZE = 32
      NONEXISTENT_BUNDLE = class java.util.ResourceBundle$1@5c101371
      cacheList = class java.util.concurrent.ConcurrentHashMap@5c2ca2a5
      referenceQueue = class java.lang.ref.ReferenceQueue@70cebe4d
      parent = null
      locale = class java.util.Locale@13048b27
      name = "com.ibm.ws.webcontainer.resources.Messages"
      expired = false
      cacheKey = class java.util.ResourceBundle$CacheKey@4fd389ad
      keySet = null
      providers = null
      $assertionsDisabled = true
    ivComponent = null
    ivOrganization = null
    ivProduct = null
    ivMinimumLocalizationLevelIntValue = 625
    ivTC = class com.ibm.websphere.ras.TraceComponent@7049e6eb
      strings[0] = "TraceComponent[com.ibm.ws.webcontainer,class com.ibm.wsspi.webcontainer.logging.LoggerFactory$1,[com.ibm.ws.webcontainer],null,null]"
    loggerRegistrationComponent = class java.lang.ThreadLocal@4fd96614
      threadLocalHashCode = -443779887
      nextHashCode = class java.util.concurrent.atomic.AtomicInteger@4e28fa1f
      HASH_INCREMENT = 1640531527
    emptyHandlers = class java.util.logging.Handler[0]
    offValue = 2147483647
    SYSTEM_LOGGER_RB_NAME = "sun.util.logging.resources.logging"
    SYSTEM_BUNDLE = class java.util.logging.Logger$LoggerBundle@7a6923b7
      resourceBundleName = "sun.util.logging.resources.logging"
      userBundle = null
    NO_RESOURCE_BUNDLE = class java.util.logging.Logger$LoggerBundle@4dabde7f
      resourceBundleName = null
      userBundle = null
    manager = class com.ibm.ws.kernel.boot.logging.WsLogManager@2d9b31ea
      CLASS_NAME = "com.ibm.ws.kernel.boot.logging.WsLogManager"
      CONFIGURE_BY_SERVER_PROPERTY_NAME = "java.util.logging.configureByServer"
      CONFIGURE_BY_LOGGING_PROPERTIES_FILE = "java.util.logging.configureByLoggingPropertiesFile"
      configureByServer = true
      configureByLoggingProperties = false
      wsLogger = class java.lang.reflect.Constructor@18e7a801
      resetEnabled = true
      svBinaryLoggingEnable = false
      manager = class com.ibm.ws.kernel.boot.logging.WsLogManager@2d9b31ea
      props = class java.util.Properties@4edd727c
      defaultLevel = class java.util.logging.Level@2cc23a76
      listenerMap = class java.util.HashMap@762ba7e0
      systemContext = class java.util.logging.LogManager$SystemLoggerContext@53a9ae84
      userContext = class java.util.logging.LogManager$LoggerContext@890981e
      rootLogger = class java.util.logging.LogManager$RootLogger@2d7b45e2
      readPrimordialConfiguration = true
      initializedGlobalHandlers = true
      deathImminent = false
      initializedCalled = true
      initializationDone = true
      contextsMap = null
      loggerRefQueue = class java.lang.ref.ReferenceQueue@644e30a
      MAX_ITERATIONS = 400
      controlPermission = class java.util.logging.LoggingPermission@1887a0c8
      loggingMXBean = null
      LOGGING_MXBEAN_NAME = "java.util.logging:type=Logging"
      $assertionsDisabled = true
    name = "com.ibm.ws.webcontainer"
    handlers = class java.util.concurrent.CopyOnWriteArrayList@29f60b8b
      serialVersionUID = 8673264195747942595
      lock = class java.util.concurrent.locks.ReentrantLock@692b05c3
      array = class java.lang.Object[0]
      UNSAFE = class sun.misc.Unsafe@7cb29289
      lockOffset = 12
    loggerBundle = class java.util.logging.Logger$LoggerBundle@1a31e199
      resourceBundleName = "com.ibm.ws.webcontainer.resources.Messages"
      userBundle = null
    useParentHandlers = true
    filter = null
    anonymous = false
    catalog = class com.ibm.ws.webcontainer.resources.Messages@44e49686
    catalogName = "com.ibm.ws.webcontainer.resources.Messages"
    catalogLocale = class java.util.Locale@9fa8c86
      LOCALECACHE = class java.util.Locale$Cache@42856b44
      ENGLISH = class java.util.Locale@67a1123c
      FRENCH = class java.util.Locale@2f6fe39d
      GERMAN = class java.util.Locale@8f4d2fa
      ITALIAN = class java.util.Locale@61c247eb
      JAPANESE = class java.util.Locale@e9d991d
      KOREAN = class java.util.Locale@5e3ef058
      CHINESE = class java.util.Locale@70f39a67
      SIMPLIFIED_CHINESE = class java.util.Locale@3fd668d
      TRADITIONAL_CHINESE = class java.util.Locale@61ca429e
      FRANCE = class java.util.Locale@48dfc2cf
      GERMANY = class java.util.Locale@24935911
      ITALY = class java.util.Locale@4cb28a00
      JAPAN = class java.util.Locale@7f5fefba
      KOREA = class java.util.Locale@49a09324
      CHINA = class java.util.Locale@3fd668d
      PRC = class java.util.Locale@3fd668d
      TAIWAN = class java.util.Locale@61ca429e
      UK = class java.util.Locale@77c510d0
      US = class java.util.Locale@9fa8c86
      CANADA = class java.util.Locale@2fff76a2
      CANADA_FRENCH = class java.util.Locale@2f5d7ed8
      ROOT = class java.util.Locale@13048b27
      PRIVATE_USE_EXTENSION = x
      UNICODE_LOCALE_EXTENSION = u
      serialVersionUID = 9149081749638150636
      DISPLAY_LANGUAGE = 0
      DISPLAY_COUNTRY = 1
      DISPLAY_VARIANT = 2
      DISPLAY_SCRIPT = 3
      baseLocale = class sun.util.locale.BaseLocale@6229f1a4
      localeExtensions = null
      hashCodeValue = 96636889
      defaultLocale = class java.util.Locale@9fa8c86
      defaultDisplayLocale = null
      defaultFormatLocale = class java.util.Locale@9fa8c86
      languageTag = "en-US"
      serialPersistentFields = class java.io.ObjectStreamField[6]
      isoLanguages = null
      isoCountries = null
      $assertionsDisabled = true
    treeLock = class java.lang.Object@7d9af832
    parent = class java.util.logging.Logger@64a90e59
      emptyHandlers = class java.util.logging.Handler[0]
      offValue = 2147483647
      SYSTEM_LOGGER_RB_NAME = "sun.util.logging.resources.logging"
      SYSTEM_BUNDLE = class java.util.logging.Logger$LoggerBundle@7a6923b7
      NO_RESOURCE_BUNDLE = class java.util.logging.Logger$LoggerBundle@4dabde7f
      manager = class com.ibm.ws.kernel.boot.logging.WsLogManager@2d9b31ea
      name = ""
      handlers = class java.util.concurrent.CopyOnWriteArrayList@7cd30907
      loggerBundle = class java.util.logging.Logger$LoggerBundle@4dabde7f
      useParentHandlers = true
      filter = null
      anonymous = false
      catalog = null
      catalogName = null
      catalogLocale = null
      treeLock = class java.lang.Object@7d9af832
      parent = null
      kids = class java.util.ArrayList@4c51dce4
      levelObject = null
      levelValue = 800
      callersClassLoaderRef = null
      isSystemLogger = false
      GLOBAL_LOGGER_NAME = "global"
      global = class java.util.logging.Logger@6e23d1a2
      $assertionsDisabled = true
    kids = class java.util.ArrayList@7181067c
      serialVersionUID = 8683452581122892189
      DEFAULT_CAPACITY = 10
      EMPTY_ELEMENTDATA = class java.lang.Object[0]
      DEFAULTCAPACITY_EMPTY_ELEMENTDATA = class java.lang.Object[0]
      elementData = class java.lang.Object[6]
      size = 5
      MAX_ARRAY_SIZE = 2147483639
      modCount = 5
      MAX_ARRAY_SIZE = 2147483639
    levelObject = class java.util.logging.Level@2cc23a76
      defaultBundle = "sun.util.logging.resources.logging"
      name = "INFO"
      value = 800
      resourceBundleName = "sun.util.logging.resources.logging"
      localizedLevelName = "INFO"
      cachedLocale = class java.util.Locale@9fa8c86
      OFF = class java.util.logging.Level@36a93014
      SEVERE = class java.util.logging.Level@1f08d04e
      WARNING = class java.util.logging.Level@2f9b04cc
      INFO = class java.util.logging.Level@2cc23a76
      CONFIG = class java.util.logging.Level@4c1f9bd9
      FINE = class java.util.logging.Level@33492bde
      FINER = class java.util.logging.Level@6a1a0759
      FINEST = class java.util.logging.Level@1dd0c3b2
      ALL = class java.util.logging.Level@2da14282
      serialVersionUID = -8176160795706313070
    levelValue = 800
    callersClassLoaderRef = class java.lang.ref.WeakReference@6330cb4
      referent = class org.eclipse.osgi.internal.loader.EquinoxClassLoader@78a15b50
      queue = class java.lang.ref.ReferenceQueue$Null@de16068
      next = null
      discovered = null
      lock = class java.lang.ref.Reference$Lock@25ed4463
      pending = null
    isSystemLogger = false
    GLOBAL_LOGGER_NAME = "global"
    global = class java.util.logging.Logger@6e23d1a2
      emptyHandlers = class java.util.logging.Handler[0]
      offValue = 2147483647
      SYSTEM_LOGGER_RB_NAME = "sun.util.logging.resources.logging"
      SYSTEM_BUNDLE = class java.util.logging.Logger$LoggerBundle@7a6923b7
      NO_RESOURCE_BUNDLE = class java.util.logging.Logger$LoggerBundle@4dabde7f
      manager = class com.ibm.ws.kernel.boot.logging.WsLogManager@2d9b31ea
      name = "global"
      handlers = class java.util.concurrent.CopyOnWriteArrayList@2808a0a6
      loggerBundle = class java.util.logging.Logger$LoggerBundle@4dabde7f
      useParentHandlers = true
      filter = null
      anonymous = false
      catalog = null
      catalogName = null
      catalogLocale = null
      treeLock = class java.lang.Object@7d9af832
      parent = class java.util.logging.LogManager$RootLogger@2d7b45e2
      kids = null
      levelObject = null
      levelValue = 800
      callersClassLoaderRef = null
      isSystemLogger = true
      GLOBAL_LOGGER_NAME = "global"
      global = class java.util.logging.Logger@6e23d1a2
      $assertionsDisabled = true
    $assertionsDisabled = true
  CLASS_NAME = "com.ibm.ws.webcontainer.internal.WebContainer"
  nls = class com.ibm.ejs.ras.TraceNLS@7502072f
    resolver = class com.ibm.ws.logging.internal.TraceNLSResolver@36719750
      tc = class com.ibm.websphere.ras.TraceComponent@6ed3ef1
      DEBUG_TRACE_NLS_PROPERTY = "com.ibm.ejs.ras.debugTraceNLSResolver"
      debugTraceNLSResolver = false
      makeNoise = false
      nullKey = "null"
      svNullBundleName = "Resource Bundle name is null, key = {0}"
      svBundleNotLoaded = "Unable to load ResourceBundle {0}"
      svNullKeyMessage = "Null key passed while using ResourceBundle {0}"
      svMalformedMessage = "No message text associated with key {0} in bundle {1}"
    finder = class com.ibm.ws.logging.internal.StackFinder@7134f5ec
      inCheck = false
      initialized = true
      rootGroup = class java.lang.ThreadGroup@ad458df
      packageAccessValid = false
      packageAccess = null
      packageAccessLock = class java.lang.Object@7a2ac679
      packageDefinitionValid = false
      packageDefinition = null
      packageDefinitionLock = class java.lang.Object@7e3ce85c
    ivBundleName = "com.ibm.ws.webcontainer.resources.Messages"
    caller = class java.lang.Class@537ee7fc
      ANNOTATION = 8192
      ENUM = 16384
      SYNTHETIC = 4096
      cachedConstructor = null
      newInstanceCallerCache = null
      name = null
      allPermDomain = class java.security.ProtectionDomain@738ae659
      useCaches = true
      reflectionData = class java.lang.ref.SoftReference@43c4076f
      classRedefinedCount = 0
      genericInfo = null
      serialVersionUID = 3206093459760846163
      serialPersistentFields = class java.io.ObjectStreamField[0]
      reflectionFactory = class sun.reflect.ReflectionFactory@1f5f5bc7
      initted = true
      enumConstants = null
      enumConstantDirectory = null
      annotationData = class java.lang.Class$AnnotationData@52b30853
      annotationType = null
      classValueMap = null
  self = class java.util.concurrent.atomic.AtomicReference@6a3a88f1
    serialVersionUID = -1848883965231344442
    unsafe = class sun.misc.Unsafe@7cb29289
    valueOffset = 12
    value = class com.ibm.ws.webcontainer.osgi.WebContainer@5193bf8a
  _cipherToBit = class java.util.HashMap@1a26d1a2
    serialVersionUID = 362498820763181265
    DEFAULT_INITIAL_CAPACITY = 16
    MAXIMUM_CAPACITY = 1073741824
    DEFAULT_LOAD_FACTOR = 0.75
    TREEIFY_THRESHOLD = 8
    UNTREEIFY_THRESHOLD = 6
    MIN_TREEIFY_CAPACITY = 64
    table = null
    entrySet = null
    size = 0
    modCount = 0
    threshold = 0
    loadFactor = 0.75
    keySet = null
    values = null
  cacheKeyStringBuilder = class com.ibm.ws.util.WSThreadLocal@ce5677e
    tc = class com.ibm.ejs.ras.TraceComponent@27ec4815
      strings[0] = "TraceComponent[com.ibm.ws.util.WSThreadLocal,class com.ibm.ws.util.WSThreadLocal,[Runtime],com.ibm.ws.runtime.runtime,null]"
    count = 6
    index = 3
    SUSPECTED_MISUSAGE_THRESHOLD = 200
    threadLocalHashCode = -2047444088
    nextHashCode = class java.util.concurrent.atomic.AtomicInteger@4e28fa1f
      serialVersionUID = 6214790243416807050
      unsafe = class sun.misc.Unsafe@7cb29289
      valueOffset = 12
      value = 198132563
      serialVersionUID = -8742448824652078965
    HASH_INCREMENT = 1640531527
  listenersInitialized = false
  webConProperties = class java.util.Properties@69bb22b2
    serialVersionUID = 4112578634029874840
    defaults = null
    hexDigit = {0123456789ABCDEF} /* array length = 16 */
    table = class java.util.Hashtable$Entry[95]
      Entry[0] = class java.util.Hashtable$Entry@4f5198c
      Entry[1] = class java.util.Hashtable$Entry@1b892148
      Entry[2] = null
      Entry[3] = class java.util.Hashtable$Entry@7fedbf9f
      Entry[4] = null
      Entry[5] = class java.util.Hashtable$Entry@2d974140
      Entry[6] = class java.util.Hashtable$Entry@1820407
      Entry[7] = null
      Entry[8] = class java.util.Hashtable$Entry@53d3e61e
      Entry[9] = class java.util.Hashtable$Entry@41d0aabc
      Entry[10] = class java.util.Hashtable$Entry@56da6e87
      Entry[11] = null
      Entry[12] = class java.util.Hashtable$Entry@4769fa67
      Entry[13] = null
      Entry[14] = class java.util.Hashtable$Entry@bc60782
      Entry[15] = class java.util.Hashtable$Entry@4f07c90c
      Entry[16] = null
      Entry[17] = null
      Entry[18] = null
      Entry[19] = class java.util.Hashtable$Entry@4a2c383d
      Entry[20] = class java.util.Hashtable$Entry@429e59dd
      Entry[21] = null
      Entry[22] = class java.util.Hashtable$Entry@795fac1b
      Entry[23] = class java.util.Hashtable$Entry@8615595
      Entry[24] = null
      Entry[25] = null
      Entry[26] = class java.util.Hashtable$Entry@23277974
      Entry[27] = null
      Entry[28] = class java.util.Hashtable$Entry@13479c7c
      Entry[29] = class java.util.Hashtable$Entry@177cd57b
      Entry[30] = null
      Entry[31] = null
      Entry[32] = null
      Entry[33] = null
      Entry[34] = class java.util.Hashtable$Entry@1533e7fc
      Entry[35] = null
      Entry[36] = class java.util.Hashtable$Entry@dc7c0f7
      Entry[37] = null
      Entry[38] = null
      Entry[39] = null
      Entry[40] = null
      Entry[41] = null
      Entry[42] = null
      Entry[43] = class java.util.Hashtable$Entry@224c094f
      Entry[44] = class java.util.Hashtable$Entry@536ac770
      Entry[45] = class java.util.Hashtable$Entry@596cc6e6
      Entry[46] = null
      Entry[47] = class java.util.Hashtable$Entry@6a1f7544
      Entry[48] = null
      Entry[49] = class java.util.Hashtable$Entry@28db1f39
      Entry[50] = class java.util.Hashtable$Entry@2d8f0c15
      Entry[51] = class java.util.Hashtable$Entry@12eba4b4
      Entry[52] = class java.util.Hashtable$Entry@34f46f8
      Entry[53] = class java.util.Hashtable$Entry@739db37f
      Entry[54] = class java.util.Hashtable$Entry@2627e6bd
      Entry[55] = null
      Entry[56] = null
      Entry[57] = null
      Entry[58] = null
      Entry[59] = null
      Entry[60] = null
      Entry[61] = null
      Entry[62] = null
      Entry[63] = null
      Entry[64] = class java.util.Hashtable$Entry@69a638c9
      Entry[65] = class java.util.Hashtable$Entry@10a7db83
      Entry[66] = null
      Entry[67] = null
      Entry[68] = null
      Entry[69] = null
      Entry[70] = class java.util.Hashtable$Entry@ebf84a3
      Entry[71] = null
      Entry[72] = null
      Entry[73] = class java.util.Hashtable$Entry@173489c7
      Entry[74] = null
      Entry[75] = null
      Entry[76] = class java.util.Hashtable$Entry@4f8c9b98
      Entry[77] = null
      Entry[78] = class java.util.Hashtable$Entry@61593a29
      Entry[79] = null
      Entry[80] = class java.util.Hashtable$Entry@13b1303d
      Entry[81] = null
      Entry[82] = null
      Entry[83] = null
      Entry[84] = null
      Entry[85] = class java.util.Hashtable$Entry@2078f93d
      Entry[86] = null
      Entry[87] = null
      Entry[88] = class java.util.Hashtable$Entry@b83e6f1
      Entry[89] = class java.util.Hashtable$Entry@23a31dda
      Entry[90] = null
      Entry[91] = null
      Entry[92] = class java.util.Hashtable$Entry@3909e14b
      Entry[93] = class java.util.Hashtable$Entry@5edf4646
      Entry[94] = null
    count = 58
    threshold = 71
    loadFactor = 0.75
    modCount = 61
    serialVersionUID = 1421746759512286392
    MAX_ARRAY_SIZE = 2147483639
    keySet = null
    entrySet = null
    values = null
    KEYS = 0
    VALUES = 1
    ENTRIES = 2
  sessionRegistry = null
  isStopped = false
  readWriteLockForStopping = class java.util.concurrent.locks.ReentrantReadWriteLock@57f85274
    serialVersionUID = -6992448646407690164
    readerLock = class java.util.concurrent.locks.ReentrantReadWriteLock$ReadLock@32f97c77
      serialVersionUID = -5992448646407690164
      sync = class java.util.concurrent.locks.ReentrantReadWriteLock$NonfairSync@1266b97b
    writerLock = class java.util.concurrent.locks.ReentrantReadWriteLock$WriteLock@651e88eb
      serialVersionUID = -4992448646407690164
      sync = class java.util.concurrent.locks.ReentrantReadWriteLock$NonfairSync@1266b97b
    sync = class java.util.concurrent.locks.ReentrantReadWriteLock$NonfairSync@1266b97b
      serialVersionUID = -8159625535654395037
      serialVersionUID = 6317671515068378041
      SHARED_SHIFT = 16
      SHARED_UNIT = 65536
      MAX_COUNT = 65535
      EXCLUSIVE_MASK = 65535
      readHolds = class java.util.concurrent.locks.ReentrantReadWriteLock$Sync$ThreadLocalHoldCounter@6cf5e576
      cachedHoldCounter = null
      firstReader = null
      firstReaderHoldCount = 0
      serialVersionUID = 7373984972572414691
      head = null
      tail = null
      state = 0
      spinForTimeoutThreshold = 1000
      unsafe = class sun.misc.Unsafe@7cb29289
      stateOffset = 16
      headOffset = 20
      tailOffset = 24
      waitStatusOffset = 12
      nextOffset = 20
      serialVersionUID = 3737899427754241961
      exclusiveOwnerThread = null
    UNSAFE = class sun.misc.Unsafe@7cb29289
    TID_OFFSET = 40
  urlPrefix = ";jsessionid="
  extensionFactories = class java.util.ArrayList@7bff32e8
    serialVersionUID = 8683452581122892189
    DEFAULT_CAPACITY = 10
    EMPTY_ELEMENTDATA = class java.lang.Object[0]
    DEFAULTCAPACITY_EMPTY_ELEMENTDATA = class java.lang.Object[0]
    elementData = class java.lang.Object[10]
      Object[0] = class com.ibm.ws.jsp.webcontainerext.JSPExtensionFactory@1c919511
      Object[1] = class com.ibm.ws.jaxrs20.server.component.JaxRsExtensionFactory@3e7a11e2
      Object[2] = class com.ibm.ws.jsf.extprocessor.JSFExtensionFactory@96e1548
      Object[3] = class com.ibm.ws.jsf.beanvalidation.extprocessor.JSFBeanValidationExtensionFactory@e493bf7
      Object[4] = class com.ibm.ws.jaxws.webcontainer.JaxWsExtensionFactory@1ee01e32
      Object[5] = class com.ibm.ws.app.manager.wab.internal.WABExtensionFactory@70fbf90d
      Object[6] = null
      Object[7] = null
      Object[8] = null
      Object[9] = null
    size = 6
    MAX_ARRAY_SIZE = 2147483639
    modCount = 6
    MAX_ARRAY_SIZE = 2147483639
  postInitExtensionFactories = null
  httpResponseListeners = class java.util.ArrayList@5c06647e
    serialVersionUID = 8683452581122892189
    DEFAULT_CAPACITY = 10
    EMPTY_ELEMENTDATA = class java.lang.Object[0]
    DEFAULTCAPACITY_EMPTY_ELEMENTDATA = class java.lang.Object[0]
    elementData = class java.lang.Object[0]
    size = 0
    MAX_ARRAY_SIZE = 2147483639
    modCount = 0
    MAX_ARRAY_SIZE = 2147483639
  servletContainerInitializers = class java.util.ServiceLoader@6c1863fe
    PREFIX = "META-INF/services/"
    service = class java.lang.Class@503d709c
      ANNOTATION = 8192
      ENUM = 16384
      SYNTHETIC = 4096
      cachedConstructor = null
      newInstanceCallerCache = null
      name = null
      allPermDomain = class java.security.ProtectionDomain@738ae659
      useCaches = true
      reflectionData = null
      classRedefinedCount = 0
      genericInfo = null
      serialVersionUID = 3206093459760846163
      serialPersistentFields = class java.io.ObjectStreamField[0]
      reflectionFactory = class sun.reflect.ReflectionFactory@1f5f5bc7
      initted = true
      enumConstants = null
      enumConstantDirectory = null
      annotationData = null
      annotationType = null
      classValueMap = null
    loader = class org.eclipse.osgi.internal.loader.EquinoxClassLoader@78a15b50
      EQUINOX_REGISTERED_AS_PARALLEL = true
      configuration = class org.eclipse.osgi.internal.framework.EquinoxConfiguration@5a830bf
      debug = class org.eclipse.osgi.internal.debug.Debug@4b64da87
      delegate = class org.eclipse.osgi.internal.loader.BundleLoader@3fe0ee6d
      generation = class org.eclipse.osgi.storage.BundleInfo$Generation@cc285f4
      manager = class org.eclipse.osgi.internal.loader.classpath.ClasspathManager@5dc75e29
      isRegisteredAsParallel = true
      ALLPERMISSIONS = class java.security.AllPermissionCollection@5b1f43a7
      REGISTERED_AS_PARALLEL = true
      classNameLocks = class java.util.HashMap@196b02dc
      pkgLock = class java.lang.Object@5d02f486
      parent = class com.ibm.ws.kernel.internal.classloader.BootstrapChildFirstJarClassloader@c4437c4
      parallelLockMap = class java.util.concurrent.ConcurrentHashMap@65a9facd
      package2certs = class java.util.concurrent.ConcurrentHashMap@440a9fa4
      nocerts = class java.security.cert.Certificate[0]
      classes = class java.util.Vector@5b6081b
      defaultDomain = class java.security.ProtectionDomain@4fda7aef
      domains = class java.util.Collections$SynchronizedSet@650f9e4b
      packages = class java.util.HashMap@75e8caf1
      scl = class sun.misc.Launcher$AppClassLoader@18b4aac2
      sclSet = true
      loadedLibraryNames = class java.util.Vector@402bf287
      systemNativeLibraries = class java.util.Vector@5cbae56f
      nativeLibraries = class java.util.Vector@45ded575
      nativeLibraryContext = class java.util.Stack@76d2307d
      usr_paths = class java.lang.String[7]
      sys_paths = class java.lang.String[1]
      assertionLock = class java.lang.Object@51ae5e73
      defaultAssertionStatus = false
      packageAssertionStatus = null
      classAssertionStatus = null
    acc = null
    providers = class java.util.LinkedHashMap@52b0f92f
      serialVersionUID = 3801124242820219131
      head = null
      tail = null
      accessOrder = false
      serialVersionUID = 362498820763181265
      DEFAULT_INITIAL_CAPACITY = 16
      MAXIMUM_CAPACITY = 1073741824
      DEFAULT_LOAD_FACTOR = 0.75
      TREEIFY_THRESHOLD = 8
      UNTREEIFY_THRESHOLD = 6
      MIN_TREEIFY_CAPACITY = 64
      table = null
      entrySet = null
      size = 0
      modCount = 1
      threshold = 0
      loadFactor = 0.75
      keySet = null
      values = null
    lookupIterator = class java.util.ServiceLoader$LazyIterator@139d0e8
      service = class java.lang.Class@503d709c
      loader = class org.eclipse.osgi.internal.loader.EquinoxClassLoader@78a15b50
      configs = null
      pending = null
      nextName = null
      this$0 = class java.util.ServiceLoader@6c1863fe
  auditManager = class com.ibm.websphere.security.audit.context.AuditManager@79e6f7fb
    threadLocal = class com.ibm.websphere.security.audit.context.AuditManager$AuditThreadLocal@7209f098
      serialVersionUID = 7915092222804478388
      $$$tc$$$ = class com.ibm.websphere.ras.TraceComponent@5a60ad3c
      threadLocalHashCode = -282514650
      nextHashCode = class java.util.concurrent.atomic.AtomicInteger@4e28fa1f
      HASH_INCREMENT = 1640531527
    serialVersionUID = 8297158904878279977
    $$$tc$$$ = class com.ibm.websphere.ras.TraceComponent@adc3baf
      strings[0] = "TraceComponent[com.ibm.websphere.security.audit.context.AuditManager,class com.ibm.websphere.security.audit.context.AuditManager,[],null,null]"
  threadLocal = class java.lang.ThreadLocal@7b8cf25d
    threadLocalHashCode = -406912561
    nextHashCode = class java.util.concurrent.atomic.AtomicInteger@4e28fa1f
    HASH_INCREMENT = 1640531527
  invocationCacheSize = 500
  decodePlusSign = true
  _cacheMap = class java.util.concurrent.ConcurrentHashMap@14465cc6
    serialVersionUID = 7249069246763182397
    MAXIMUM_CAPACITY = 1073741824
    DEFAULT_CAPACITY = 16
    MAX_ARRAY_SIZE = 2147483639
    DEFAULT_CONCURRENCY_LEVEL = 16
    LOAD_FACTOR = 0.75
    TREEIFY_THRESHOLD = 8
    UNTREEIFY_THRESHOLD = 6
    MIN_TREEIFY_CAPACITY = 64
    MIN_TRANSFER_STRIDE = 16
    RESIZE_STAMP_BITS = 16
    MAX_RESIZERS = 65535
    RESIZE_STAMP_SHIFT = 16
    MOVED = -1
    TREEBIN = -2
    RESERVED = -3
    HASH_BITS = 2147483647
    NCPU = 4
    serialPersistentFields = class java.io.ObjectStreamField[3]
      ObjectStreamField[0] = class java.io.ObjectStreamField@3f538f33
      ObjectStreamField[1] = class java.io.ObjectStreamField@5ccf08c9
      ObjectStreamField[2] = class java.io.ObjectStreamField@392be1f4
    table = null
    nextTable = null
    baseCount = 0
    sizeCtl = 1024
    transferIndex = 0
    cellsBusy = 0
    counterCells = null
    keySet = null
    values = null
    entrySet = null
    U = class sun.misc.Unsafe@7cb29289
      theUnsafe = class sun.misc.Unsafe@7cb29289
      INVALID_FIELD_OFFSET = -1
      ARRAY_BOOLEAN_BASE_OFFSET = 16
      ARRAY_BYTE_BASE_OFFSET = 16
      ARRAY_SHORT_BASE_OFFSET = 16
      ARRAY_CHAR_BASE_OFFSET = 16
      ARRAY_INT_BASE_OFFSET = 16
      ARRAY_LONG_BASE_OFFSET = 16
      ARRAY_FLOAT_BASE_OFFSET = 16
      ARRAY_DOUBLE_BASE_OFFSET = 16
      ARRAY_OBJECT_BASE_OFFSET = 16
      ARRAY_BOOLEAN_INDEX_SCALE = 1
      ARRAY_BYTE_INDEX_SCALE = 1
      ARRAY_SHORT_INDEX_SCALE = 2
      ARRAY_CHAR_INDEX_SCALE = 2
      ARRAY_INT_INDEX_SCALE = 4
      ARRAY_LONG_INDEX_SCALE = 8
      ARRAY_FLOAT_INDEX_SCALE = 4
      ARRAY_DOUBLE_INDEX_SCALE = 8
      ARRAY_OBJECT_INDEX_SCALE = 4
      ADDRESS_SIZE = 8
    SIZECTL = 20
    TRANSFERINDEX = 32
    BASECOUNT = 24
    CELLSBUSY = 36
    CELLVALUE = 144
    ABASE = 16
    ASHIFT = 2
    keySet = null
    values = null
  _cacheSize = class java.util.concurrent.atomic.AtomicInteger@3beeca23
    serialVersionUID = 6214790243416807050
    unsafe = class sun.misc.Unsafe@7cb29289
    valueOffset = 12
    value = 0
    serialVersionUID = -8742448824652078965
  vHostCompatFlag = false
  platformHelper = class com.ibm.ws.webcontainer.PlatformHelper@7579ab8a
  isDefaultTempDir = true
  tempDir = null
  servletCachingInitNeeded = true
  appInstallBegun = true
  cacheServletWrapperFactory = class com.ibm.ws.webcontainer31.servlet.factory.CacheServletWrapperFactory31Impl@69fba162
  commands = class java.util.ArrayList@20f04e9
    serialVersionUID = 8683452581122892189
    DEFAULT_CAPACITY = 10
    EMPTY_ELEMENTDATA = class java.lang.Object[0]
    DEFAULTCAPACITY_EMPTY_ELEMENTDATA = class java.lang.Object[0]
    elementData = class java.lang.Object[3]
      Object[0] = null
      Object[1] = null
      Object[2] = null
    size = 0
    MAX_ARRAY_SIZE = 2147483639
    modCount = 0
    MAX_ARRAY_SIZE = 2147483639
  requestMapper = class com.ibm.ws.webcontainer.util.VirtualHostContextRootMapper@3a92dad9
    cachedMappers = class java.util.Collections$SynchronizedMap@23535627
      serialVersionUID = 1978198479659022715
      m = class java.util.HashMap@145b8bae
      mutex = class java.util.Collections$SynchronizedMap@23535627
      keySet = null
      entrySet = null
      values = null
    nls = class com.ibm.ejs.ras.TraceNLS@a225cf5
      resolver = class com.ibm.ws.logging.internal.TraceNLSResolver@36719750
      finder = class com.ibm.ws.logging.internal.StackFinder@7134f5ec
      ivBundleName = "com.ibm.ws.webcontainer.resources.Messages"
      caller = class java.lang.Class@530d3325
    logger = class com.ibm.ws.logging.internal.WsLogger@20f592f4
      tc = class com.ibm.websphere.ras.TraceComponent@1a5b5c54
      ivCachedResourceBundleName = null
      ivCachedResourceBundle = null
      ivComponent = null
      ivOrganization = null
      ivProduct = null
      ivMinimumLocalizationLevelIntValue = 625
      ivTC = class com.ibm.websphere.ras.TraceComponent@3a1fd6a3
      loggerRegistrationComponent = class java.lang.ThreadLocal@4fd96614
      emptyHandlers = class java.util.logging.Handler[0]
      offValue = 2147483647
      SYSTEM_LOGGER_RB_NAME = "sun.util.logging.resources.logging"
      SYSTEM_BUNDLE = class java.util.logging.Logger$LoggerBundle@7a6923b7
      NO_RESOURCE_BUNDLE = class java.util.logging.Logger$LoggerBundle@4dabde7f
      manager = class com.ibm.ws.kernel.boot.logging.WsLogManager@2d9b31ea
      name = "com.ibm.ws.webcontainer.util"
      handlers = class java.util.concurrent.CopyOnWriteArrayList@2ee1169e
      loggerBundle = class java.util.logging.Logger$LoggerBundle@4e74c26e
      useParentHandlers = true
      filter = null
      anonymous = false
      catalog = class com.ibm.ws.webcontainer.resources.Messages@44e49686
      catalogName = "com.ibm.ws.webcontainer.resources.Messages"
      catalogLocale = class java.util.Locale@9fa8c86
      treeLock = class java.lang.Object@7d9af832
      parent = class com.ibm.ws.logging.internal.WsLogger@23d6b068
      kids = null
      levelObject = class java.util.logging.Level@2cc23a76
      levelValue = 800
      callersClassLoaderRef = class java.lang.ref.WeakReference@686ef4a9
      isSystemLogger = false
      GLOBAL_LOGGER_NAME = "global"
      global = class java.util.logging.Logger@6e23d1a2
      $assertionsDisabled = true
    CLASS_NAME = "com.ibm.ws.webcontainer.util.VirtualHostContextRootMapper"
    CLASSNAME = "com.ibm.ws.util.VirtualHostMapper"
    tc = class com.ibm.ejs.ras.TraceComponent@1f4528f6
      strings[0] = "TraceComponent[com.ibm.ws.util.VirtualHostMapper,class com.ibm.ws.util.VirtualHostMapper,[Runtime],null,null]"
    vHostTable = class java.util.concurrent.ConcurrentHashMap@3b5db3a7
      serialVersionUID = 7249069246763182397
      MAXIMUM_CAPACITY = 1073741824
      DEFAULT_CAPACITY = 16
      MAX_ARRAY_SIZE = 2147483639
      DEFAULT_CONCURRENCY_LEVEL = 16
      LOAD_FACTOR = 0.75
      TREEIFY_THRESHOLD = 8
      UNTREEIFY_THRESHOLD = 6
      MIN_TREEIFY_CAPACITY = 64
      MIN_TRANSFER_STRIDE = 16
      RESIZE_STAMP_BITS = 16
      MAX_RESIZERS = 65535
      RESIZE_STAMP_SHIFT = 16
      MOVED = -1
      TREEBIN = -2
      RESERVED = -3
      HASH_BITS = 2147483647
      NCPU = 4
      serialPersistentFields = class java.io.ObjectStreamField[3]
      table = null
      nextTable = null
      baseCount = 0
      sizeCtl = 0
      transferIndex = 0
      cellsBusy = 0
      counterCells = null
      keySet = null
      values = null
      entrySet = null
      U = class sun.misc.Unsafe@7cb29289
      SIZECTL = 20
      TRANSFERINDEX = 32
      BASECOUNT = 24
      CELLSBUSY = 36
      CELLVALUE = 144
      ABASE = 16
      ASHIFT = 2
      keySet = null
      values = null
  parent = null
  name = "Was.webcontainer"
  isAlive = true
  subElements = class java.util.HashMap@2a88afad
    serialVersionUID = 362498820763181265
    DEFAULT_INITIAL_CAPACITY = 16
    MAXIMUM_CAPACITY = 1073741824
    DEFAULT_LOAD_FACTOR = 0.75
    TREEIFY_THRESHOLD = 8
    UNTREEIFY_THRESHOLD = 6
    MIN_TREEIFY_CAPACITY = 64
    table = class java.util.HashMap$Node[16]
      Node[0] = null
      Node[1] = null
      Node[2] = null
      Node[3] = null
      Node[4] = null
      Node[5] = null
      Node[6] = null
      Node[7] = null
      Node[8] = null
      Node[9] = null
      Node[10] = null
      Node[11] = null
      Node[12] = null
      Node[13] = null
      Node[14] = class java.util.HashMap$Node@63788892
      Node[15] = null
    entrySet = null
    size = 1
    modCount = 1
    threshold = 12
    loadFactor = 0.75
    keySet = null
    values = null
  attributes = null
  config = null
  serialVersionUID = -8271459000149267764
  $$$tc$$$ = class com.ibm.websphere.ras.TraceComponent@665e478a
    strings[0] = "TraceComponent[com.ibm.ws.container.AbstractContainer,class com.ibm.ws.container.AbstractContainer,[],null,null]"

