------Start of DE processing------ = [10/19/20 10:52:23:209 PDT]
Exception = com.ibm.ws.webcontainer.exception.WebAppNotLoadedException
Source = com.ibm.ws.webcontainer.osgi.WebContainer
probeid = startModule
Stack Dump = com.ibm.ws.webcontainer.exception.WebAppNotLoadedException: Failed to load webapp: Context root /* mapping unable to be bound. Application Default Web Application unavailable.
	at com.ibm.ws.webcontainer.osgi.DynamicVirtualHost.addWebApplication(DynamicVirtualHost.java:184)
	at com.ibm.ws.webcontainer.WebContainer.addWebApp(WebContainer.java:542)
	at com.ibm.ws.webcontainer.WebContainer.addWebApplication(WebContainer.java:497)
	at com.ibm.ws.webcontainer.osgi.WebContainer.startModule(WebContainer.java:931)
	at com.ibm.ws.app.manager.module.internal.ModuleHandlerBase.deployModule(ModuleHandlerBase.java:99)
	at com.ibm.ws.app.manager.module.internal.DeployedModuleInfoImpl.installModule(DeployedModuleInfoImpl.java:49)
	at com.ibm.ws.app.manager.module.internal.DeployedAppInfoBase.deployModules(DeployedAppInfoBase.java:429)
	at com.ibm.ws.app.manager.module.internal.DeployedAppInfoBase.deployApp(DeployedAppInfoBase.java:415)
	at com.ibm.ws.app.manager.ear.internal.EARApplicationHandlerImpl.install(EARApplicationHandlerImpl.java:76)
	at com.ibm.ws.app.manager.internal.statemachine.StartAction.execute(StartAction.java:140)
	at com.ibm.ws.app.manager.internal.statemachine.ApplicationStateMachineImpl.enterState(ApplicationStateMachineImpl.java:1258)
	at com.ibm.ws.app.manager.internal.statemachine.ApplicationStateMachineImpl.run(ApplicationStateMachineImpl.java:873)
	at com.ibm.ws.threading.internal.ExecutorServiceImpl$RunnableWrapper.run(ExecutorServiceImpl.java:232)
	at java.util.concurrent.ThreadPoolExecutor.runWorker(ThreadPoolExecutor.java:1149)
	at java.util.concurrent.ThreadPoolExecutor$Worker.run(ThreadPoolExecutor.java:624)
	at java.lang.Thread.run(Thread.java:748)
Caused by: java.lang.Exception: Mapping clash for null: Target com.ibm.ws.webcontainer.osgi.webapp.WebGroup@19d13d91 already exists at node /
	at com.ibm.ws.webcontainer.util.URIMatcher.put(URIMatcher.java:131)
	at com.ibm.ws.webcontainer.util.URIMapper.addMapping(URIMapper.java:58)
	at com.ibm.ws.webcontainer.VirtualHost.addMapping(VirtualHost.java:284)
	at com.ibm.ws.webcontainer.osgi.DynamicVirtualHost.addMapping(DynamicVirtualHost.java:351)
	at com.ibm.ws.webcontainer.osgi.DynamicVirtualHost.addWebApplication(DynamicVirtualHost.java:174)
	... 15 more

Dump of callerThis
Object type = [Ljava.lang.Object;
  Object[0] = class com.ibm.ws.app.manager.module.internal.WebModuleInfoImpl@14c77cb8
    contextRoot = "/"
    isDefaultContextRootUsed = false
    serialVersionUID = -1540279394520440503
    $$$tc$$$ = class com.ibm.websphere.ras.TraceComponent@45267e58
      strings[0] = "TraceComponent[com.ibm.ws.app.manager.module.internal.WebModuleInfoImpl,class com.ibm.ws.app.manager.module.internal.WebModuleInfoImpl,[applications, app.manager],,null]"
    tc = class com.ibm.websphere.ras.TraceComponent@47063c24
      strings[0] = "TraceComponent[com.ibm.ws.app.manager.module.internal.ExtendedModuleInfoImpl,class com.ibm.ws.app.manager.module.internal.ExtendedModuleInfoImpl,[app.manager],com.ibm.ws.app.manager.module.internal.resources.Messages,null]"
    appInfo = class com.ibm.ws.container.service.app.deploy.internal.EARApplicationInfoImpl@290dce22
      libDirContainer = null
      appClassLoaderFactory = class com.ibm.ws.app.manager.ear.internal.EARDeployedAppInfo@3a1ff524
      appClassLoader = class com.ibm.ws.classloading.internal.AppClassLoader@f0b0d81
      serialVersionUID = -4019132629006900492
      $$$tc$$$ = class com.ibm.websphere.ras.TraceComponent@24d5f9b
      appName = "DefaultApplication_2"
      appMetaData = class com.ibm.ws.container.service.app.deploy.internal.ApplicationMetaDataImpl@146df740
      appContainer = class com.ibm.ws.adaptable.module.internal.InterpretedContainerImpl@b89f78d
      configHelper = class com.ibm.ws.app.manager.module.ApplicationNestedConfigHelper@22500c9b
      applicationInformation = class com.ibm.ws.app.manager.internal.ApplicationInstallInfo@7e70487e
      serialVersionUID = -505303337196743781
      $$$tc$$$ = class com.ibm.websphere.ras.TraceComponent@5f1348ea
    moduleName = "DefaultWebApplication"
    path = "DefaultWebApplication.war"
    moduleContainer = class com.ibm.ws.adaptable.module.internal.InterpretedContainerImpl@52bc17cc
      structureHelper = class com.ibm.ws.app.manager.ear.internal.EARStructureHelper@25a9345
      structureHelperSaysWeAreRoot = false
      structureHelperLocalRootDelegate = null
      serialVersionUID = -4533432718946765504
      $$$tc$$$ = class com.ibm.websphere.ras.TraceComponent@205e9a5f
      root = class com.ibm.ws.adaptable.module.internal.InterpretedContainerImpl@52bc17cc
      rootOverlay = class com.ibm.ws.artifact.overlay.internal.DirectoryBasedOverlayContainerImpl@e8caa2
      factoryHolder = class com.ibm.ws.adaptable.module.internal.AdaptableModuleFactoryImpl@2681038f
      delegate = class com.ibm.ws.artifact.overlay.internal.DirectoryBasedOverlayContainerImpl@e8caa2
      notifier = class com.ibm.ws.adaptable.module.internal.InterpretedNotifier@70176ca1
      serialVersionUID = -5621513278641113667
      $$$tc$$$ = class com.ibm.websphere.ras.TraceComponent@588081e4
    altDDEntry = null
    moduleClassesContainers = class java.util.ArrayList@41e61811
      serialVersionUID = 8683452581122892189
      DEFAULT_CAPACITY = 10
      EMPTY_ELEMENTDATA = class java.lang.Object[0]
      DEFAULTCAPACITY_EMPTY_ELEMENTDATA = class java.lang.Object[0]
      elementData = class java.lang.Object[10]
      size = 2
      MAX_ARRAY_SIZE = 2147483639
      modCount = 3
      MAX_ARRAY_SIZE = 2147483639
    classLoaderFactory = class com.ibm.ws.app.manager.ear.internal.EARDeployedAppInfo@3a1ff524
      _tc = class com.ibm.websphere.ras.TraceComponent@69241d76
      webModuleHandler = class com.ibm.ws.app.manager.web.internal.WebModuleHandlerImpl@65cd471d
      ejbModuleHandler = class com.ibm.ws.app.manager.ejb.internal.EJBModuleHandlerImpl@472b4e36
      clientModuleHandler = class com.ibm.ws.app.manager.client.internal.ClientModuleHandlerImpl@701c1d95
      connectorModuleHandler = class com.ibm.ws.app.manager.connector.internal.ConnectorModuleHandlerImpl@47c89678
      moduleMetaDataExtenders = class java.util.concurrent.ConcurrentHashMap@4832c433
      nestedModuleMetaDataFactories = class java.util.concurrent.ConcurrentHashMap@557569fd
      appMBeanRuntime = class com.ibm.ws.app.management.j2ee.internal.DeployedAppMBeanRuntimeImpl@45152673
      applicationDD = class com.ibm.ws.javaee.ddmodel.app.ApplicationType@466d13ff
      preferredName = "DefaultApplication"
      earLibDeploymentInfo = null
      appClassLoaderId = class com.ibm.ws.classloading.serializable.ClassLoaderIdentityImpl@18a0445d
      altDDSupportEnabled = true
      preExpansionEarContainer = null
      classpathContainerInfos = class java.util.ArrayList@6664fc35
      appClassLoader = class com.ibm.ws.classloading.internal.AppClassLoader@f0b0d81
      protectionDomain = class java.security.ProtectionDomain@a2e7834
      mbeanServiceReg = class org.eclipse.osgi.internal.serviceregistry.ServiceRegistrationImpl@5667de1e
      CONTEXT_ROOT = "context-root"
      DEFAULT_CLIENT_MODULE = "defaultClientModule"
      initializeInOrder = false
      connectorModuleCount = 0
      ejbModuleCount = 0
      defaultClientModule = null
      EJB_ANNOTATIONS = class java.util.ArrayList@24727065
      DYNAMIC_IMPORT_PACKAGE_LIST = class java.util.Collections$UnmodifiableRandomAccessList@3eea5a1a
      serialVersionUID = 8207829731839157626
      _tc = class com.ibm.websphere.ras.TraceComponent@23c06e88
      PERMISSION_XML = "permissions.xml"
      applicationInformation = class com.ibm.ws.app.manager.internal.ApplicationInstallInfo@7e70487e
      location = "/home/ibmdemo/DefaultApplication/sample.DefaultApplication/modernized/DefaultApplication-ear/target/liberty/wlp/usr/servers/DefaultApplicationServer/apps/DefaultApplication.ear"
      classLoadingService = class com.ibm.ws.classloading.internal.ClassLoadingServiceImpl@5013f81d
      globalSharedLibrary = class com.ibm.ws.library.internal.SharedLibraryImpl@6b8a4bf
      sharedLibDeploymentInfo = class com.ibm.ws.app.manager.module.internal.DeployedAppInfoBase$SharedLibDeploymentInfo@31fe0d55
      futureMonitor = class com.ibm.ws.threading.internal.FutureMonitorImpl@2e60d162
      configAdmin = class com.ibm.ws.config.admin.internal.ConfigurationAdminImpl@5da8abfa
      libraryConfigHelper = class com.ibm.ws.classloading.ClassLoaderConfigHelper@56e8c755
      isDelegateLast = false
      permissionManager = class com.ibm.ws.classloading.java2sec.PermissionManager@15b60c6b
      permissionsConfig = null
      serialVersionUID = 5168023053972273360
      appInfo = class com.ibm.ws.container.service.app.deploy.internal.EARApplicationInfoImpl@290dce22
      modulesDeployed = class java.util.ArrayList@4c0cb920
      starting = true
      started = false
      appInfoFactory = class com.ibm.ws.container.service.app.deploy.internal.ApplicationInfoFactoryImpl@5cce0d9b
      metaDataService = class com.ibm.ws.container.service.metadata.internal.MetaDataServiceImpl@22a53633
      stateChangeService = class com.ibm.ws.container.service.state.internal.StateChangeServiceImpl@793e873d
      moduleClassesInfo = class com.ibm.ws.app.manager.module.internal.SimpleDeployedAppInfoBase$ModuleClassesInfoProvider@34e9d570
      moduleContainerInfos = class java.util.ArrayList@1d05bf74
      activeModuleHandlers = class java.util.IdentityHashMap@318bdb9a
      serialVersionUID = 7078125893012250887
      $$$tc$$$ = class com.ibm.websphere.ras.TraceComponent@4e851133
    containerInfoType = class com.ibm.ws.container.service.app.deploy.ContainerInfo$Type@4643729
      MANIFEST_CLASSPATH = class com.ibm.ws.container.service.app.deploy.ContainerInfo$Type@46b9b55c
      WEB_INF_CLASSES = class com.ibm.ws.container.service.app.deploy.ContainerInfo$Type@76f74ce0
      WEB_INF_LIB = class com.ibm.ws.container.service.app.deploy.ContainerInfo$Type@194f1eaf
      EAR_LIB = class com.ibm.ws.container.service.app.deploy.ContainerInfo$Type@28504e12
      WEB_MODULE = class com.ibm.ws.container.service.app.deploy.ContainerInfo$Type@4643729
      EJB_MODULE = class com.ibm.ws.container.service.app.deploy.ContainerInfo$Type@23481d11
      CLIENT_MODULE = class com.ibm.ws.container.service.app.deploy.ContainerInfo$Type@6f14d5d4
      RAR_MODULE = class com.ibm.ws.container.service.app.deploy.ContainerInfo$Type@e4f04ff
      JAR_MODULE = class com.ibm.ws.container.service.app.deploy.ContainerInfo$Type@2445ebfa
      SHARED_LIB = class com.ibm.ws.container.service.app.deploy.ContainerInfo$Type@4706caf6
      $VALUES = class com.ibm.ws.container.service.app.deploy.ContainerInfo$Type[10]
      $$$tc$$$ = class com.ibm.websphere.ras.TraceComponent@724ab0a0
      name = "WEB_MODULE"
      ordinal = 4
    classLoader = class com.ibm.ws.classloading.internal.AppClassLoader@4eeb6ace
      tc = class com.ibm.websphere.ras.TraceComponent@240f8895
      PARENT_FIRST_SEARCH_ORDER = class java.util.Collections$UnmodifiableRandomAccessList@204f5012
      CLASS_LOADING_TRACE_PREFIX = "com.ibm.ws.class.load."
      DEFAULT_PACKAGE = "default.package"
      perPackageClassLoadingTraceComponents = class java.util.concurrent.ConcurrentHashMap@6b54cbaa
      config = class com.ibm.ws.classloading.internal.ClassLoaderConfigurationImpl@5ef20c94
      privateLibraries = null
      delegateLoaders = class com.ibm.ws.classloading.internal.util.CompositeIterable@4775a068
      nativeLibraryFiles = class java.util.ArrayList@1de0a754
      transformers = class java.util.ArrayList@50a436d9
      apiAccess = class com.ibm.ws.classloading.internal.AppClassLoader@f0b0d81
      generator = class com.ibm.ws.classloading.internal.ClassGeneratorManager@1e7c06f5
      protectionDomains = class java.util.concurrent.ConcurrentHashMap@74e093b2
      parent = class com.ibm.ws.classloading.internal.AppClassLoader@f0b0d81
      serialVersionUID = -1542993300419972783
      tc = class com.ibm.websphere.ras.TraceComponent@51b756f0
      smartClassPath = class com.ibm.ws.classloading.internal.ContainerClassLoader$SmartClassPathImpl@6c22507d
      nativeLibraryContainers = class java.util.ArrayList@1d41a1de
      redefiner = class com.ibm.ws.classloading.internal.util.ClassRedefiner@63f4572d
      hook = null
      mapCreationQueue = class java.util.concurrent.Executors$FinalizableDelegatedExecutorService@137925e2
      serialVersionUID = -5001410721240711
      serialVersionUID = -7411549862368381758
      $$$tc$$$ = class com.ibm.websphere.ras.TraceComponent@5c79d30
      serialVersionUID = -4868702105808481416
      $$$tc$$$ = class com.ibm.websphere.ras.TraceComponent@1827f288
      serialVersionUID = 2596921220292114344
      $$$tc$$$ = class com.ibm.websphere.ras.TraceComponent@3969b24a
      initialized = true
      pdcache = class java.util.HashMap@66793497
      debug = null
      parent = class com.ibm.ws.classloading.internal.AppClassLoader@f0b0d81
      parallelLockMap = null
      package2certs = class java.util.Hashtable@3a71027e
      nocerts = class java.security.cert.Certificate[0]
      classes = class java.util.Vector@e573276
      defaultDomain = class java.security.ProtectionDomain@1832e052
      domains = class java.util.HashSet@3740a24f
      packages = class java.util.HashMap@590342b
      scl = class sun.misc.Launcher$AppClassLoader@18b4aac2
      sclSet = true
      loadedLibraryNames = class java.util.Vector@402bf287
      systemNativeLibraries = class java.util.Vector@5cbae56f
      nativeLibraries = class java.util.Vector@32e3626d
      nativeLibraryContext = class java.util.Stack@76d2307d
      usr_paths = class java.lang.String[7]
      sys_paths = class java.lang.String[1]
      assertionLock = class com.ibm.ws.classloading.internal.AppClassLoader@4eeb6ace
      defaultAssertionStatus = false
      packageAssertionStatus = null
      classAssertionStatus = null
    moduleMetaData = class com.ibm.ws.webcontainer.osgi.metadata.WebModuleMetaDataImpl@548d640d
      applicationMetaData = class com.ibm.ws.container.service.app.deploy.internal.ApplicationMetaDataImpl@146df740
      j2eeName = class com.ibm.ws.container.service.metadata.internal.J2EENameImpl@1d96ffdb
      wccmd = class com.ibm.ws.webcontainer.osgi.metadata.WebCollaboratorComponentMetaDataImpl@58470e46
      securityMetaData = class com.ibm.ws.webcontainer.security.metadata.SecurityServletConfiguratorHelper@43d0ea09
      annotatedSecurityMetaData = null
      webAppConfig = class com.ibm.ws.webcontainer.osgi.webapp.WebAppConfiguration@38fcc2c4
      _isServlet23OrHigher = false
      jspComponentMetaData = class com.ibm.ws.jsp.runtime.metadata.JspComponentMetaData@123e9a27
      sessionCookieNameInUse = null
      mBeanServiceReg = null
      tc = class com.ibm.websphere.ras.TraceComponent@1a64a370
      NUM_STATIC_SLOTS = 4
      ID_UNINITIALIZED = -1
      id = 0
      metaDataInterface = class java.lang.Class@362fbffe
      staticSlots = class java.lang.Object[4]
      dynamicSlots = class java.lang.Object[4]
    nestedModuleMetaDataTypes = class java.util.ArrayList@5b1987e
      serialVersionUID = 8683452581122892189
      DEFAULT_CAPACITY = 10
      EMPTY_ELEMENTDATA = class java.lang.Object[0]
      DEFAULTCAPACITY_EMPTY_ELEMENTDATA = class java.lang.Object[0]
      elementData = class java.lang.Object[2]
      size = 1
      MAX_ARRAY_SIZE = 2147483639
      modCount = 1
      MAX_ARRAY_SIZE = 2147483639
    nestedModuleMetaDataValues = class java.util.ArrayList@74e62e49
      serialVersionUID = 8683452581122892189
      DEFAULT_CAPACITY = 10
      EMPTY_ELEMENTDATA = class java.lang.Object[0]
      DEFAULTCAPACITY_EMPTY_ELEMENTDATA = class java.lang.Object[0]
      elementData = class java.lang.Object[2]
      size = 1
      MAX_ARRAY_SIZE = 2147483639
      modCount = 1
      MAX_ARRAY_SIZE = 2147483639
    serialVersionUID = 3986734351620206554
  Object[1] = class com.ibm.ws.webcontainer.osgi.WebContainer@5193bf8a
    tc = class com.ibm.websphere.ras.TraceComponent@5bdc412a
      strings[0] = "TraceComponent[com.ibm.ws.webcontainer.osgi.WebContainer,class com.ibm.ws.webcontainer.osgi.WebContainer,[webcontainer],com.ibm.ws.webcontainer.resources.LShimMessages,null]"
    CLASS_NAME = "com.ibm.ws.webcontainer.osgi.WebContainer"
    initialized = true
    eventService = class com.ibm.ws.event.internal.EventEngineImpl@6c8baf8c
      tc = class com.ibm.websphere.ras.TraceComponent@7f648ba5
      OSGI_EVENT_HANDLER_REFERENCE_NAME = "OsgiEventHandler"
      WS_EVENT_HANDLER_REFERENCE_NAME = "WsEventHandler"
      CFG_KEY_REENTRANT_HANDLER_DEFAULT = "reentrant.handler.default"
      CFG_KEY_STAGE_PREFIX = "stage.topics."
      topicCache = class com.ibm.ws.event.internal.TopicBasedCache@72bfeb36
      componentContext = class org.apache.felix.scr.impl.manager.ComponentContextImpl@21bd247e
      bundleContext = class org.eclipse.osgi.internal.framework.BundleContextImpl@30202225
      logService = class com.ibm.ws.logging.internal.osgi.TrLogServiceImpl@5633c8a5
      frameworkEventAdapter = class com.ibm.ws.event.internal.adapter.FrameworkEventAdapter@53df0994
      bundleEventAdapter = class com.ibm.ws.event.internal.adapter.BundleEventAdapter@5eb4ae82
      serviceEventAdapter = class com.ibm.ws.event.internal.adapter.ServiceEventAdapter@1662effe
      executorServiceFactory = class com.ibm.ws.event.internal.WorkStageExecutorServiceFactory@5e5c7b77
      defaultReentrancy = true
      skipSchedule = false
      serialVersionUID = -3714378010555321089
    futureMonitor = class com.ibm.ws.threading.internal.FutureMonitorImpl@2e60d162
      _monitor = class java.util.concurrent.ConcurrentLinkedQueue@79b79436
      _executor = class com.ibm.ws.threading.internal.ScheduledExecutorImpl@1171b941
      _threadRunning = class java.util.concurrent.atomic.AtomicBoolean@662bf365
      _thread = class com.ibm.ws.threading.internal.FutureMonitorImpl$1@1d4249b5
      serialVersionUID = 2765238413969174390
      $$$tc$$$ = class com.ibm.websphere.ras.TraceComponent@58c53da
    classLoadingSRRef = class com.ibm.wsspi.kernel.service.utils.AtomicServiceReference@30bd7a2f
      referenceName = "classLoadingService"
      tuple = class java.util.concurrent.atomic.AtomicReference@6c518849
      serialVersionUID = 2226592364007985000
      $$$tc$$$ = class com.ibm.websphere.ras.TraceComponent@4fdd3b1f
    sessionHelperSRRef = class com.ibm.wsspi.kernel.service.utils.AtomicServiceReference@6cc90d4
      referenceName = "sessionHelper"
      tuple = class java.util.concurrent.atomic.AtomicReference@1bfd80e8
      serialVersionUID = 2226592364007985000
      $$$tc$$$ = class com.ibm.websphere.ras.TraceComponent@4fdd3b1f
    cacheManagerSRRef = class com.ibm.wsspi.kernel.service.utils.AtomicServiceReference@378ab84e
      referenceName = "cacheManager"
      tuple = class java.util.concurrent.atomic.AtomicReference@706b367e
      serialVersionUID = 2226592364007985000
      $$$tc$$$ = class com.ibm.websphere.ras.TraceComponent@4fdd3b1f
    injectionEngineSRRef = class com.ibm.wsspi.kernel.service.utils.AtomicServiceReference@1f49941c
      referenceName = "injectionEngine"
      tuple = class java.util.concurrent.atomic.AtomicReference@72e7175c
      serialVersionUID = 2226592364007985000
      $$$tc$$$ = class com.ibm.websphere.ras.TraceComponent@4fdd3b1f
    managedObjectServiceSRRef = class com.ibm.wsspi.kernel.service.utils.AtomicServiceReference@44fef9d8
      referenceName = "managedObjectService"
      tuple = class java.util.concurrent.atomic.AtomicReference@5132c614
      serialVersionUID = 2226592364007985000
      $$$tc$$$ = class com.ibm.websphere.ras.TraceComponent@4fdd3b1f
    backgroundWebAppStartFutures = class com.ibm.ws.webcontainer.util.OneTimeUseArrayList@26569ba3
      enabled = true
      runnables = class java.util.ArrayList@4a4530a
    REFERENCE_WEB_MBEAN_RUNTIME = "webMBeanRuntime"
    webMBeanRuntimeServiceRef = class com.ibm.wsspi.kernel.service.utils.AtomicServiceReference@447c1fef
      referenceName = "webMBeanRuntime"
      tuple = class java.util.concurrent.atomic.AtomicReference@4bdb59d9
      serialVersionUID = 2226592364007985000
      $$$tc$$$ = class com.ibm.websphere.ras.TraceComponent@4fdd3b1f
    servletContainerInitializers = class com.ibm.wsspi.kernel.service.utils.ConcurrentServiceReferenceSet@17c68a08
      referenceName = "servletContainerInitializers"
      contextRef = class java.util.concurrent.atomic.AtomicReference@3733f40a
      elementMap = class java.util.LinkedHashMap@75645e91
      elementSet = class java.util.concurrent.ConcurrentSkipListSet@52f550cd
      elementSetUnsorted = false
      serialVersionUID = 756240983881166148
      $$$tc$$$ = class com.ibm.websphere.ras.TraceComponent@64bdcc02
    es = class com.ibm.ws.threading.internal.ExecutorServiceImpl@24c58111
      threadPool = class java.util.concurrent.ThreadPoolExecutor@46311bf
      threadPoolController = class com.ibm.ws.threading.internal.ThreadPoolController@2cd8269d
      poolName = "Default Executor"
      componentConfig = class org.apache.felix.scr.impl.helper.ReadOnlyDictionary@7b9f6541
      interceptorsActive = false
      interceptors = class java.util.concurrent.CopyOnWriteArraySet@31431c7
      threadFactory = null
      serverStopping = false
      phaser = class java.util.concurrent.Phaser@1fe636f3
      serialVersionUID = 2662528932208584803
      $$$tc$$$ = class com.ibm.websphere.ras.TraceComponent@68c31672
    locationServiceRef = class java.util.concurrent.atomic.AtomicReference@36dc8da9
      serialVersionUID = -1848883965231344442
      unsafe = class sun.misc.Unsafe@7cb29289
      valueOffset = 12
      value = class com.ibm.ws.kernel.service.location.internal.WsLocationAdminImpl@7e15a9f8
    transferContextServiceRef = class com.ibm.wsspi.kernel.service.utils.ConcurrentServiceReferenceSet@12fb7ffa
      referenceName = "transferService"
      contextRef = class java.util.concurrent.atomic.AtomicReference@2f88e4cd
      elementMap = class java.util.LinkedHashMap@47c61d6f
      elementSet = class java.util.concurrent.ConcurrentSkipListSet@66f3ac31
      elementSetUnsorted = false
      serialVersionUID = 756240983881166148
      $$$tc$$$ = class com.ibm.websphere.ras.TraceComponent@64bdcc02
    encodingServiceRef = class java.util.concurrent.atomic.AtomicReference@314e2167
      serialVersionUID = -1848883965231344442
      unsafe = class sun.misc.Unsafe@7cb29289
      valueOffset = 12
      value = class com.ibm.ws.http.internal.EncodingUtilsImpl@740e5ad3
    instance = class java.util.concurrent.atomic.AtomicReference@398be356
      serialVersionUID = -1848883965231344442
      unsafe = class sun.misc.Unsafe@7cb29289
      valueOffset = 12
      value = class com.ibm.ws.webcontainer.osgi.WebContainer@5193bf8a
    vhostManager = class com.ibm.ws.webcontainer.osgi.DynamicVirtualHostManager@6b68900b
      tc = class com.ibm.websphere.ras.TraceComponent@68c57725
      hostMap = class java.util.concurrent.ConcurrentHashMap@7252d12c
      transportMap = class java.util.concurrent.ConcurrentHashMap@506a5ca8
      locationService = class com.ibm.ws.kernel.service.location.internal.WsLocationAdminImpl@7e15a9f8
      schedExecutor = class com.ibm.ws.threading.internal.ScheduledExecutorImpl@1171b941
      pluginCfgVhostUris = class java.util.HashMap@34820c91
      PLUGIN_CFG = "plugin-cfg.xml"
    metaDataService = class com.ibm.ws.container.service.metadata.internal.MetaDataServiceImpl@22a53633
      applicationMetaDataManager = class com.ibm.ws.container.service.metadata.internal.ApplicationMetaDataManager@19f41577
      moduleMetaDataManager = class com.ibm.ws.container.service.metadata.internal.ModuleMetaDataManager@2caeef8e
      componentMetaDataManager = class com.ibm.ws.container.service.metadata.internal.ComponentMetaDataManager@4cdd3992
      methodMetaDataManager = class com.ibm.ws.container.service.metadata.internal.MethodMetaDataManager@5dd9b441
      appModuleNameToModuleContainer = class java.util.concurrent.ConcurrentHashMap@64bf4d20
      jeeNameToComponentMetaData = class java.util.concurrent.ConcurrentHashMap@3f360ca6
      deferredMetaDataFactories = class com.ibm.wsspi.kernel.service.utils.ConcurrentServiceReferenceSet@1a82b37b
      deferredMetaDataInitializers = class com.ibm.wsspi.kernel.service.utils.ConcurrentServiceReferenceMap@a6967d6
      serialVersionUID = -2494605732980966097
      $$$tc$$$ = class com.ibm.websphere.ras.TraceComponent@2d183c3a
    j2eeNameFactory = class com.ibm.ws.container.service.metadata.internal.J2EENameFactoryImpl@62a07e19
      serialVersionUID = 3486344295038028821
      $$$tc$$$ = class com.ibm.websphere.ras.TraceComponent@74e6252d
    context = class org.apache.felix.scr.impl.manager.ComponentContextImpl@457a048
      m_componentManager = class org.apache.felix.scr.impl.manager.SingleComponentManager@45a3537e
      edgeInfos = class org.apache.felix.scr.impl.manager.EdgeInfo[27]
      m_componentInstance = class org.apache.felix.scr.impl.manager.ComponentContextImpl$ComponentInstanceImpl@6feecf82
      m_usingBundle = class org.eclipse.osgi.internal.framework.EquinoxBundle@69817359
      m_serviceRegistration = class org.eclipse.osgi.internal.serviceregistry.ServiceRegistrationImpl@33c0b912
      m_implementationObject = class com.ibm.ws.webcontainer.osgi.WebContainer@5193bf8a
      m_implementationAccessible = true
      accessibleLatch = class java.util.concurrent.CountDownLatch@36626f7e
      serviceObjectsHelper = class org.apache.felix.scr.impl.helper.ComponentServiceObjectsHelper@6905f26f
      boundValues = null
    contextRoots = class java.util.Collections$SynchronizedSet@2b909001
      serialVersionUID = 487447009682186044
      serialVersionUID = 3053995032091335093
      c = class java.util.HashSet@7d990ec1
      mutex = class java.util.Collections$SynchronizedSet@2b909001
    pendingContextRoots = class java.util.HashMap@200f3fee
      serialVersionUID = 362498820763181265
      DEFAULT_INITIAL_CAPACITY = 16
      MAXIMUM_CAPACITY = 1073741824
      DEFAULT_LOAD_FACTOR = 0.75
      TREEIFY_THRESHOLD = 8
      UNTREEIFY_THRESHOLD = 6
      MIN_TREEIFY_CAPACITY = 64
      table = null
      entrySet = null
      size = 0
      modCount = 0
      threshold = 0
      loadFactor = 0.75
      keySet = null
      values = null
    deployedModuleMap = class java.util.concurrent.ConcurrentHashMap@41bedd40
      serialVersionUID = 7249069246763182397
      MAXIMUM_CAPACITY = 1073741824
      DEFAULT_CAPACITY = 16
      MAX_ARRAY_SIZE = 2147483639
      DEFAULT_CONCURRENCY_LEVEL = 16
      LOAD_FACTOR = 0.75
      TREEIFY_THRESHOLD = 8
      UNTREEIFY_THRESHOLD = 6
      MIN_TREEIFY_CAPACITY = 64
      MIN_TRANSFER_STRIDE = 16
      RESIZE_STAMP_BITS = 16
      MAX_RESIZERS = 65535
      RESIZE_STAMP_SHIFT = 16
      MOVED = -1
      TREEBIN = -2
      RESERVED = -3
      HASH_BITS = 2147483647
      NCPU = 4
      serialPersistentFields = class java.io.ObjectStreamField[3]
      table = class java.util.concurrent.ConcurrentHashMap$Node[16]
      nextTable = null
      baseCount = 1
      sizeCtl = 12
      transferIndex = 0
      cellsBusy = 0
      counterCells = null
      keySet = null
      values = null
      entrySet = null
      U = class sun.misc.Unsafe@7cb29289
      SIZECTL = 20
      TRANSFERINDEX = 32
      BASECOUNT = 24
      CELLSBUSY = 36
      CELLVALUE = 144
      ABASE = 16
      ASHIFT = 2
      keySet = null
      values = null
    connContextPool = class com.ibm.ws.webcontainer31.osgi.srt.factory.SRTConnectionContextPool31Impl@78d270df
      head = class java.lang.ThreadLocal@47ac0fd
    DEFAULT_PORT = "*"
    DEFAULT_VHOST_NAME = "default_host"
    cachedServerInfo = "IBM WebSphere Liberty/18.0.0.4"
    lock = class com.ibm.ws.webcontainer.osgi.WebContainer$1@57ede75c
      this$0 = class com.ibm.ws.webcontainer.osgi.WebContainer@5193bf8a
    webAppFactory = class com.ibm.ws.webcontainer31.osgi.webapp.factory.WebAppFactoryImpl31@e444200
    requestFactory = class com.ibm.ws.webcontainer31.osgi.response.factory.IRequestResponseFactory@3927da55
    responseFactory = class com.ibm.ws.webcontainer31.osgi.response.factory.IRequestResponseFactory@3927da55
    asyncContextFactory = class com.ibm.ws.webcontainer31.async.factory.AsyncContextFactory31Impl@52181126
    DEFAULT_MAX_VERSION = 30
    versionRef = class org.eclipse.osgi.internal.serviceregistry.ServiceReferenceImpl@6a77db3e
      registration = class org.eclipse.osgi.internal.serviceregistry.ServiceRegistrationImpl@19645161
    serverStopping = class com.ibm.ws.staticvalue.StaticValue$FinalSingleton@468fc032
      singleton = class java.util.concurrent.atomic.AtomicBoolean@d40cec0
      multiplex = false
    modulesStarting = 1
    uriMatcherFactory = class com.ibm.wsspi.webcontainer31.util.factory.URIMatcherFactory31Impl@41fd5fc4
    SPEC_LEVEL_UNLOADED = -1
    SPEC_LEVEL_30 = 30
    SPEC_LEVEL_31 = 31
    SPEC_LEVEL_40 = 40
    DEFAULT_SPEC_LEVEL = 30
    loadedContainerSpecLevel = 31
    ISO = "ISO-8859-1"
    encoding = "UTF-8"
    decode = true
    wcconfig = class com.ibm.ws.webcontainer.osgi.WebContainerConfiguration@7046886
      properties = class org.apache.felix.scr.impl.helper.ReadOnlyDictionary@44b669ed
      CFG_KEY_ENFORCE_SEC = "enforce.security"
      logger = class com.ibm.ws.logging.internal.WsLogger@23d6b068
      CLASS_NAME = "com.ibm.ws.webcontainer.WebContainerConfiguration"
      _localeProps = null
      _jvmProps = null
      enableServletCaching = false
      defaultVirtualHostName = "default_host"
      ardEnabled = false
      ardIncludeTimeout = 0
      poolingDisabled = false
      maximumExpiredEntries = 0
      maximumResponseStoreSize = 0
      useAsyncRunnableWorkManager = false
      asyncRunnableWorkManagerName = null
      numAsyncTimerThreads = 2
      defaultAsyncServletTimeout = 30000
    applicationListeners = class java.util.ArrayList@3f32a604
      serialVersionUID = 8683452581122892189
      DEFAULT_CAPACITY = 10
      EMPTY_ELEMENTDATA = class java.lang.Object[0]
      DEFAULTCAPACITY_EMPTY_ELEMENTDATA = class java.lang.Object[0]
      elementData = class java.lang.Object[0]
      size = 0
      MAX_ARRAY_SIZE = 2147483639
      modCount = 0
      MAX_ARRAY_SIZE = 2147483639
    servletListeners = class java.util.ArrayList@149add59
      serialVersionUID = 8683452581122892189
      DEFAULT_CAPACITY = 10
      EMPTY_ELEMENTDATA = class java.lang.Object[0]
      DEFAULTCAPACITY_EMPTY_ELEMENTDATA = class java.lang.Object[0]
      elementData = class java.lang.Object[0]
      size = 0
      MAX_ARRAY_SIZE = 2147483639
      modCount = 0
      MAX_ARRAY_SIZE = 2147483639
    servletErrorListeners = class java.util.ArrayList@307f8931
      serialVersionUID = 8683452581122892189
      DEFAULT_CAPACITY = 10
      EMPTY_ELEMENTDATA = class java.lang.Object[0]
      DEFAULTCAPACITY_EMPTY_ELEMENTDATA = class java.lang.Object[0]
      elementData = class java.lang.Object[0]
      size = 0
      MAX_ARRAY_SIZE = 2147483639
      modCount = 0
      MAX_ARRAY_SIZE = 2147483639
    servletInvocationListeners = class java.util.ArrayList@149b97e0
      serialVersionUID = 8683452581122892189
      DEFAULT_CAPACITY = 10
      EMPTY_ELEMENTDATA = class java.lang.Object[0]
      DEFAULTCAPACITY_EMPTY_ELEMENTDATA = class java.lang.Object[0]
      elementData = class java.lang.Object[0]
      size = 0
      MAX_ARRAY_SIZE = 2147483639
      modCount = 0
      MAX_ARRAY_SIZE = 2147483639
    filterInvocationListeners = class java.util.ArrayList@3e3301f1
      serialVersionUID = 8683452581122892189
      DEFAULT_CAPACITY = 10
      EMPTY_ELEMENTDATA = class java.lang.Object[0]
      DEFAULTCAPACITY_EMPTY_ELEMENTDATA = class java.lang.Object[0]
      elementData = class java.lang.Object[0]
      size = 0
      MAX_ARRAY_SIZE = 2147483639
      modCount = 0
      MAX_ARRAY_SIZE = 2147483639
    filterErrorListeners = class java.util.ArrayList@7c01637b
      serialVersionUID = 8683452581122892189
      DEFAULT_CAPACITY = 10
      EMPTY_ELEMENTDATA = class java.lang.Object[0]
      DEFAULTCAPACITY_EMPTY_ELEMENTDATA = class java.lang.Object[0]
      elementData = class java.lang.Object[0]
      size = 0
      MAX_ARRAY_SIZE = 2147483639
      modCount = 0
      MAX_ARRAY_SIZE = 2147483639
    filterListeners = class java.util.ArrayList@30fb5bcb
      serialVersionUID = 8683452581122892189
      DEFAULT_CAPACITY = 10
      EMPTY_ELEMENTDATA = class java.lang.Object[0]
      DEFAULTCAPACITY_EMPTY_ELEMENTDATA = class java.lang.Object[0]
      elementData = class java.lang.Object[0]
      size = 0
      MAX_ARRAY_SIZE = 2147483639
      modCount = 0
      MAX_ARRAY_SIZE = 2147483639
    servletRequestListeners = class java.util.ArrayList@7897fea3
      serialVersionUID = 8683452581122892189
      DEFAULT_CAPACITY = 10
      EMPTY_ELEMENTDATA = class java.lang.Object[0]
      DEFAULTCAPACITY_EMPTY_ELEMENTDATA = class java.lang.Object[0]
      elementData = class java.lang.Object[0]
      size = 0
      MAX_ARRAY_SIZE = 2147483639
      modCount = 0
      MAX_ARRAY_SIZE = 2147483639
    servletRequestAttributeListeners = class java.util.ArrayList@5e0d54c9
      serialVersionUID = 8683452581122892189
      DEFAULT_CAPACITY = 10
      EMPTY_ELEMENTDATA = class java.lang.Object[0]
      DEFAULTCAPACITY_EMPTY_ELEMENTDATA = class java.lang.Object[0]
      elementData = class java.lang.Object[0]
      size = 0
      MAX_ARRAY_SIZE = 2147483639
      modCount = 0
      MAX_ARRAY_SIZE = 2147483639
    servletContextListeners = class java.util.ArrayList@2960fec8
      serialVersionUID = 8683452581122892189
      DEFAULT_CAPACITY = 10
      EMPTY_ELEMENTDATA = class java.lang.Object[0]
      DEFAULTCAPACITY_EMPTY_ELEMENTDATA = class java.lang.Object[0]
      elementData = class java.lang.Object[0]
      size = 0
      MAX_ARRAY_SIZE = 2147483639
      modCount = 0
      MAX_ARRAY_SIZE = 2147483639
    servletContextAttributeListeners = class java.util.ArrayList@432fdd2c
      serialVersionUID = 8683452581122892189
      DEFAULT_CAPACITY = 10
      EMPTY_ELEMENTDATA = class java.lang.Object[0]
      DEFAULTCAPACITY_EMPTY_ELEMENTDATA = class java.lang.Object[0]
      elementData = class java.lang.Object[0]
      size = 0
      MAX_ARRAY_SIZE = 2147483639
      modCount = 0
      MAX_ARRAY_SIZE = 2147483639
    sessionListeners = class java.util.ArrayList@40a510c
      serialVersionUID = 8683452581122892189
      DEFAULT_CAPACITY = 10
      EMPTY_ELEMENTDATA = class java.lang.Object[0]
      DEFAULTCAPACITY_EMPTY_ELEMENTDATA = class java.lang.Object[0]
      elementData = class java.lang.Object[0]
      size = 0
      MAX_ARRAY_SIZE = 2147483639
      modCount = 0
      MAX_ARRAY_SIZE = 2147483639
    sessionIdListeners = class java.util.ArrayList@3095e658
      serialVersionUID = 8683452581122892189
      DEFAULT_CAPACITY = 10
      EMPTY_ELEMENTDATA = class java.lang.Object[0]
      DEFAULTCAPACITY_EMPTY_ELEMENTDATA = class java.lang.Object[0]
      elementData = class java.lang.Object[0]
      size = 0
      MAX_ARRAY_SIZE = 2147483639
      modCount = 0
      MAX_ARRAY_SIZE = 2147483639
    sessionAttributeListeners = class java.util.ArrayList@1e2dc83c
      serialVersionUID = 8683452581122892189
      DEFAULT_CAPACITY = 10
      EMPTY_ELEMENTDATA = class java.lang.Object[0]
      DEFAULTCAPACITY_EMPTY_ELEMENTDATA = class java.lang.Object[0]
      elementData = class java.lang.Object[0]
      size = 0
      MAX_ARRAY_SIZE = 2147483639
      modCount = 0
      MAX_ARRAY_SIZE = 2147483639
    DEFAULT_HOST = "default_host"
    _initialized = true
    logger = class com.ibm.ws.logging.internal.WsLogger@23d6b068
      tc = class com.ibm.websphere.ras.TraceComponent@1a5b5c54
      ivCachedResourceBundleName = "com.ibm.ws.webcontainer.resources.Messages"
      ivCachedResourceBundle = class com.ibm.ws.webcontainer.resources.Messages@44e49686
      ivComponent = null
      ivOrganization = null
      ivProduct = null
      ivMinimumLocalizationLevelIntValue = 625
      ivTC = class com.ibm.websphere.ras.TraceComponent@7049e6eb
      loggerRegistrationComponent = class java.lang.ThreadLocal@4fd96614
      emptyHandlers = class java.util.logging.Handler[0]
      offValue = 2147483647
      SYSTEM_LOGGER_RB_NAME = "sun.util.logging.resources.logging"
      SYSTEM_BUNDLE = class java.util.logging.Logger$LoggerBundle@7a6923b7
      NO_RESOURCE_BUNDLE = class java.util.logging.Logger$LoggerBundle@4dabde7f
      manager = class com.ibm.ws.kernel.boot.logging.WsLogManager@2d9b31ea
      name = "com.ibm.ws.webcontainer"
      handlers = class java.util.concurrent.CopyOnWriteArrayList@29f60b8b
      loggerBundle = class java.util.logging.Logger$LoggerBundle@1a31e199
      useParentHandlers = true
      filter = null
      anonymous = false
      catalog = class com.ibm.ws.webcontainer.resources.Messages@44e49686
      catalogName = "com.ibm.ws.webcontainer.resources.Messages"
      catalogLocale = class java.util.Locale@9fa8c86
      treeLock = class java.lang.Object@7d9af832
      parent = class java.util.logging.Logger@64a90e59
      kids = class java.util.ArrayList@7181067c
      levelObject = class java.util.logging.Level@2cc23a76
      levelValue = 800
      callersClassLoaderRef = class java.lang.ref.WeakReference@6330cb4
      isSystemLogger = false
      GLOBAL_LOGGER_NAME = "global"
      global = class java.util.logging.Logger@6e23d1a2
      $assertionsDisabled = true
    CLASS_NAME = "com.ibm.ws.webcontainer.internal.WebContainer"
    nls = class com.ibm.ejs.ras.TraceNLS@7502072f
      resolver = class com.ibm.ws.logging.internal.TraceNLSResolver@36719750
      finder = class com.ibm.ws.logging.internal.StackFinder@7134f5ec
      ivBundleName = "com.ibm.ws.webcontainer.resources.Messages"
      caller = class java.lang.Class@537ee7fc
    self = class java.util.concurrent.atomic.AtomicReference@6a3a88f1
      serialVersionUID = -1848883965231344442
      unsafe = class sun.misc.Unsafe@7cb29289
      valueOffset = 12
      value = class com.ibm.ws.webcontainer.osgi.WebContainer@5193bf8a
    _cipherToBit = class java.util.HashMap@1a26d1a2
      serialVersionUID = 362498820763181265
      DEFAULT_INITIAL_CAPACITY = 16
      MAXIMUM_CAPACITY = 1073741824
      DEFAULT_LOAD_FACTOR = 0.75
      TREEIFY_THRESHOLD = 8
      UNTREEIFY_THRESHOLD = 6
      MIN_TREEIFY_CAPACITY = 64
      table = null
      entrySet = null
      size = 0
      modCount = 0
      threshold = 0
      loadFactor = 0.75
      keySet = null
      values = null
    cacheKeyStringBuilder = class com.ibm.ws.util.WSThreadLocal@ce5677e
      tc = class com.ibm.ejs.ras.TraceComponent@27ec4815
      count = 7
      index = 3
      SUSPECTED_MISUSAGE_THRESHOLD = 200
      threadLocalHashCode = -2047444088
      nextHashCode = class java.util.concurrent.atomic.AtomicInteger@4e28fa1f
      HASH_INCREMENT = 1640531527
    listenersInitialized = true
    webConProperties = class java.util.Properties@69bb22b2
      serialVersionUID = 4112578634029874840
      defaults = null
      hexDigit = {0123456789ABCDEF} /* array length = 16 */
      table = class java.util.Hashtable$Entry[95]
      count = 58
      threshold = 71
      loadFactor = 0.75
      modCount = 61
      serialVersionUID = 1421746759512286392
      MAX_ARRAY_SIZE = 2147483639
      keySet = null
      entrySet = null
      values = null
      KEYS = 0
      VALUES = 1
      ENTRIES = 2
    sessionRegistry = null
    isStopped = false
    readWriteLockForStopping = class java.util.concurrent.locks.ReentrantReadWriteLock@57f85274
      serialVersionUID = -6992448646407690164
      readerLock = class java.util.concurrent.locks.ReentrantReadWriteLock$ReadLock@32f97c77
      writerLock = class java.util.concurrent.locks.ReentrantReadWriteLock$WriteLock@651e88eb
      sync = class java.util.concurrent.locks.ReentrantReadWriteLock$NonfairSync@1266b97b
      UNSAFE = class sun.misc.Unsafe@7cb29289
      TID_OFFSET = 40
    urlPrefix = ";jsessionid="
    extensionFactories = class java.util.ArrayList@7bff32e8
      serialVersionUID = 8683452581122892189
      DEFAULT_CAPACITY = 10
      EMPTY_ELEMENTDATA = class java.lang.Object[0]
      DEFAULTCAPACITY_EMPTY_ELEMENTDATA = class java.lang.Object[0]
      elementData = class java.lang.Object[10]
      size = 6
      MAX_ARRAY_SIZE = 2147483639
      modCount = 6
      MAX_ARRAY_SIZE = 2147483639
    postInitExtensionFactories = null
    httpResponseListeners = class java.util.ArrayList@5c06647e
      serialVersionUID = 8683452581122892189
      DEFAULT_CAPACITY = 10
      EMPTY_ELEMENTDATA = class java.lang.Object[0]
      DEFAULTCAPACITY_EMPTY_ELEMENTDATA = class java.lang.Object[0]
      elementData = class java.lang.Object[0]
      size = 0
      MAX_ARRAY_SIZE = 2147483639
      modCount = 0
      MAX_ARRAY_SIZE = 2147483639
    servletContainerInitializers = class java.util.ServiceLoader@6c1863fe
      PREFIX = "META-INF/services/"
      service = class java.lang.Class@503d709c
      loader = class org.eclipse.osgi.internal.loader.EquinoxClassLoader@78a15b50
      acc = null
      providers = class java.util.LinkedHashMap@52b0f92f
      lookupIterator = class java.util.ServiceLoader$LazyIterator@139d0e8
    auditManager = class com.ibm.websphere.security.audit.context.AuditManager@79e6f7fb
      threadLocal = class com.ibm.websphere.security.audit.context.AuditManager$AuditThreadLocal@7209f098
      serialVersionUID = 8297158904878279977
      $$$tc$$$ = class com.ibm.websphere.ras.TraceComponent@adc3baf
    threadLocal = class java.lang.ThreadLocal@7b8cf25d
      threadLocalHashCode = -406912561
      nextHashCode = class java.util.concurrent.atomic.AtomicInteger@4e28fa1f
      HASH_INCREMENT = 1640531527
    invocationCacheSize = 500
    decodePlusSign = true
    _cacheMap = class java.util.concurrent.ConcurrentHashMap@14465cc6
      serialVersionUID = 7249069246763182397
      MAXIMUM_CAPACITY = 1073741824
      DEFAULT_CAPACITY = 16
      MAX_ARRAY_SIZE = 2147483639
      DEFAULT_CONCURRENCY_LEVEL = 16
      LOAD_FACTOR = 0.75
      TREEIFY_THRESHOLD = 8
      UNTREEIFY_THRESHOLD = 6
      MIN_TREEIFY_CAPACITY = 64
      MIN_TRANSFER_STRIDE = 16
      RESIZE_STAMP_BITS = 16
      MAX_RESIZERS = 65535
      RESIZE_STAMP_SHIFT = 16
      MOVED = -1
      TREEBIN = -2
      RESERVED = -3
      HASH_BITS = 2147483647
      NCPU = 4
      serialPersistentFields = class java.io.ObjectStreamField[3]
      table = null
      nextTable = null
      baseCount = 0
      sizeCtl = 1024
      transferIndex = 0
      cellsBusy = 0
      counterCells = null
      keySet = null
      values = null
      entrySet = null
      U = class sun.misc.Unsafe@7cb29289
      SIZECTL = 20
      TRANSFERINDEX = 32
      BASECOUNT = 24
      CELLSBUSY = 36
      CELLVALUE = 144
      ABASE = 16
      ASHIFT = 2
      keySet = null
      values = null
    _cacheSize = class java.util.concurrent.atomic.AtomicInteger@3beeca23
      serialVersionUID = 6214790243416807050
      unsafe = class sun.misc.Unsafe@7cb29289
      valueOffset = 12
      value = 0
      serialVersionUID = -8742448824652078965
    vHostCompatFlag = false
    platformHelper = class com.ibm.ws.webcontainer.PlatformHelper@7579ab8a
    isDefaultTempDir = true
    tempDir = null
    servletCachingInitNeeded = true
    appInstallBegun = true
    cacheServletWrapperFactory = class com.ibm.ws.webcontainer31.servlet.factory.CacheServletWrapperFactory31Impl@69fba162
    commands = class java.util.ArrayList@20f04e9
      serialVersionUID = 8683452581122892189
      DEFAULT_CAPACITY = 10
      EMPTY_ELEMENTDATA = class java.lang.Object[0]
      DEFAULTCAPACITY_EMPTY_ELEMENTDATA = class java.lang.Object[0]
      elementData = class java.lang.Object[3]
      size = 0
      MAX_ARRAY_SIZE = 2147483639
      modCount = 0
      MAX_ARRAY_SIZE = 2147483639
    requestMapper = class com.ibm.ws.webcontainer.util.VirtualHostContextRootMapper@3a92dad9
      cachedMappers = class java.util.Collections$SynchronizedMap@23535627
      nls = class com.ibm.ejs.ras.TraceNLS@a225cf5
      logger = class com.ibm.ws.logging.internal.WsLogger@20f592f4
      CLASS_NAME = "com.ibm.ws.webcontainer.util.VirtualHostContextRootMapper"
      CLASSNAME = "com.ibm.ws.util.VirtualHostMapper"
      tc = class com.ibm.ejs.ras.TraceComponent@1f4528f6
      vHostTable = class java.util.concurrent.ConcurrentHashMap@3b5db3a7
    parent = null
    name = "Was.webcontainer"
    isAlive = true
    subElements = class java.util.HashMap@2a88afad
      serialVersionUID = 362498820763181265
      DEFAULT_INITIAL_CAPACITY = 16
      MAXIMUM_CAPACITY = 1073741824
      DEFAULT_LOAD_FACTOR = 0.75
      TREEIFY_THRESHOLD = 8
      UNTREEIFY_THRESHOLD = 6
      MIN_TREEIFY_CAPACITY = 64
      table = class java.util.HashMap$Node[16]
      entrySet = null
      size = 1
      modCount = 1
      threshold = 12
      loadFactor = 0.75
      keySet = null
      values = null
    attributes = null
    config = null
    serialVersionUID = -8271459000149267764
    $$$tc$$$ = class com.ibm.websphere.ras.TraceComponent@665e478a
      strings[0] = "TraceComponent[com.ibm.ws.container.AbstractContainer,class com.ibm.ws.container.AbstractContainer,[],null,null]"

