********************************************************************************
product = WebSphere Application Server 18.0.0.4 (wlp-1.0.23.cl180420181121-0300)
wlp.install.dir = /home/ibmdemo/DefaultApplication/sample.DefaultApplication/modernized/DefaultApplication-ear/target/liberty/wlp/
java.home = /usr/lib/jvm/java-8-openjdk-amd64/jre
java.version = 1.8.0_222
java.runtime = OpenJDK Runtime Environment (1.8.0_222-8u222-b10-1~14.04-b10)
os = Linux (4.4.0-47-generic; amd64) (en_US)
process = 56401@ubuntu
********************************************************************************
[10/19/20 11:00:45:217 PDT] 00000001 com.ibm.ws.kernel.launch.internal.FrameworkManager           A CWWKE0001I: The server DefaultApplicationServer has been launched.
[10/19/20 11:00:45:230 PDT] 00000001 com.ibm.ws.kernel.launch.internal.FrameworkManager           A CWWKE0100I: This product is licensed for development, and limited production use. The full license terms can be viewed here: https://public.dhe.ibm.com/ibmdl/export/pub/software/websphere/wasdev/license/base_ilan/ilan/18.0.0.4/lafiles/en.html
[10/19/20 11:00:46:188 PDT] 00000001 com.ibm.ws.kernel.launch.internal.FrameworkManager           I CWWKE0002I: The kernel started after 1.13 seconds
[10/19/20 11:00:46:216 PDT] 00000019 com.ibm.ws.kernel.feature.internal.FeatureManager            I CWWKF0007I: Feature update started.
[10/19/20 11:00:47:002 PDT] 00000012 com.ibm.ws.security.ready.internal.SecurityReadyServiceImpl  I CWWKS0007I: The security service is starting...
[10/19/20 11:00:47:370 PDT] 00000012 com.ibm.ws.app.manager.internal.monitor.DropinMonitor        A CWWKZ0058I: Monitoring dropins for applications.
[10/19/20 11:00:47:562 PDT] 00000012 ibm.ws.security.authentication.internal.jaas.JAASServiceImpl I CWWKS1123I: The collective authentication plugin with class name NullCollectiveAuthenticationPlugin has been activated. 
[10/19/20 11:00:47:570 PDT] 0000001f com.ibm.ws.security.ready.internal.SecurityReadyServiceImpl  I CWWKS0008I: The security service is ready.
[10/19/20 11:00:47:571 PDT] 0000001f com.ibm.ws.security.token.ltpa.internal.LTPAKeyCreateTask    I CWWKS4105I: LTPA configuration is ready after 0.039 seconds.
[10/19/20 11:00:47:892 PDT] 00000022 com.ibm.ws.tcpchannel.internal.TCPChannel                    I CWWKO0219I: TCP Channel defaultHttpEndpoint has been started and is now listening for requests on host localhost  (IPv4: 127.0.0.1) port 9080.
[10/19/20 11:00:47:923 PDT] 00000022 com.ibm.ws.tcpchannel.internal.TCPChannel                    I CWWKO0219I: TCP Channel defaultHttpEndpoint-ssl has been started and is now listening for requests on host localhost  (IPv4: 127.0.0.1) port 9443.
[10/19/20 11:00:48:058 PDT] 00000012 com.ibm.ws.tcpchannel.internal.TCPChannel                    I CWWKO0219I: TCP Channel wasJmsEndpoint344 has been started and is now listening for requests on host localhost  (IPv4: 127.0.0.1) port 7276.
[10/19/20 11:00:48:062 PDT] 00000012 com.ibm.ws.tcpchannel.internal.TCPChannel                    I CWWKO0219I: TCP Channel wasJmsEndpoint344-ssl has been started and is now listening for requests on host localhost  (IPv4: 127.0.0.1) port 7286.
[10/19/20 11:00:48:852 PDT] 00000012 com.ibm.ws.sib.utils.ras.SibMessage                          I  CWSID0108I: JMS server has started.  
[10/19/20 11:00:49:222 PDT] 00000012 com.ibm.ws.security.jaspi.AuthConfigFactoryWrapper           I CWWKS1655I: The default Java Authentication SPI for Containers (JASPIC) AuthConfigFactory class com.ibm.ws.security.jaspi.ProviderRegistry is being used because the Java security property authconfigprovider.factory is not set. 
[10/19/20 11:00:49:388 PDT] 00000012 org.apache.cxf.bus.osgi.CXFActivator                         I Adding the extensions from bundle com.ibm.ws.org.apache.cxf-rt-ws-addr.2.6.2 (187) [org.apache.cxf.ws.addressing.policy.AddressingAssertionBuilder, org.apache.cxf.ws.addressing.policy.UsingAddressingAssertionBuilder, org.apache.cxf.ws.addressing.policy.AddressingPolicyInterceptorProvider, org.apache.cxf.ws.addressing.impl.AddressingWSDLExtensionLoader, org.apache.cxf.ws.addressing.WSAddressingFeature$WSAddressingFeatureApplier, org.apache.cxf.ws.addressing.MAPAggregator$MAPAggregatorLoader]
[10/19/20 11:00:49:391 PDT] 00000012 org.apache.cxf.bus.osgi.CXFActivator                         I Adding the extensions from bundle com.ibm.ws.org.apache.cxf-rt-frontend-jaxws.2.6.2 (190) [org.apache.cxf.jaxws.context.WebServiceContextResourceResolver]
[10/19/20 11:00:49:391 PDT] 00000012 org.apache.cxf.bus.osgi.CXFActivator                         I Adding the extensions from bundle com.ibm.ws.org.apache.cxf-rt-management.2.6.2 (198) [org.apache.cxf.management.InstrumentationManager]
[10/19/20 11:00:49:392 PDT] 00000012 org.apache.cxf.bus.osgi.CXFActivator                         I Adding the extensions from bundle com.ibm.ws.org.apache.cxf-rt-bindings-xml.2.6.2 (200) [org.apache.cxf.binding.xml.XMLBindingFactory, org.apache.cxf.binding.xml.wsdl11.XMLWSDLExtensionLoader]
[10/19/20 11:00:49:392 PDT] 00000012 org.apache.cxf.bus.osgi.CXFActivator                         I Adding the extensions from bundle com.ibm.ws.org.apache.cxf-rt-transports-http.2.6.2 (201) [org.apache.cxf.transport.http.HTTPTransportFactory, org.apache.cxf.transport.http.HTTPWSDLExtensionLoader, org.apache.cxf.transport.http.policy.HTTPClientAssertionBuilder, org.apache.cxf.transport.http.policy.HTTPServerAssertionBuilder, org.apache.cxf.transport.http.policy.NoOpPolicyInterceptorProvider]
[10/19/20 11:00:49:392 PDT] 00000012 org.apache.cxf.bus.osgi.CXFActivator                         I Adding the extensions from bundle com.ibm.ws.org.apache.cxf-rt-bindings-soap.2.6.2 (202) [org.apache.cxf.binding.soap.SoapBindingFactory, org.apache.cxf.binding.soap.SoapTransportFactory]
[10/19/20 11:00:49:392 PDT] 00000012 org.apache.cxf.bus.osgi.CXFActivator                         I Adding the extensions from bundle com.ibm.ws.org.apache.cxf-rt-ws-policy.2.6.2 (206) [org.apache.cxf.ws.policy.PolicyEngine, org.apache.cxf.policy.PolicyDataEngine, org.apache.cxf.ws.policy.AssertionBuilderRegistry, org.apache.cxf.ws.policy.PolicyInterceptorProviderRegistry, org.apache.cxf.ws.policy.PolicyBuilder, org.apache.cxf.ws.policy.PolicyAnnotationListener, org.apache.cxf.ws.policy.attachment.ServiceModelPolicyProvider, org.apache.cxf.ws.policy.attachment.external.DomainExpressionBuilderRegistry, org.apache.cxf.ws.policy.attachment.external.EndpointReferenceDomainExpressionBuilder, org.apache.cxf.ws.policy.attachment.wsdl11.Wsdl11AttachmentPolicyProvider, org.apache.cxf.ws.policy.mtom.MTOMAssertionBuilder, org.apache.cxf.ws.policy.mtom.MTOMPolicyInterceptorProvider]
[10/19/20 11:00:49:638 PDT] 00000012 Service-182-com.ibm.ws.org.apache.geronimo.osgi.registry.1.1 I SPI-Provider Manifest header found in bundle: com.ibm.ws.org.apache.bval.1.1.0 Bundle:com.ibm.ws.org.apache.geronimo.osgi.registry.1.1(id=182)   
[10/19/20 11:00:49:934 PDT] 00000012 com.ibm.ws.cache.ServerCache                                 I DYNA1001I: WebSphere Dynamic Cache instance named baseCache initialized successfully.
[10/19/20 11:00:49:936 PDT] 00000012 com.ibm.ws.cache.ServerCache                                 I DYNA1071I: The cache provider default is being used.
[10/19/20 11:00:49:937 PDT] 00000012 com.ibm.ws.cache.CacheServiceImpl                            I DYNA1056I: Dynamic Cache (object cache) initialized successfully.
[10/19/20 11:00:50:328 PDT] 00000012 com.ibm.ws.transport.iiop.internal.ORBWrapperInternal        A CWWKI0001I: The CORBA name server is now available at corbaloc:iiop:localhost:2809/NameService.
[10/19/20 11:00:50:387 PDT] 00000012 Service-182-com.ibm.ws.org.apache.geronimo.osgi.registry.1.1 I SPI-Provider Manifest header found in bundle: com.ibm.ws.xlxp.1.5.3 Bundle:com.ibm.ws.org.apache.geronimo.osgi.registry.1.1(id=182)   
[10/19/20 11:00:50:715 PDT] 0000001f com.ibm.ws.app.manager.AppMessageHelper                      I CWWKZ0018I: Starting application DefaultApplication.
[10/19/20 11:00:51:598 PDT] 0000001f org.apache.cxf.management.jmx.InstrumentationManagerImpl     I registering MBean org.apache.cxf:bus.id=DefaultWebApplication-Server-Bus,type=Bus,instance.id=2072991233: org.apache.cxf.bus.ManagedBus@39b6c165
[10/19/20 11:00:51:619 PDT] 0000001f org.apache.cxf.management.jmx.InstrumentationManagerImpl     I registered org.apache.cxf:bus.id=DefaultWebApplication-Server-Bus,type=Bus,instance.id=2072991233
[10/19/20 11:00:51:660 PDT] 0000001f org.apache.cxf.management.jmx.InstrumentationManagerImpl     I registering MBean org.apache.cxf:bus.id=DefaultWebApplication-Server-Bus,WorkQueueManager=Bus.WorkQueueManager,type=WorkQueueManager,instance.id=652146975: org.apache.cxf.bus.managers.WorkQueueManagerImplMBeanWrapper@65bd80ef
[10/19/20 11:00:52:151 PDT] 0000001f com.ibm.ws.recoverylog.spi.RecoveryDirectorImpl              I CWRLS0010I: Performing recovery processing for local WebSphere server (DefaultApplicationServer).
[10/19/20 11:00:52:230 PDT] 0000001f com.ibm.ws.recoverylog.spi.RecoveryDirectorImpl              I CWRLS0012I: All persistent services have been directed to perform recovery processing for this WebSphere server (DefaultApplicationServer).
[10/19/20 11:00:52:230 PDT] 00000043 com.ibm.tx.jta.impl.RecoveryManager                          I WTRN0135I: Transaction service recovering no transactions.
[10/19/20 11:00:52:379 PDT] 0000001f SystemOut                                                    O [EL Info]: server: 2020-10-19 11:00:52.353--Detected server platform: org.eclipse.persistence.platform.server.was.WebSphere_Liberty_Platform.
[10/19/20 11:00:52:689 PDT] 0000001f org.jboss.weld.Version                                       I WELD-000900: 2.4.8 (Final)
[10/19/20 11:00:53:920 PDT] 0000001f com.ibm.ws.session.WASSessionCore                            I SESN8501I: The session manager did not find a persistent storage location; HttpSession objects will be stored in the local application server's memory.
[10/19/20 11:00:53:942 PDT] 0000001f com.ibm.ws.ejbcontainer.osgi.internal.EJBRuntimeImpl         I CNTR4000I: The DefaultWebApplication.war EJB module in the DefaultApplication application is starting.
[10/19/20 11:00:53:961 PDT] 0000001f com.ibm.ws.ejbcontainer.runtime.AbstractEJBRuntime           I CNTR0167I: The server is binding the com.ibm.defaultapplication.IncrementSSB interface of the IncrementSSB enterprise bean in the DefaultWebApplication.war module of the DefaultApplication application.  The binding location is: java:global/DefaultApplication/DefaultWebApplication/IncrementSSB!com.ibm.defaultapplication.IncrementSSB
[10/19/20 11:00:53:974 PDT] 0000001f com.ibm.ws.ejbcontainer.osgi.internal.EJBRuntimeImpl         I CNTR4001I: The DefaultWebApplication.war EJB module in the DefaultApplication application has started successfully.
[10/19/20 11:00:53:991 PDT] 0000001f com.ibm.ws.webcontainer.osgi.webapp.WebGroup                 I SRVE0169I: Loading Web Module: Default Web Application.
[10/19/20 11:00:53:993 PDT] 0000001f com.ibm.ws.webcontainer                                      I SRVE0250I: Web Module Default Web Application has been bound to default_host.
[10/19/20 11:00:53:994 PDT] 0000001f com.ibm.ws.http.internal.VirtualHostImpl                     A CWWKT0016I: Web application available (default_host): http://localhost:9080/
[10/19/20 11:00:54:008 PDT] 0000001f com.ibm.ws.app.manager.AppMessageHelper                      A CWWKZ0001I: Application DefaultApplication started in 3.293 seconds.
[10/19/20 11:00:54:103 PDT] 00000021 com.ibm.ws.session.WASSessionCore                            I SESN0176I: A new session context will be created for application key default_host/
[10/19/20 11:00:54:117 PDT] 00000019 com.ibm.ws.kernel.feature.internal.FeatureManager            A CWWKF0012I: The server installed the following features: [servlet-3.1, beanValidation-1.1, ssl-1.0, jndi-1.0, jca-1.7, jms-2.0, ejbPersistentTimer-3.2, appSecurity-2.0, j2eeManagement-1.1, jdbc-4.1, wasJmsServer-1.0, jaxrs-2.0, javaMail-1.5, cdi-1.2, webProfile-7.0, jcaInboundSecurity-1.0, jpa-2.1, jsp-2.3, ejbLite-3.2, managedBeans-1.0, jsf-2.2, ejbHome-3.2, jaxws-2.2, localConnector-1.0, jsonp-1.0, el-3.0, jaxrsClient-2.0, concurrent-1.0, appClientSupport-1.0, ejbRemote-3.2, javaee-7.0, jaxb-2.2, mdb-3.2, jacc-1.5, batch-1.0, ejb-3.2, json-1.0, jaspic-1.1, jpaContainer-2.1, distributedMap-1.0, websocket-1.1, wasJmsSecurity-1.0, wasJmsClient-2.0].
[10/19/20 11:00:54:118 PDT] 00000019 com.ibm.ws.kernel.feature.internal.FeatureManager            I CWWKF0008I: Feature update completed in 7.930 seconds.
[10/19/20 11:00:54:118 PDT] 00000019 com.ibm.ws.kernel.feature.internal.FeatureManager            A CWWKF0011I: The server DefaultApplicationServer is ready to run a smarter planet.
[10/19/20 11:00:54:164 PDT] 00000021 com.ibm.ws.util                                              I SESN0172I: The session manager is using the Java default SecureRandom implementation for session ID generation.
[10/19/20 11:00:54:424 PDT] 00000021 com.ibm.ws.cache.CacheServiceImpl                            I DYNA1056I: Dynamic Cache (object cache) initialized successfully.
[10/19/20 11:00:54:461 PDT] 00000025 com.ibm.ws.webcontainer.osgi.mbeans.PluginGenerator          I SRVE9103I: A configuration file for a web server plugin was automatically generated for this server at /home/ibmdemo/DefaultApplication/sample.DefaultApplication/modernized/DefaultApplication-ear/target/liberty/wlp/usr/servers/DefaultApplicationServer/logs/state/plugin-cfg.xml.
[10/19/20 11:00:54:577 PDT] 00000021 com.ibm.ws.webcontainer.security.ServletStartedListener      I CWWKS9122I:  For URL /snoop/* in application DefaultApplication, the following HTTP methods are uncovered, and accessible: PUT DELETE HEAD OPTIONS TRACE 
[10/19/20 11:00:54:578 PDT] 00000021 com.ibm.ws.webcontainer.security.ServletStartedListener      I CWWKS9122I:  For URL /servlet/SnoopServlet/* in application DefaultApplication, the following HTTP methods are uncovered, and accessible: PUT DELETE HEAD OPTIONS TRACE 
[10/19/20 11:25:42:274 PDT] 0000043d com.ibm.ws.webcontainer.servlet                              I SRVE0242I: [DefaultApplication] [/] [LaunchServices]: Initialization successful.
[10/19/20 11:25:42:281 PDT] 0000043d SystemOut                                                    O param1= snoop
[10/19/20 11:25:42:284 PDT] 0000043d com.ibm.ws.webcontainer.servlet                              I SRVE0242I: [DefaultApplication] [/] [Snoop Servlet]: Initialization successful.
[10/19/20 11:25:45:585 PDT] 0000043d SystemOut                                                    O param1= hitcount
[10/19/20 11:25:45:645 PDT] 0000043d com.ibm.ws.webcontainer.servlet                              I SRVE0242I: [DefaultApplication] [/] [Hit Count Servlet]: Initialization successful.
[10/19/20 11:25:45:707 PDT] 0000043d com.ibm.ws.webcontainer.servlet                              I SRVE0242I: [DefaultApplication] [/] [/HitCount.jsp]: Initialization successful.
[10/19/20 12:12:45:798 PDT] 00000bfe com.ibm.ws.runtime.update.internal.RuntimeUpdateManagerImpl  A CWWKE1100I: Waiting for up to 30 seconds for the server to quiesce.
[10/19/20 12:12:45:805 PDT] 00000bfa com.ibm.ws.tcpchannel.internal.TCPChannel                    I CWWKO0220I: TCP Channel defaultHttpEndpoint has stopped listening for requests on host localhost  (IPv4: 127.0.0.1) port 9080.
[10/19/20 12:12:45:813 PDT] 00000be7 com.ibm.ws.tcpchannel.internal.TCPChannel                    I CWWKO0220I: TCP Channel defaultHttpEndpoint-ssl has stopped listening for requests on host localhost  (IPv4: 127.0.0.1) port 9443.
[10/19/20 12:12:45:813 PDT] 00000be7 com.ibm.ws.http.internal.VirtualHostImpl                     A CWWKT0017I: Web application removed (default_host): https://localhost:9443/
[10/19/20 12:12:45:815 PDT] 00000be7 com.ibm.ws.tcpchannel.internal.TCPChannel                    I CWWKO0220I: TCP Channel wasJmsEndpoint344 has stopped listening for requests on host localhost  (IPv4: 127.0.0.1) port 7276.
[10/19/20 12:12:45:815 PDT] 00000be7 com.ibm.ws.tcpchannel.internal.TCPChannel                    I CWWKO0220I: TCP Channel wasJmsEndpoint344-ssl has stopped listening for requests on host localhost  (IPv4: 127.0.0.1) port 7286.
[10/19/20 12:12:45:832 PDT] 00000bfe .jbatch.container.services.impl.MemoryPersistenceManagerImpl I CWWKY0005I: The batch In-Memory persistence service is activated.
[10/19/20 12:12:45:832 PDT] 00000bfe com.ibm.jbatch.container.impl.BatchKernelImpl                I CWWKY0008I: The batch feature is using persistence type In-Memory.
[10/19/20 12:12:46:833 PDT] 00000bfe com.ibm.ws.runtime.update.internal.RuntimeUpdateManagerImpl  I CWWKE1101I: Server quiesce complete.
[10/19/20 12:12:46:916 PDT] 00000c00 com.ibm.ws.webcontainer.servlet                              I SRVE0253I: [DefaultApplication] [/] [LaunchServices]: Destroy successful.
[10/19/20 12:12:46:916 PDT] 00000c00 com.ibm.ws.webcontainer.servlet                              I SRVE0253I: [DefaultApplication] [/] [/HitCount.jsp]: Destroy successful.
[10/19/20 12:12:46:917 PDT] 00000c00 com.ibm.ws.webcontainer.servlet                              I SRVE0253I: [DefaultApplication] [/] [Snoop Servlet]: Destroy successful.
[10/19/20 12:12:46:917 PDT] 00000c00 com.ibm.ws.webcontainer.servlet                              I SRVE0253I: [DefaultApplication] [/] [Hit Count Servlet]: Destroy successful.
[10/19/20 12:12:46:924 PDT] 00000c00 com.ibm.ws.ejbcontainer.osgi.internal.EJBRuntimeImpl         I CNTR4003I: The DefaultWebApplication.war EJB module in the DefaultApplication application is stopping.
[10/19/20 12:12:46:937 PDT] 00000c00 com.ibm.ws.ejbcontainer.osgi.internal.EJBRuntimeImpl         I CNTR4004I: The DefaultWebApplication.war EJB module in the DefaultApplication application has stopped successfully.
[10/19/20 12:12:46:946 PDT] 00000c00 eclipselink.server                                           I CWWJP9990I: Detected server platform: org.eclipse.persistence.platform.server.was.WebSphere_Liberty_Platform.
[10/19/20 12:12:46:967 PDT] 00000c00 com.ibm.ws.app.manager.AppMessageHelper                      A CWWKZ0009I: The application DefaultApplication has stopped successfully.
[10/19/20 12:12:47:074 PDT] 00000c01 org.apache.yoko.orb.OCI.Transport                            I shutdown: iiop transport using socket Socket[addr=/127.0.0.1,port=38290,localport=2809]
[10/19/20 12:12:47:084 PDT] 00000c01 org.apache.yoko.orb.OCI.Transport                            I shutdown: iiop transport using socket 1e7b0dc3[SSL_NULL_WITH_NULL_NULL: Socket[addr=/127.0.0.1,port=48218,localport=9402]]
[10/19/20 12:12:47:088 PDT] 00000bfe com.ibm.ws.transport.iiop.internal.ORBWrapperInternal        A CWWKI0002I: The CORBA name server is no longer available at corbaloc:iiop:localhost:2809/NameService.
[10/19/20 12:12:47:101 PDT] 00000bfe .jbatch.container.services.impl.MemoryPersistenceManagerImpl I CWWKY0005I: The batch In-Memory persistence service is deactivated.
[10/19/20 12:12:47:503 PDT] 00000bfe com.ibm.tx.jta.impl.FailureScopeController                   A WTRN0105I: The transaction service has shutdown successfully with no transactions requiring recovery.
[10/19/20 12:12:47:600 PDT] 00000bfe com.ibm.ws.sib.utils.ras.SibMessage                          I  CWSIS1589I: The file store has stopped successfully.
[10/19/20 12:12:47:708 PDT] 00000bfe com.ibm.ws.sib.utils.ras.SibMessage                          I  CWSID0121I: JMS server stopped.  
[10/19/20 12:12:47:852 PDT] 00000bfe com.ibm.ws.security.ready.internal.SecurityReadyServiceImpl  I CWWKS0009I: The security service has stopped.
[10/19/20 12:12:47:862 PDT] 00000bfe ibm.ws.security.authentication.internal.jaas.JAASServiceImpl I CWWKS1124I: The collective authentication plugin with class name NullCollectiveAuthenticationPlugin has been deactivated. 
[10/19/20 12:12:47:871 PDT] 00000bfe org.apache.cxf.bus.osgi.CXFActivator                         I Removing the extensions for bundle 198
[10/19/20 12:12:47:871 PDT] 00000bfe org.apache.cxf.bus.osgi.CXFActivator                         I Removing the extensions for bundle 200
[10/19/20 12:12:47:871 PDT] 00000bfe org.apache.cxf.bus.osgi.CXFActivator                         I Removing the extensions for bundle 201
[10/19/20 12:12:47:871 PDT] 00000bfe org.apache.cxf.bus.osgi.CXFActivator                         I Removing the extensions for bundle 202
[10/19/20 12:12:47:871 PDT] 00000bfe org.apache.cxf.bus.osgi.CXFActivator                         I Removing the extensions for bundle 206
[10/19/20 12:12:47:871 PDT] 00000bfe org.apache.cxf.bus.osgi.CXFActivator                         I Removing the extensions for bundle 187
[10/19/20 12:12:47:872 PDT] 00000bfe org.apache.cxf.bus.osgi.CXFActivator                         I Removing the extensions for bundle 190
[10/19/20 12:12:48:086 PDT] 00000001 com.ibm.ws.kernel.launch.internal.FrameworkManager           A CWWKE0036I: The server DefaultApplicationServer stopped after 1 hours, 12 minutes, 3.029 seconds.
